\BOOKMARK [1][-]{section.1}{\376\377\000V\000e\000c\000t\000o\000r\000\040\000S\000p\000a\000c\000e}{}% 1
\BOOKMARK [2][-]{subsection.1.1}{\376\377\000V\000e\000c\000t\000o\000r\000\040\000S\000p\000a\000c\000e\000\040\000\050\000V\000,\000+\000,\000\051\000\040\000\050\000o\000v\000e\000r\000\040\000a\000\040\000f\000i\000e\000l\000d\000\040\000F\000\051}{section.1}% 2
\BOOKMARK [2][-]{subsection.1.2}{\376\377\000A\000\040\000f\000i\000e\000l\000d\000\040\000i\000s\000\040\000a\000\040\000v\000e\000c\000t\000o\000r\000\040\000s\000p\000a\000c\000e\000\040\000o\000v\000e\000r\000\040\000i\000t\000s\000\040\000s\000u\000b\000f\000i\000e\000l\000d}{section.1}% 3
\BOOKMARK [2][-]{subsection.1.3}{\376\377\000\040\000V\000e\000c\000t\000o\000r\000\040\000s\000u\000b\000s\000p\000a\000c\000e}{section.1}% 4
\BOOKMARK [2][-]{subsection.1.4}{\376\377\000L\000i\000n\000e\000a\000r\000\040\000i\000n\000d\000e\000p\000e\000n\000d\000e\000n\000t\000,\000\040\000L\000i\000n\000e\000a\000r\000\040\000c\000o\000m\000b\000i\000n\000a\000t\000i\000o\000n}{section.1}% 5
\BOOKMARK [2][-]{subsection.1.5}{\376\377\000s\000p\000a\000n\000\040\000V\000,\000\040\000b\000a\000s\000i\000s\000,\000\040\000d\000i\000m\000e\000n\000s\000i\000o\000n}{section.1}% 6
\BOOKMARK [2][-]{subsection.1.6}{\376\377\000S\000t\000a\000n\000d\000a\000r\000d\000\040\000b\000a\000s\000i\000s\000\040\000v\000e\000c\000t\000o\000r\000s}{section.1}% 7
\BOOKMARK [2][-]{subsection.1.7}{\376\377\000L\000i\000n\000e\000a\000r\000\040\000t\000r\000a\000n\000s\000f\000o\000r\000m\000a\000t\000i\000o\000n}{section.1}% 8
\BOOKMARK [2][-]{subsection.1.8}{\376\377\116\000\116\052\176\277\140\047\123\330\143\142\133\371\136\224\116\000\116\052\167\351\226\065\000,\000\040\176\277\140\047\123\330\143\142\167\351\226\065\166\370\116\130\116\315\116\072\176\277\140\047\123\330\143\142\167\351\226\065}{section.1}% 9
\BOOKMARK [2][-]{subsection.1.9}{\376\377\000G\000L\000\050\000V\000\051\000:\000\040\000i\000n\000v\000e\000r\000t\000i\000b\000l\000e\000\040\000l\000i\000n\000e\000a\000r\000\040\000t\000r\000a\000n\000s\000f\000o\000r\000m\000a\000t\000i\000o\000n\000s\000\040\000V\000\040\000V}{section.1}% 10
\BOOKMARK [1][-]{section.2}{\376\377\000E\000i\000g\000e\000n\000v\000a\000l\000u\000e\000s\000\040\000R\000e\000l\000a\000t\000e\000d}{}% 11
\BOOKMARK [2][-]{subsection.2.1}{\376\377\000E\000i\000g\000e\000n\000v\000a\000l\000u\000e\000s\000,\000\040\000E\000i\000g\000e\000n\000v\000e\000c\000t\000o\000r\000s}{section.2}% 12
\BOOKMARK [3][-]{subsubsection.2.1.1}{\376\377\000D\000e\000f\000i\000n\000i\000t\000i\000o\000n}{subsection.2.1}% 13
\BOOKMARK [3][-]{subsubsection.2.1.2}{\376\377\000D\000i\000a\000g\000o\000n\000a\000l\000i\000z\000a\000b\000l\000e\000\040\000M\000a\000t\000r\000i\000x}{subsection.2.1}% 14
\BOOKMARK [2][-]{subsection.2.2}{\376\377\000J\000a\000c\000o\000b\000i\000a\000n\000\040\000m\000a\000t\000r\000i\000x}{section.2}% 15
\BOOKMARK [2][-]{subsection.2.3}{\376\377\000H\000e\000s\000s\000i\000a\000n\000\040\000m\000a\000t\000r\000i\000x}{section.2}% 16
\BOOKMARK [2][-]{subsection.2.4}{\376\377\000P\000o\000s\000i\000t\000i\000v\000e\000\040\000D\000e\000f\000i\000n\000i\000t\000e\000\040\000M\000a\000t\000r\000i\000c\000e\000s}{section.2}% 17
\BOOKMARK [3][-]{subsubsection.2.4.1}{\376\377\000D\000e\000f\000i\000n\000i\000t\000i\000o\000n}{subsection.2.4}% 18
\BOOKMARK [3][-]{subsubsection.2.4.2}{\376\377\000D\000i\000a\000g\000o\000n\000a\000l\000\040\000m\000a\000t\000r\000i\000x\000\040\000s\000i\000t\000u\000a\000t\000i\000o\000n}{subsection.2.4}% 19
\BOOKMARK [3][-]{subsubsection.2.4.3}{\376\377\000U\000s\000i\000n\000g\000\040\000e\000i\000g\000e\000n\000v\000a\000l\000u\000e\000s}{subsection.2.4}% 20
\BOOKMARK [3][-]{subsubsection.2.4.4}{\376\377\000S\000y\000l\000v\000e\000s\000t\000e\000r\040\031\000s\000\040\000C\000r\000i\000t\000e\000r\000i\000o\000n}{subsection.2.4}% 21
\BOOKMARK [1][-]{section.3}{\376\377\000E\000u\000c\000l\000i\000d\000e\000a\000n\000\040\000g\000e\000o\000m\000e\000t\000r\000y\000\040\000b\000a\000s\000i\000c\000s}{}% 22
\BOOKMARK [2][-]{subsection.3.1}{\376\377\000N\000o\000r\000m}{section.3}% 23
\BOOKMARK [3][-]{subsubsection.3.1.1}{\376\377\000V\000e\000c\000t\000o\000r\000'\000s\000\040\000N\000o\000r\000m}{subsection.3.1}% 24
\BOOKMARK [3][-]{subsubsection.3.1.2}{\376\377\000M\000a\000t\000r\000i\000x\000'\000s\000\040\000N\000o\000r\000m}{subsection.3.1}% 25
\BOOKMARK [2][-]{subsection.3.2}{\376\377\000\040\000E\000u\000c\000l\000i\000d\000e\000a\000n\000\040\000d\000i\000s\000t\000a\000n\000c\000e\000,\000\040\000i\000n\000n\000e\000r\000\040\000p\000r\000o\000d\000u\000c\000t}{section.3}% 26
\BOOKMARK [2][-]{subsection.3.3}{\376\377\000I\000s\000o\000m\000e\000t\000r\000y}{section.3}% 27
\BOOKMARK [2][-]{subsection.3.4}{\376\377\000\040\000L\000i\000n\000e\000a\000r\000\040\000i\000s\000o\000m\000e\000t\000r\000i\000e\000s\000\040\000i\000.\000e\000.\000\040\000o\000r\000t\000h\000o\000g\000o\000n\000a\000l\000\040\000g\000r\000o\000u\000p}{section.3}% 28
\BOOKMARK [2][-]{subsection.3.5}{\376\377\000S\000p\000e\000c\000i\000a\000l\000\040\000o\000r\000t\000h\000o\000g\000o\000n\000a\000l\000\040\000g\000r\000o\000u\000p}{section.3}% 29
\BOOKMARK [2][-]{subsection.3.6}{\376\377\000t\000r\000a\000n\000s\000l\000a\000t\000i\000o\000n}{section.3}% 30
\BOOKMARK [2][-]{subsection.3.7}{\376\377\000A\000l\000l\000\040\000i\000s\000o\000m\000e\000t\000r\000i\000e\000s\000\040\000c\000a\000n\000\040\000b\000e\000\040\000r\000e\000p\000r\000e\000s\000e\000n\000t\000e\000d\000\040\000b\000y\000\040\000a\000\040\000c\000o\000m\000p\000o\000s\000i\000t\000i\000o\000n\000\040\000o\000f\000\040\000a\000\040\000t\000r\000a\000n\000s\000l\000a\000t\000i\000o\000n\000\040\000a\000n\000d\000\040\000a\000n\000\040\000o\000r\000t\000h\000o\000g\000o\000n\000a\000l\000\040\000t\000r\000a\000n\000s\000f\000o\000r\000m\000a\000t\000i\000o\000n}{section.3}% 31
\BOOKMARK [1][-]{section.4}{\376\377\000A\000l\000g\000e\000b\000r\000a\000\040\000C\000o\000m\000p\000u\000t\000a\000t\000i\000o\000n}{}% 32
\BOOKMARK [2][-]{subsection.4.1}{\376\377\000\040\000R\000a\000n\000d\000o\000m\000\040\000V\000e\000c\000t\000o\000r\000s}{section.4}% 33
\BOOKMARK [2][-]{subsection.4.2}{\376\377\167\351\226\065\154\102\133\374}{section.4}% 34
\BOOKMARK [2][-]{subsection.4.3}{\376\377\000L\000U\000\040\000D\000e\000c\000o\000m\000p\000o\000s\000i\000t\000i\000o\000n}{section.4}% 35
