\BOOKMARK [1][-]{section.1}{\376\377\000L\000e\000a\000r\000n\000i\000n\000g\000\040\000B\000a\000s\000i\000c\000s}{}% 1
\BOOKMARK [2][-]{subsection.1.1}{\376\377\000P\000a\000r\000a\000m\000e\000t\000e\000r\000s\000\040\000a\000n\000d\000\040\000H\000y\000p\000e\000r\000p\000a\000r\000a\000m\000e\000t\000e\000r\000s}{section.1}% 2
\BOOKMARK [2][-]{subsection.1.2}{\376\377\000N\000e\000u\000r\000a\000l\000\040\000N\000e\000t\000w\000o\000r\000k\000:\000\040\000B\000a\000c\000k\000\040\000P\000r\000o\000p\000a\000g\000a\000t\000i\000o\000n\000\040\000A\000l\000g\000o\000r\000i\000t\000h\000m}{section.1}% 3
\BOOKMARK [3][-]{subsubsection.1.2.1}{\376\377\000A\000c\000t\000i\000v\000a\000t\000i\000o\000n\000s}{subsection.1.2}% 4
\BOOKMARK [3][-]{subsubsection.1.2.2}{\376\377\000M\000u\000l\000t\000i\000l\000a\000y\000e\000r\000\040\000N\000e\000u\000r\000a\000l\000\040\000N\000e\000t\000w\000o\000r\000k}{subsection.1.2}% 5
\BOOKMARK [3][-]{subsubsection.1.2.3}{\376\377\000A\000\040\000S\000i\000m\000p\000l\000e\000\040\000E\000x\000a\000m\000p\000l\000e\000\040\000o\000f\000\040\000B\000a\000c\000k\000\040\000P\000r\000o\000p\000a\000g\000a\000t\000i\000o\000n\000\040\000A\000l\000g\000o\000r\000i\000t\000h\000m}{subsection.1.2}% 6
\BOOKMARK [3][-]{subsubsection.1.2.4}{\376\377\000B\000a\000c\000k\000\040\000P\000r\000o\000p\000a\000g\000a\000t\000i\000o\000n\000\040\000A\000l\000g\000o\000r\000i\000t\000h\000m}{subsection.1.2}% 7
\BOOKMARK [3][-]{subsubsection.1.2.5}{\376\377\000O\000t\000h\000e\000r\000\040\000M\000e\000t\000h\000o\000d\000s}{subsection.1.2}% 8
\BOOKMARK [2][-]{subsection.1.3}{\376\377\000P\000e\000r\000c\000e\000p\000t\000r\000o\000n\000\040\000A\000l\000g\000o\000r\000i\000t\000h\000m}{section.1}% 9
\BOOKMARK [3][-]{subsubsection.1.3.1}{\376\377\000G\000e\000n\000e\000r\000a\000l\000\040\000I\000d\000e\000a}{subsection.1.3}% 10
\BOOKMARK [3][-]{subsubsection.1.3.2}{\376\377\000A\000l\000g\000o\000r\000i\000t\000h\000m}{subsection.1.3}% 11
\BOOKMARK [3][-]{subsubsection.1.3.3}{\376\377\000L\000i\000m\000i\000t\000a\000t\000i\000o\000n\000s}{subsection.1.3}% 12
\BOOKMARK [2][-]{subsection.1.4}{\376\377\000A\000D\000A\000p\000t\000i\000v\000e\000\040\000L\000I\000n\000e\000a\000r\000\040\000N\000E\000u\000r\000o\000n\000\040\000\050\000A\000D\000A\000L\000I\000N\000E\000\051}{section.1}% 13
\BOOKMARK [3][-]{subsubsection.1.4.1}{\376\377\000G\000e\000n\000e\000r\000a\000l\000\040\000I\000d\000e\000a}{subsection.1.4}% 14
\BOOKMARK [3][-]{subsubsection.1.4.2}{\376\377\000W\000i\000d\000r\000o\000w\000-\000H\000o\000f\000f\000\040\000D\000e\000l\000t\000a\000\040\000R\000u\000l\000e}{subsection.1.4}% 15
\BOOKMARK [2][-]{subsection.1.5}{\376\377\000L\000o\000g\000i\000s\000t\000i\000c\000\040\000R\000e\000g\000r\000e\000s\000s\000i\000o\000n\000\040\000\050\000B\000i\000n\000a\000r\000y\000-\000c\000l\000a\000s\000s\000\040\000O\000u\000t\000p\000u\000t\000\051}{section.1}% 16
\BOOKMARK [3][-]{subsubsection.1.5.1}{\376\377\000G\000e\000n\000e\000r\000a\000t\000i\000v\000e\000\040\000a\000n\000d\000\040\000D\000i\000s\000c\000r\000i\000m\000i\000n\000a\000t\000i\000v\000e\000\040\000C\000l\000a\000s\000s\000i\000f\000i\000e\000r\000s}{subsection.1.5}% 17
\BOOKMARK [3][-]{subsubsection.1.5.2}{\376\377\000S\000i\000g\000m\000o\000i\000d\000\040\000f\000u\000n\000c\000t\000i\000o\000n}{subsection.1.5}% 18
\BOOKMARK [3][-]{subsubsection.1.5.3}{\376\377\000C\000r\000o\000s\000s\000-\000e\000n\000t\000r\000o\000p\000y\000\040\000L\000o\000s\000s\000\040\000F\000u\000n\000c\000t\000i\000o\000n}{subsection.1.5}% 19
\BOOKMARK [3][-]{subsubsection.1.5.4}{\376\377\000A\000l\000g\000o\000r\000i\000t\000h\000m}{subsection.1.5}% 20
\BOOKMARK [2][-]{subsection.1.6}{\376\377\000S\000o\000f\000t\000m\000a\000x\000\040\000R\000e\000g\000r\000e\000s\000s\000i\000o\000n\000\040\000\050\000M\000u\000l\000t\000i\000-\000c\000l\000a\000s\000s\000\040\000O\000u\000t\000p\000u\000t\000\051}{section.1}% 21
\BOOKMARK [3][-]{subsubsection.1.6.1}{\376\377\000M\000u\000l\000t\000i\000-\000C\000l\000a\000s\000s\000\040\000C\000l\000a\000s\000s\000i\000f\000i\000c\000a\000t\000i\000o\000n\000\040\000a\000n\000d\000\040\000M\000u\000l\000t\000i\000-\000L\000a\000b\000e\000l\000\040\000C\000l\000a\000s\000s\000i\000f\000i\000c\000a\000t\000i\000o\000n}{subsection.1.6}% 22
\BOOKMARK [3][-]{subsubsection.1.6.2}{\376\377\000O\000n\000e\000-\000h\000o\000t\000\040\000E\000n\000c\000o\000d\000i\000n\000g}{subsection.1.6}% 23
\BOOKMARK [3][-]{subsubsection.1.6.3}{\376\377\000S\000o\000f\000t\000m\000a\000x\000\040\000f\000u\000n\000c\000t\000i\000o\000n}{subsection.1.6}% 24
\BOOKMARK [3][-]{subsubsection.1.6.4}{\376\377\000C\000a\000t\000e\000g\000o\000r\000i\000c\000a\000l\000\040\000C\000r\000o\000s\000s\000-\000e\000n\000t\000r\000o\000p\000y\000\040\000L\000o\000s\000s\000\040\000F\000u\000n\000c\000t\000i\000o\000n}{subsection.1.6}% 25
\BOOKMARK [2][-]{subsection.1.7}{\376\377\000D\000e\000e\000p\000\040\000F\000e\000e\000d\000f\000o\000r\000w\000a\000r\000d\000\040\000N\000e\000t\000w\000o\000r\000k\000s}{section.1}% 26
\BOOKMARK [3][-]{subsubsection.1.7.1}{\376\377\000D\000e\000f\000i\000n\000i\000t\000i\000o\000n}{subsection.1.7}% 27
\BOOKMARK [3][-]{subsubsection.1.7.2}{\376\377\000U\000n\000i\000v\000e\000r\000s\000a\000l\000\040\000A\000p\000p\000r\000o\000x\000i\000m\000a\000t\000i\000o\000n\000\040\000T\000h\000e\000o\000r\000e\000m}{subsection.1.7}% 28
\BOOKMARK [2][-]{subsection.1.8}{\376\377\000\040\000M\000i\000n\000i\000-\000b\000a\000t\000c\000h\000\040\000O\000p\000t\000i\000m\000i\000z\000a\000t\000i\000o\000n}{section.1}% 29
\BOOKMARK [3][-]{subsubsection.1.8.1}{\376\377\000S\000t\000o\000c\000h\000a\000s\000t\000i\000c\000\040\000G\000r\000a\000d\000i\000e\000n\000t\000\040\000D\000e\000s\000c\000e\000n\000t\000\040\000\050\000S\000G\000D\000\051\000\040\000a\000n\000d\000\040\000B\000a\000t\000c\000h\000\040\000G\000r\000a\000d\000i\000e\000n\000t\000\040\000D\000e\000s\000c\000e\000n\000t\000\040\000\050\000B\000G\000D\000\051}{subsection.1.8}% 30
\BOOKMARK [3][-]{subsubsection.1.8.2}{\376\377\000M\000i\000n\000i\000-\000B\000a\000t\000c\000h\000\040\000G\000r\000a\000d\000i\000e\000n\000t\000\040\000D\000e\000s\000c\000e\000n\000t\000\040\000\050\000M\000B\000G\000D\000\051}{subsection.1.8}% 31
\BOOKMARK [2][-]{subsection.1.9}{\376\377\000W\000e\000i\000g\000h\000t\000\040\000I\000n\000i\000t\000i\000a\000l\000i\000z\000a\000t\000i\000o\000n}{section.1}% 32
\BOOKMARK [3][-]{subsubsection.1.9.1}{\376\377\000X\000a\000v\000i\000e\000r\000\040\000I\000n\000i\000t\000i\000a\000l\000i\000z\000a\000t\000i\000o\000n}{subsection.1.9}% 33
\BOOKMARK [3][-]{subsubsection.1.9.2}{\376\377\000H\000e\000\040\000A\000c\000t\000i\000v\000a\000t\000i\000o\000n}{subsection.1.9}% 34
\BOOKMARK [1][-]{section.2}{\376\377\000A\000d\000a\000p\000t\000i\000v\000e\000\040\000O\000p\000t\000i\000m\000i\000z\000a\000t\000i\000o\000n}{}% 35
\BOOKMARK [2][-]{subsection.2.1}{\376\377\000E\000x\000p\000o\000n\000e\000n\000t\000i\000a\000l\000l\000y\000\040\000W\000e\000i\000g\000h\000t\000e\000d\000\040\000M\000o\000v\000i\000n\000g\000\040\000A\000v\000e\000r\000a\000g\000e\000s}{section.2}% 36
\BOOKMARK [2][-]{subsection.2.2}{\376\377\000A\000d\000a\000p\000t\000i\000v\000e\000\040\000L\000e\000a\000r\000n\000i\000n\000g\000\040\000R\000a\000t\000e\000s}{section.2}% 37
\BOOKMARK [3][-]{subsubsection.2.2.1}{\376\377\000M\000o\000m\000e\000n\000t\000u\000m}{subsection.2.2}% 38
\BOOKMARK [3][-]{subsubsection.2.2.2}{\376\377\000R\000o\000o\000t\000\040\000M\000e\000a\000n\000\040\000S\000q\000u\000a\000r\000e\000\040\000P\000r\000o\000p\000a\000g\000a\000t\000i\000o\000n\000\040\000\050\000R\000M\000S\000P\000r\000o\000p\000\051}{subsection.2.2}% 39
\BOOKMARK [3][-]{subsubsection.2.2.3}{\376\377\000A\000d\000a\000p\000t\000i\000v\000e\000\040\000M\000o\000m\000e\000n\000t\000\040\000E\000s\000t\000i\000m\000a\000t\000i\000o\000n\000\040\000\050\000A\000D\000A\000M\000\051}{subsection.2.2}% 40
\BOOKMARK [1][-]{section.3}{\376\377\000C\000o\000n\000v\000o\000l\000u\000t\000i\000o\000n\000a\000l\000\040\000N\000e\000u\000r\000a\000l\000\040\000N\000e\000t\000w\000o\000r\000k\000\040\000\050\000C\000N\000N\000\051}{}% 41
\BOOKMARK [2][-]{subsection.3.1}{\376\377\000C\000o\000n\000v\000o\000l\000u\000t\000i\000o\000n\000\040\000a\000n\000d\000\040\000C\000r\000o\000s\000s\000-\000c\000o\000r\000r\000e\000l\000a\000t\000i\000o\000n}{section.3}% 42
\BOOKMARK [2][-]{subsection.3.2}{\376\377\000P\000a\000d\000d\000i\000n\000g\000\040\000\050\000c\000o\000v\000e\000r\000\040\000t\000h\000e\000\040\000b\000o\000r\000d\000e\000r\000\051}{section.3}% 43
\BOOKMARK [2][-]{subsection.3.3}{\376\377\000S\000t\000r\000i\000d\000e}{section.3}% 44
\BOOKMARK [2][-]{subsection.3.4}{\376\377\000O\000t\000h\000e\000r\000\040\000L\000a\000y\000e\000r\000\040\000T\000y\000p\000e\000s}{section.3}% 45
\BOOKMARK [3][-]{subsubsection.3.4.1}{\376\377\000P\000o\000o\000l\000i\000n\000g}{subsection.3.4}% 46
\BOOKMARK [3][-]{subsubsection.3.4.2}{\376\377\000U\000n\000p\000o\000o\000l\000i\000n\000g}{subsection.3.4}% 47
\BOOKMARK [2][-]{subsection.3.5}{\376\377\0003\000D\000\040\000C\000o\000n\000v\000o\000l\000u\000t\000i\000o\000n}{section.3}% 48
\BOOKMARK [1][-]{section.4}{\376\377\000G\000e\000n\000e\000r\000a\000t\000i\000v\000e\000\040\000m\000o\000d\000e\000l}{}% 49
\BOOKMARK [2][-]{subsection.4.1}{\376\377\000A\000u\000t\000o\000e\000n\000c\000o\000d\000e\000r\000s}{section.4}% 50
\BOOKMARK [3][-]{subsubsection.4.1.1}{\376\377\000B\000a\000s\000i\000c\000s}{subsection.4.1}% 51
\BOOKMARK [3][-]{subsubsection.4.1.2}{\376\377\000P\000C\000A\000\040\000a\000n\000d\000\040\000A\000u\000t\000o\000e\000n\000c\000o\000d\000e\000r\000s}{subsection.4.1}% 52
\BOOKMARK [3][-]{subsubsection.4.1.3}{\376\377\000T\000r\000a\000n\000s\000p\000o\000s\000e\000d\000\040\000C\000o\000n\000v\000o\000l\000u\000t\000i\000o\000n\000s\000\040\000\050\000u\000p\000s\000c\000a\000l\000e\000\040\000m\000e\000t\000h\000o\000d\000\051}{subsection.4.1}% 53
\BOOKMARK [1][-]{section.5}{\376\377\000S\000t\000a\000t\000i\000s\000t\000i\000c\000a\000l\000\040\000I\000n\000f\000e\000r\000e\000n\000c\000e}{}% 54
\BOOKMARK [2][-]{subsection.5.1}{\376\377\000B\000a\000s\000i\000c\000s}{section.5}% 55
\BOOKMARK [2][-]{subsection.5.2}{\376\377\000D\000e\000c\000i\000s\000i\000o\000n\000\040\000R\000u\000l\000e\000\040\000E\000x\000a\000m\000p\000l\000e\000s}{section.5}% 56
\BOOKMARK [2][-]{subsection.5.3}{\376\377\000M\000a\000x\000i\000m\000u\000m\000-\000L\000i\000k\000e\000l\000i\000h\000o\000o\000d\000\040\000P\000r\000i\000n\000c\000i\000p\000l\000e\000\040\000\050\000s\000t\000a\000t\000e\000\040\000i\000s\000\040\000n\000o\000r\000a\000n\000d\000o\000m\000\051}{section.5}% 57
\BOOKMARK [2][-]{subsection.5.4}{\376\377\000B\000a\000y\000e\000s\000i\000a\000n\000\040\000D\000e\000c\000i\000s\000i\000o\000n\000\040\000R\000u\000l\000e\000\040\000\050\000s\000t\000a\000t\000e\000\040\000i\000s\000\040\000r\000a\000n\000d\000o\000m\000\051}{section.5}% 58
\BOOKMARK [3][-]{subsubsection.5.4.1}{\376\377\000R\000u\000l\000e\000s}{subsection.5.4}% 59
\BOOKMARK [3][-]{subsubsection.5.4.2}{\376\377\000M\000a\000x\000i\000m\000u\000m\000\040\000A\000\040\000P\000o\000s\000t\000e\000r\000i\000o\000r\000i\000\040\000\050\000M\000A\000P\000\051\000\040\000D\000e\000c\000i\000s\000i\000o\000n\000\040\000R\000u\000l\000e\000\040\000\050\000B\000i\000n\000a\000r\000y\000\040\000e\000x\000a\000m\000p\000l\000e\000\051}{subsection.5.4}% 60
\BOOKMARK [3][-]{subsubsection.5.4.3}{\376\377\000M\000i\000n\000i\000m\000u\000m\000\040\000M\000e\000a\000n\000\040\000S\000q\000u\000a\000r\000e\000d\000\040\000E\000r\000r\000o\000r\000\040\000\050\000M\000M\000S\000E\000\051\000\040\000R\000u\000l\000e\000\040\000\050\000R\000n\000\040\000e\000x\000a\000m\000p\000l\000e\000\051}{subsection.5.4}% 61
\BOOKMARK [2][-]{subsection.5.5}{\376\377\000C\000o\000m\000p\000a\000r\000i\000s\000o\000n}{section.5}% 62
\BOOKMARK [1][-]{section.6}{\376\377\000M\000a\000c\000h\000i\000n\000e\000\040\000L\000e\000a\000r\000n\000i\000n\000g\000\040\000i\000n\000\040\000I\000n\000f\000e\000r\000e\000n\000c\000e}{}% 63
\BOOKMARK [2][-]{subsection.6.1}{\376\377\000E\000m\000p\000i\000r\000i\000c\000a\000l\000\040\000R\000i\000s\000k\000\040\000M\000i\000n\000i\000m\000i\000z\000a\000t\000i\000o\000n\000\040\000\050\000E\000R\000M\000\051}{section.6}% 64
\BOOKMARK [3][-]{subsubsection.6.1.1}{\376\377\000E\000x\000a\000m\000p\000l\000e\000:\000\040\000L\000i\000n\000e\000a\000r\000\040\000M\000M\000S\000E\000\040\000\050\000L\000M\000M\000S\000E\000\051\000\040\000e\000s\000t\000i\000m\000a\000t\000o\000r}{subsection.6.1}% 65
\BOOKMARK [3][-]{subsubsection.6.1.2}{\376\377\000P\000e\000n\000a\000l\000i\000z\000e\000d\000\040\000E\000R\000M}{subsection.6.1}% 66
\BOOKMARK [2][-]{subsection.6.2}{\376\377\000S\000t\000o\000c\000h\000a\000s\000t\000i\000c\000\040\000A\000p\000p\000r\000o\000x\000i\000m\000a\000t\000i\000o\000n}{section.6}% 67
\BOOKMARK [2][-]{subsection.6.3}{\376\377\000S\000t\000o\000c\000h\000a\000s\000t\000i\000c\000\040\000G\000r\000a\000d\000i\000e\000n\000t\000\040\000D\000e\000s\000c\000e\000n\000t\000\040\000\050\000S\000G\000D\000\051}{section.6}% 68
\BOOKMARK [2][-]{subsection.6.4}{\376\377\000S\000G\000D\000\040\000A\000p\000p\000l\000i\000c\000a\000t\000i\000o\000n\000\040\000t\000o\000\040\000E\000m\000p\000i\000r\000i\000c\000a\000l\000\040\000R\000i\000s\000k\000\040\000M\000i\000n\000i\000m\000i\000z\000a\000t\000i\000o\000n\000\040\000\050\000E\000R\000M\000\051}{section.6}% 69
\BOOKMARK [3][-]{subsubsection.6.4.1}{\376\377\000D\000i\000f\000f\000e\000r\000e\000n\000t\000\040\000G\000r\000a\000d\000i\000e\000n\000t\000\040\000D\000e\000s\000c\000e\000n\000t\000\040\000f\000o\000r\000\040\000E\000R\000M}{subsection.6.4}% 70
\BOOKMARK [3][-]{subsubsection.6.4.2}{\376\377\000C\000o\000n\000s\000t\000r\000a\000i\000n\000t\000s\000\040\000o\000n\000\040\000L\000e\000a\000r\000n\000i\000n\000g\000\040\000P\000r\000o\000b\000l\000e\000m}{subsection.6.4}% 71
\BOOKMARK [1][-]{section.7}{\376\377\000S\000t\000o\000c\000h\000a\000s\000t\000i\000c\000\040\000I\000n\000t\000e\000g\000r\000a\000t\000i\000o\000n\000\040\000M\000e\000t\000h\000o\000d\000s}{}% 72
\BOOKMARK [2][-]{subsection.7.1}{\376\377\000D\000e\000t\000e\000r\000m\000i\000n\000i\000s\000t\000i\000c\000\040\000M\000e\000t\000h\000o\000d\000s\000\040\000\050\000B\000e\000t\000t\000e\000r\000\040\000i\000n\000\040\000L\000o\000w\000\040\000D\000i\000m\000e\000n\000s\000i\000o\000n\000\051}{section.7}% 73
\BOOKMARK [3][-]{subsubsection.7.1.1}{\376\377\000R\000i\000e\000m\000a\000n\000n\000\040\000I\000n\000t\000e\000g\000r\000a\000t\000i\000o\000n}{subsection.7.1}% 74
\BOOKMARK [3][-]{subsubsection.7.1.2}{\376\377\000T\000r\000a\000p\000e\000z\000o\000i\000d\000a\000l\000\040\000R\000u\000l\000e}{subsection.7.1}% 75
\BOOKMARK [3][-]{subsubsection.7.1.3}{\376\377\000M\000u\000l\000t\000i\000d\000i\000m\000e\000n\000s\000i\000o\000n\000a\000l\000\040\000I\000n\000t\000e\000g\000r\000a\000t\000i\000o\000n}{subsection.7.1}% 76
\BOOKMARK [2][-]{subsection.7.2}{\376\377\000S\000t\000a\000c\000h\000a\000s\000t\000i\000c\000\040\000M\000e\000t\000h\000o\000d\000s\000\040\000\050\000B\000e\000t\000t\000e\000r\000\040\000i\000n\000\040\000H\000i\000g\000h\000\040\000D\000i\000m\000e\000n\000s\000i\000o\000n\000\051}{section.7}% 77
\BOOKMARK [3][-]{subsubsection.7.2.1}{\376\377\000C\000l\000a\000s\000s\000i\000c\000a\000l\000\040\000M\000o\000n\000t\000e\000\040\000C\000a\000r\000l\000o\000\040\000I\000n\000t\000e\000g\000r\000a\000t\000i\000o\000n}{subsection.7.2}% 78
\BOOKMARK [3][-]{subsubsection.7.2.2}{\376\377\000I\000m\000p\000o\000r\000t\000a\000n\000c\000e\000\040\000S\000a\000m\000p\000l\000i\000n\000g}{subsection.7.2}% 79
\BOOKMARK [1][-]{section.8}{\376\377\000B\000o\000o\000t\000s\000t\000r\000a\000p\000\040\000\050\000n\000o\000t\000\040\000e\000n\000o\000u\000g\000h\000\040\000d\000a\000t\000a\000\051}{}% 80
\BOOKMARK [2][-]{subsection.8.1}{\376\377\000R\000e\000s\000i\000d\000u\000a\000l\000\040\000B\000o\000o\000t\000s\000t\000r\000a\000p}{section.8}% 81
\BOOKMARK [1][-]{section.9}{\376\377\000P\000a\000r\000t\000i\000c\000l\000e\000\040\000F\000i\000l\000t\000e\000r\000i\000n\000g}{}% 82
\BOOKMARK [2][-]{subsection.9.1}{\376\377\000K\000a\000l\000m\000a\000n\000\040\000F\000i\000l\000t\000e\000r\000i\000n\000g\000\040\000\050\000L\000i\000n\000e\000a\000r\000\040\000D\000y\000n\000a\000m\000i\000c\000\040\000S\000y\000s\000t\000e\000m\000\051}{section.9}% 83
\BOOKMARK [2][-]{subsection.9.2}{\376\377\000P\000a\000r\000t\000i\000c\000l\000e\000\040\000F\000i\000l\000t\000e\000r\000i\000n\000g\000\040\000\050\000N\000o\000n\000l\000i\000n\000e\000a\000r\000\040\000D\000y\000n\000a\000m\000i\000c\000\040\000S\000y\000s\000t\000e\000m\000\051}{section.9}% 84
\BOOKMARK [3][-]{subsubsection.9.2.1}{\376\377\000B\000a\000y\000e\000s\000i\000a\000n\000\040\000R\000e\000c\000u\000r\000s\000i\000v\000e\000\040\000F\000i\000l\000t\000e\000r\000i\000n\000g}{subsection.9.2}% 85
\BOOKMARK [3][-]{subsubsection.9.2.2}{\376\377\000P\000a\000r\000t\000i\000c\000l\000e\000\040\000F\000i\000l\000t\000e\000r\000\040\000\050\000b\000o\000o\000t\000s\000t\000r\000a\000p\000\040\000f\000i\000l\000t\000e\000r\000\051}{subsection.9.2}% 86
\BOOKMARK [1][-]{section.10}{\376\377\000E\000M\000\040\000A\000l\000g\000o\000r\000i\000t\000h\000m}{}% 87
\BOOKMARK [2][-]{subsection.10.1}{\376\377\000G\000e\000n\000e\000r\000a\000l\000\040\000S\000t\000r\000u\000c\000t\000u\000r\000e\000\040\000o\000f\000\040\000t\000h\000e\000\040\000E\000M\000\040\000A\000l\000g\000o\000r\000i\000t\000h\000m}{section.10}% 88
\BOOKMARK [2][-]{subsection.10.2}{\376\377\000E\000x\000a\000m\000p\000l\000e\000\040\0001\000:\000\040\000V\000a\000r\000i\000a\000n\000c\000e\000\040\000E\000s\000t\000i\000m\000a\000t\000i\000o\000n}{section.10}% 89
\BOOKMARK [3][-]{subsubsection.10.2.1}{\376\377\000M\000a\000x\000i\000m\000u\000m\000-\000L\000i\000k\000e\000l\000i\000h\000o\000o\000d\000\040\000\050\000M\000L\000\051\000\040\000E\000s\000t\000i\000m\000a\000t\000i\000o\000n}{subsection.10.2}% 90
\BOOKMARK [3][-]{subsubsection.10.2.2}{\376\377\000E\000M\000\040\000A\000l\000g\000o\000r\000i\000t\000h\000m}{subsection.10.2}% 91
\BOOKMARK [2][-]{subsection.10.3}{\376\377\000E\000x\000a\000m\000p\000l\000e\000\040\0002\000:\000\040\000E\000s\000t\000i\000m\000a\000t\000i\000o\000n\000\040\000o\000f\000\040\000G\000a\000u\000s\000s\000i\000a\000n\000\040\000M\000i\000x\000t\000u\000r\000e\000s}{section.10}% 92
\BOOKMARK [3][-]{subsubsection.10.3.1}{\376\377\000U\000n\000k\000n\000o\000w\000n\000\040\000M\000e\000a\000n\000s\000:\000\040\000M\000L\000\040\000e\000s\000t\000i\000m\000a\000t\000i\000o\000n\000\040\000i\000s\000\040\000h\000a\000r\000d}{subsection.10.3}% 93
\BOOKMARK [3][-]{subsubsection.10.3.2}{\376\377\000U\000n\000k\000n\000o\000w\000n\000\040\000M\000e\000a\000n\000s\000:\000\040\000E\000M\000\040\000A\000l\000g\000o\000r\000i\000t\000h\000m}{subsection.10.3}% 94
\BOOKMARK [3][-]{subsubsection.10.3.3}{\376\377\000U\000n\000k\000n\000o\000w\000n\000\040\000M\000i\000x\000t\000u\000r\000e\000\040\000P\000r\000o\000b\000a\000b\000i\000l\000i\000t\000i\000e\000s\000,\000\040\000M\000e\000a\000n\000s\000\040\000a\000n\000d\000\040\000V\000a\000r\000i\000a\000n\000c\000e\000s}{subsection.10.3}% 95
\BOOKMARK [2][-]{subsection.10.4}{\376\377\000I\000n\000f\000o\000r\000m\000a\000t\000i\000o\000n\000-\000T\000h\000e\000o\000r\000e\000t\000i\000c\000\040\000F\000u\000n\000c\000t\000i\000o\000n\000a\000l}{section.10}% 96
\BOOKMARK [2][-]{subsection.10.5}{\376\377\000C\000o\000n\000v\000e\000r\000g\000e\000n\000c\000e\000\040\000o\000f\000\040\000E\000M\000\040\000A\000l\000g\000o\000r\000i\000t\000h\000m}{section.10}% 97
\BOOKMARK [2][-]{subsection.10.6}{\376\377\000E\000M\000\040\000A\000s\000\040\000a\000n\000\040\000A\000l\000t\000e\000r\000n\000a\000t\000i\000n\000g\000\040\000M\000a\000x\000i\000m\000i\000z\000a\000t\000i\000o\000n\000\040\000A\000l\000g\000o\000r\000i\000t\000h\000m}{section.10}% 98
\BOOKMARK [1][-]{section.11}{\376\377\000H\000i\000d\000d\000e\000n\000\040\000M\000a\000r\000k\000o\000v\000\040\000m\000o\000d\000e\000l\000\040\000\050\000H\000M\000M\000\051}{}% 99
\BOOKMARK [2][-]{subsection.11.1}{\376\377\000V\000i\000t\000e\000r\000b\000i\000\040\000A\000l\000g\000o\000r\000i\000t\000h\000m\000:\000\040\000\050\000M\000A\000P\000\051\000\040\000e\000s\000t\000i\000m\000a\000t\000e\000\040\000X\0001\000:\000t\000\040\000g\000i\000v\000e\000n\000\040\000Y\0001\000:\000t}{section.11}% 100
\BOOKMARK [3][-]{subsubsection.11.1.1}{\376\377\000M\000A\000P\000\040\000e\000s\000t\000i\000m\000a\000t\000i\000o\000n\000\040\000p\000r\000o\000b\000l\000e\000m}{subsection.11.1}% 101
\BOOKMARK [3][-]{subsubsection.11.1.2}{\376\377\000V\000i\000t\000e\000r\000b\000i\000\040\000A\000l\000g\000o\000r\000i\000t\000h\000m}{subsection.11.1}% 102
\BOOKMARK [2][-]{subsection.11.2}{\376\377\000B\000a\000y\000e\000s\000i\000a\000n\000\040\000E\000s\000t\000i\000m\000a\000t\000i\000o\000n\000\040\000o\000f\000\040\000a\000\040\000S\000e\000q\000u\000e\000n\000c\000e\000:\000\040\000N\000e\000e\000d\000\040\000\050\000M\000M\000S\000E\000\051\000\040\000e\000s\000t\000i\000m\000a\000t\000e\000\040\000X\0001\000:\000t\000\040\000g\000i\000v\000e\000n\000\040\000Y\0001\000:\000t}{section.11}% 103
\BOOKMARK [2][-]{subsection.11.3}{\376\377\000F\000o\000r\000w\000a\000r\000d\000-\000B\000a\000c\000k\000w\000a\000r\000d\000\040\000A\000l\000g\000o\000r\000i\000t\000h\000m\000:\000\040\000\050\000M\000M\000S\000E\000\051\000\040\000e\000s\000t\000i\000m\000a\000t\000e\000\040\000X\0001\000:\000t\000+\0001\000\040\000g\000i\000v\000e\000n\000\040\000Y\0001\000:\000t}{section.11}% 104
\BOOKMARK [3][-]{subsubsection.11.3.1}{\376\377\000t\000\050\000x\000\051\000\040\000P\000\173\000X\000t\000=\000x\000\040\000b\000o\000l\000d\0000\000m\000u\000\040\000m\000u\000m\000u\000\040\000Y\000Y\000Y\000Y\000Y\000Y\000=\000b\000o\000l\000d\0000\000m\000u\000\040\000m\000u\000m\000u\000\040\000y\000y\000y\000y\000y\000y\000\175}{subsection.11.3}% 105
\BOOKMARK [3][-]{subsubsection.11.3.2}{\376\377\000t\000\050\000x\000,\000\040\000x\000\051\000\040\000P\000\173\000X\000t\000=\000x\000,\000\040\000X\000t\000+\0001\000=\000x\000\040\000b\000o\000l\000d\0000\000m\000u\000\040\000m\000u\000m\000u\000\040\000Y\000Y\000Y\000Y\000Y\000Y\000=\000b\000o\000l\000d\0000\000m\000u\000\040\000m\000u\000m\000u\000\040\000y\000y\000y\000y\000y\000y\000\175}{subsection.11.3}% 106
\BOOKMARK [3][-]{subsubsection.11.3.3}{\376\377\000S\000c\000a\000l\000i\000n\000g\000\040\000F\000a\000c\000t\000o\000r\000s}{subsection.11.3}% 107
\BOOKMARK [1][-]{section.12}{\376\377\000G\000r\000a\000p\000h\000i\000c\000\040\000M\000o\000d\000e\000l\000s}{}% 108
\BOOKMARK [2][-]{subsection.12.1}{\376\377\000G\000r\000a\000p\000h\000\040\000T\000h\000e\000o\000r\000y}{section.12}% 109
\BOOKMARK [2][-]{subsection.12.2}{\376\377\000B\000a\000y\000e\000s\000i\000a\000n\000\040\000N\000e\000t\000w\000o\000r\000k\000s}{section.12}% 110
\BOOKMARK [2][-]{subsection.12.3}{\376\377\000M\000a\000r\000k\000o\000v\000\040\000N\000e\000t\000w\000o\000r\000k\000s}{section.12}% 111
\BOOKMARK [3][-]{subsubsection.12.3.1}{\376\377\000G\000e\000n\000e\000r\000a\000l\000\040\000F\000o\000r\000m}{subsection.12.3}% 112
\BOOKMARK [3][-]{subsubsection.12.3.2}{\376\377\000H\000a\000m\000m\000e\000r\000s\000l\000e\000y\000-\000C\000l\000i\000f\000f\000o\000r\000d\000\040\000t\000h\000e\000o\000r\000e\000m}{subsection.12.3}% 113
\BOOKMARK [3][-]{subsubsection.12.3.3}{\376\377\000F\000o\000r\000m\000\040\000o\000f\000\040\000G\000i\000b\000b\000s\000\040\000d\000i\000s\000t\000r\000i\000b\000u\000t\000i\000o\000n\000\040\000\050\000B\000o\000l\000t\000z\000m\000a\000n\000n\000\040\000d\000i\000s\000t\000r\000i\000b\000u\000t\000i\000o\000n\000\051}{subsection.12.3}% 114
\BOOKMARK [2][-]{subsection.12.4}{\376\377\000C\000o\000n\000v\000e\000r\000s\000i\000o\000n\000\040\000o\000f\000\040\000d\000i\000r\000e\000c\000t\000e\000d\000\040\000g\000r\000a\000p\000h\000\040\000t\000o\000\040\000u\000n\000d\000i\000r\000e\000c\000t\000e\000d\000\040\000g\000r\000a\000p\000h}{section.12}% 115
\BOOKMARK [2][-]{subsection.12.5}{\376\377\000\040\000I\000n\000f\000e\000r\000e\000n\000c\000e\000\040\000a\000n\000d\000\040\000L\000e\000a\000r\000n\000i\000n\000g}{section.12}% 116
\BOOKMARK [3][-]{subsubsection.12.5.1}{\376\377\000I\000n\000f\000e\000r\000e\000n\000c\000e\000\040\000o\000n\000\040\000T\000r\000e\000e\000s}{subsection.12.5}% 117
\BOOKMARK [1][-]{section.13}{\376\377\000V\000a\000r\000i\000a\000t\000i\000o\000n\000a\000l\000\040\000I\000n\000f\000e\000r\000e\000n\000c\000e\000,\000\040\000M\000e\000a\000n\000-\000F\000i\000e\000l\000d\000\040\000T\000e\000c\000h\000n\000i\000q\000u\000e\000s}{}% 118
\BOOKMARK [2][-]{subsection.13.1}{\376\377\000N\000a\000i\000v\000e\000\040\000M\000e\000a\000n\000-\000F\000i\000e\000l\000d\000\040\000M\000e\000t\000h\000o\000d\000s}{section.13}% 119
\BOOKMARK [3][-]{subsubsection.13.1.1}{\376\377\000G\000r\000a\000p\000h\000i\000c\000a\000l\000\040\000M\000o\000d\000e\000l\000s}{subsection.13.1}% 120
\BOOKMARK [3][-]{subsubsection.13.1.2}{\376\377\000I\000s\000i\000n\000g\000\040\000M\000o\000d\000e\000l}{subsection.13.1}% 121
\BOOKMARK [2][-]{subsection.13.2}{\376\377\000E\000x\000p\000o\000n\000e\000n\000t\000i\000a\000l\000\040\000F\000a\000m\000i\000l\000i\000e\000s\000\040\000o\000f\000\040\000P\000r\000o\000b\000a\000b\000i\000l\000i\000t\000y\000\040\000D\000i\000s\000t\000r\000i\000b\000u\000t\000i\000o\000n\000s}{section.13}% 122
\BOOKMARK [2][-]{subsection.13.3}{\376\377\000M\000L\000\040\000E\000s\000t\000i\000m\000a\000t\000i\000o\000n}{section.13}% 123
\BOOKMARK [2][-]{subsection.13.4}{\376\377\000M\000a\000x\000i\000m\000u\000m\000\040\000E\000n\000t\000r\000o\000p\000y}{section.13}% 124
\BOOKMARK [2][-]{subsection.13.5}{}{section.13}% 125
\BOOKMARK [2][-]{subsection.13.6}{\376\377\000C\000o\000n\000n\000e\000c\000t\000i\000o\000n\000\040\000b\000e\000t\000w\000e\000e\000n\000\040\000E\000x\000p\000o\000n\000e\000n\000t\000i\000a\000l\000\040\000F\000a\000m\000i\000l\000i\000e\000s\000\040\000a\000n\000d\000\040\000G\000r\000a\000p\000h\000i\000c\000\040\000M\000o\000d\000e\000l\000s}{section.13}% 126
\BOOKMARK [3][-]{subsubsection.13.6.1}{\376\377\000M\000a\000r\000g\000i\000n\000a\000l\000\040\000p\000o\000l\000y\000t\000o\000p\000e}{subsection.13.6}% 127
\BOOKMARK [3][-]{subsubsection.13.6.2}{\376\377\000L\000o\000c\000a\000l\000l\000y\000\040\000C\000o\000n\000s\000i\000s\000t\000e\000n\000t\000\040\000M\000a\000r\000g\000i\000n\000a\000l\000\040\000D\000i\000s\000t\000r\000i\000b\000u\000t\000i\000o\000n\000s}{subsection.13.6}% 128
\BOOKMARK [3][-]{subsubsection.13.6.3}{\376\377\000E\000n\000t\000r\000o\000p\000y\000\040\000o\000n\000\040\000T\000r\000e\000e\000\040\000G\000r\000a\000p\000h\000s}{subsection.13.6}% 129
