This is pdfTeX, Version 3.141592653-2.6-1.40.24 (TeX Live 2022) (preloaded format=pdflatex 2022.9.21)  29 SEP 2022 14:38
entering extended mode
 restricted \write18 enabled.
 file:line:error style messages enabled.
 %&-line parsing enabled.
**"/Users/yangwenxiao/Desktop/Note/Inference and Learning/Inference and Learning"
(/Users/yangwenxiao/Desktop/Note/Inference and Learning/Inference and Learning.tex
LaTeX2e <2022-06-01> patch level 5
L3 programming layer <2022-08-30> (/usr/local/texlive/2022/texmf-dist/tex/latex/base/article.cls
Document Class: article 2021/10/04 v1.4n Standard LaTeX document class
(/usr/local/texlive/2022/texmf-dist/tex/latex/base/size11.clo
File: size11.clo 2021/10/04 v1.4n Standard LaTeX file (size option)
)
\c@part=\count185
\c@section=\count186
\c@subsection=\count187
\c@subsubsection=\count188
\c@paragraph=\count189
\c@subparagraph=\count190
\c@figure=\count191
\c@table=\count192
\abovecaptionskip=\skip47
\belowcaptionskip=\skip48
\bibindent=\dimen138
) (/usr/local/texlive/2022/texmf-dist/tex/latex/base/inputenc.sty
Package: inputenc 2021/02/14 v1.3d Input encoding file
\inpenc@prehook=\toks16
\inpenc@posthook=\toks17
) (/usr/local/texlive/2022/texmf-dist/tex/latex/base/fontenc.sty
Package: fontenc 2021/04/29 v2.0v Standard LaTeX package
) (/usr/local/texlive/2022/texmf-dist/tex/latex/preprint/authblk.sty
Package: authblk 2001/02/27 1.3 (PWD)
\affilsep=\skip49
\@affilsep=\skip50
\c@Maxaffil=\count193
\c@authors=\count194
\c@affil=\count195
) (/usr/local/texlive/2022/texmf-dist/tex/latex/pgf/frontendlayer/tikz.sty (/usr/local/texlive/2022/texmf-dist/tex/latex/pgf/basiclayer/pgf.sty (/usr/local/texlive/2022/texmf-dist/tex/latex/pgf/utilities/pgfrcs.sty (/usr/local/texlive/2022/texmf-dist/tex/generic/pgf/utilities/pgfutil-common.tex
\pgfutil@everybye=\toks18
\pgfutil@tempdima=\dimen139
\pgfutil@tempdimb=\dimen140
 (/usr/local/texlive/2022/texmf-dist/tex/generic/pgf/utilities/pgfutil-common-lists.tex)) (/usr/local/texlive/2022/texmf-dist/tex/generic/pgf/utilities/pgfutil-latex.def
\pgfutil@abb=\box51
) (/usr/local/texlive/2022/texmf-dist/tex/generic/pgf/utilities/pgfrcs.code.tex (/usr/local/texlive/2022/texmf-dist/tex/generic/pgf/pgf.revision.tex)
Package: pgfrcs 2021/05/15 v3.1.9a (3.1.9a)
))
Package: pgf 2021/05/15 v3.1.9a (3.1.9a)
 (/usr/local/texlive/2022/texmf-dist/tex/latex/pgf/basiclayer/pgfcore.sty (/usr/local/texlive/2022/texmf-dist/tex/latex/graphics/graphicx.sty
Package: graphicx 2021/09/16 v1.2d Enhanced LaTeX Graphics (DPC,SPQR)
 (/usr/local/texlive/2022/texmf-dist/tex/latex/graphics/keyval.sty
Package: keyval 2022/05/29 v1.15 key=value parser (DPC)
\KV@toks@=\toks19
) (/usr/local/texlive/2022/texmf-dist/tex/latex/graphics/graphics.sty
Package: graphics 2022/03/10 v1.4e Standard LaTeX Graphics (DPC,SPQR)
 (/usr/local/texlive/2022/texmf-dist/tex/latex/graphics/trig.sty
Package: trig 2021/08/11 v1.11 sin cos tan (DPC)
) (/usr/local/texlive/2022/texmf-dist/tex/latex/graphics-cfg/graphics.cfg
File: graphics.cfg 2016/06/04 v1.11 sample graphics configuration
)
Package graphics Info: Driver file: pdftex.def on input line 107.
 (/usr/local/texlive/2022/texmf-dist/tex/latex/graphics-def/pdftex.def
File: pdftex.def 2020/10/05 v1.2a Graphics/color driver for pdftex
))
\Gin@req@height=\dimen141
\Gin@req@width=\dimen142
) (/usr/local/texlive/2022/texmf-dist/tex/latex/pgf/systemlayer/pgfsys.sty (/usr/local/texlive/2022/texmf-dist/tex/generic/pgf/systemlayer/pgfsys.code.tex
Package: pgfsys 2021/05/15 v3.1.9a (3.1.9a)
 (/usr/local/texlive/2022/texmf-dist/tex/generic/pgf/utilities/pgfkeys.code.tex
\pgfkeys@pathtoks=\toks20
\pgfkeys@temptoks=\toks21
 (/usr/local/texlive/2022/texmf-dist/tex/generic/pgf/utilities/pgfkeysfiltered.code.tex
\pgfkeys@tmptoks=\toks22
))
\pgf@x=\dimen143
\pgf@y=\dimen144
\pgf@xa=\dimen145
\pgf@ya=\dimen146
\pgf@xb=\dimen147
\pgf@yb=\dimen148
\pgf@xc=\dimen149
\pgf@yc=\dimen150
\pgf@xd=\dimen151
\pgf@yd=\dimen152
\w@pgf@writea=\write3
\r@pgf@reada=\read2
\c@pgf@counta=\count196
\c@pgf@countb=\count197
\c@pgf@countc=\count198
\c@pgf@countd=\count199
\t@pgf@toka=\toks23
\t@pgf@tokb=\toks24
\t@pgf@tokc=\toks25
\pgf@sys@id@count=\count266
 (/usr/local/texlive/2022/texmf-dist/tex/generic/pgf/systemlayer/pgf.cfg
File: pgf.cfg 2021/05/15 v3.1.9a (3.1.9a)
)
Driver file for pgf: pgfsys-pdftex.def
 (/usr/local/texlive/2022/texmf-dist/tex/generic/pgf/systemlayer/pgfsys-pdftex.def
File: pgfsys-pdftex.def 2021/05/15 v3.1.9a (3.1.9a)
 (/usr/local/texlive/2022/texmf-dist/tex/generic/pgf/systemlayer/pgfsys-common-pdf.def
File: pgfsys-common-pdf.def 2021/05/15 v3.1.9a (3.1.9a)
))) (/usr/local/texlive/2022/texmf-dist/tex/generic/pgf/systemlayer/pgfsyssoftpath.code.tex
File: pgfsyssoftpath.code.tex 2021/05/15 v3.1.9a (3.1.9a)
\pgfsyssoftpath@smallbuffer@items=\count267
\pgfsyssoftpath@bigbuffer@items=\count268
) (/usr/local/texlive/2022/texmf-dist/tex/generic/pgf/systemlayer/pgfsysprotocol.code.tex
File: pgfsysprotocol.code.tex 2021/05/15 v3.1.9a (3.1.9a)
)) (/usr/local/texlive/2022/texmf-dist/tex/latex/xcolor/xcolor.sty
Package: xcolor 2022/06/12 v2.14 LaTeX color extensions (UK)
 (/usr/local/texlive/2022/texmf-dist/tex/latex/graphics-cfg/color.cfg
File: color.cfg 2016/01/02 v1.6 sample color configuration
)
Package xcolor Info: Driver file: pdftex.def on input line 227.
 (/usr/local/texlive/2022/texmf-dist/tex/latex/graphics/mathcolor.ltx)
Package xcolor Info: Model `cmy' substituted by `cmy0' on input line 1353.
Package xcolor Info: Model `hsb' substituted by `rgb' on input line 1357.
Package xcolor Info: Model `RGB' extended on input line 1369.
Package xcolor Info: Model `HTML' substituted by `rgb' on input line 1371.
Package xcolor Info: Model `Hsb' substituted by `hsb' on input line 1372.
Package xcolor Info: Model `tHsb' substituted by `hsb' on input line 1373.
Package xcolor Info: Model `HSB' substituted by `hsb' on input line 1374.
Package xcolor Info: Model `Gray' substituted by `gray' on input line 1375.
Package xcolor Info: Model `wave' substituted by `hsb' on input line 1376.
) (/usr/local/texlive/2022/texmf-dist/tex/generic/pgf/basiclayer/pgfcore.code.tex
Package: pgfcore 2021/05/15 v3.1.9a (3.1.9a)
 (/usr/local/texlive/2022/texmf-dist/tex/generic/pgf/math/pgfmath.code.tex (/usr/local/texlive/2022/texmf-dist/tex/generic/pgf/math/pgfmathcalc.code.tex (/usr/local/texlive/2022/texmf-dist/tex/generic/pgf/math/pgfmathutil.code.tex) (/usr/local/texlive/2022/texmf-dist/tex/generic/pgf/math/pgfmathparser.code.tex
\pgfmath@dimen=\dimen153
\pgfmath@count=\count269
\pgfmath@box=\box52
\pgfmath@toks=\toks26
\pgfmath@stack@operand=\toks27
\pgfmath@stack@operation=\toks28
) (/usr/local/texlive/2022/texmf-dist/tex/generic/pgf/math/pgfmathfunctions.code.tex (/usr/local/texlive/2022/texmf-dist/tex/generic/pgf/math/pgfmathfunctions.basic.code.tex) (/usr/local/texlive/2022/texmf-dist/tex/generic/pgf/math/pgfmathfunctions.trigonometric.code.tex) (/usr/local/texlive/2022/texmf-dist/tex/generic/pgf/math/pgfmathfunctions.random.code.tex) (/usr/local/texlive/2022/texmf-dist/tex/generic/pgf/math/pgfmathfunctions.comparison.code.tex) (/usr/local/texlive/2022/texmf-dist/tex/generic/pgf/math/pgfmathfunctions.base.code.tex) (/usr/local/texlive/2022/texmf-dist/tex/generic/pgf/math/pgfmathfunctions.round.code.tex) (/usr/local/texlive/2022/texmf-dist/tex/generic/pgf/math/pgfmathfunctions.misc.code.tex) (/usr/local/texlive/2022/texmf-dist/tex/generic/pgf/math/pgfmathfunctions.integerarithmetics.code.tex))) (/usr/local/texlive/2022/texmf-dist/tex/generic/pgf/math/pgfmathfloat.code.tex
\c@pgfmathroundto@lastzeros=\count270
)) (/usr/local/texlive/2022/texmf-dist/tex/generic/pgf/math/pgfint.code.tex) (/usr/local/texlive/2022/texmf-dist/tex/generic/pgf/basiclayer/pgfcorepoints.code.tex
File: pgfcorepoints.code.tex 2021/05/15 v3.1.9a (3.1.9a)
\pgf@picminx=\dimen154
\pgf@picmaxx=\dimen155
\pgf@picminy=\dimen156
\pgf@picmaxy=\dimen157
\pgf@pathminx=\dimen158
\pgf@pathmaxx=\dimen159
\pgf@pathminy=\dimen160
\pgf@pathmaxy=\dimen161
\pgf@xx=\dimen162
\pgf@xy=\dimen163
\pgf@yx=\dimen164
\pgf@yy=\dimen165
\pgf@zx=\dimen166
\pgf@zy=\dimen167
) (/usr/local/texlive/2022/texmf-dist/tex/generic/pgf/basiclayer/pgfcorepathconstruct.code.tex
File: pgfcorepathconstruct.code.tex 2021/05/15 v3.1.9a (3.1.9a)
\pgf@path@lastx=\dimen168
\pgf@path@lasty=\dimen169
) (/usr/local/texlive/2022/texmf-dist/tex/generic/pgf/basiclayer/pgfcorepathusage.code.tex
File: pgfcorepathusage.code.tex 2021/05/15 v3.1.9a (3.1.9a)
\pgf@shorten@end@additional=\dimen170
\pgf@shorten@start@additional=\dimen171
) (/usr/local/texlive/2022/texmf-dist/tex/generic/pgf/basiclayer/pgfcorescopes.code.tex
File: pgfcorescopes.code.tex 2021/05/15 v3.1.9a (3.1.9a)
\pgfpic=\box53
\pgf@hbox=\box54
\pgf@layerbox@main=\box55
\pgf@picture@serial@count=\count271
) (/usr/local/texlive/2022/texmf-dist/tex/generic/pgf/basiclayer/pgfcoregraphicstate.code.tex
File: pgfcoregraphicstate.code.tex 2021/05/15 v3.1.9a (3.1.9a)
\pgflinewidth=\dimen172
) (/usr/local/texlive/2022/texmf-dist/tex/generic/pgf/basiclayer/pgfcoretransformations.code.tex
File: pgfcoretransformations.code.tex 2021/05/15 v3.1.9a (3.1.9a)
\pgf@pt@x=\dimen173
\pgf@pt@y=\dimen174
\pgf@pt@temp=\dimen175
) (/usr/local/texlive/2022/texmf-dist/tex/generic/pgf/basiclayer/pgfcorequick.code.tex
File: pgfcorequick.code.tex 2021/05/15 v3.1.9a (3.1.9a)
) (/usr/local/texlive/2022/texmf-dist/tex/generic/pgf/basiclayer/pgfcoreobjects.code.tex
File: pgfcoreobjects.code.tex 2021/05/15 v3.1.9a (3.1.9a)
) (/usr/local/texlive/2022/texmf-dist/tex/generic/pgf/basiclayer/pgfcorepathprocessing.code.tex
File: pgfcorepathprocessing.code.tex 2021/05/15 v3.1.9a (3.1.9a)
) (/usr/local/texlive/2022/texmf-dist/tex/generic/pgf/basiclayer/pgfcorearrows.code.tex
File: pgfcorearrows.code.tex 2021/05/15 v3.1.9a (3.1.9a)
\pgfarrowsep=\dimen176
) (/usr/local/texlive/2022/texmf-dist/tex/generic/pgf/basiclayer/pgfcoreshade.code.tex
File: pgfcoreshade.code.tex 2021/05/15 v3.1.9a (3.1.9a)
\pgf@max=\dimen177
\pgf@sys@shading@range@num=\count272
\pgf@shadingcount=\count273
) (/usr/local/texlive/2022/texmf-dist/tex/generic/pgf/basiclayer/pgfcoreimage.code.tex
File: pgfcoreimage.code.tex 2021/05/15 v3.1.9a (3.1.9a)
 (/usr/local/texlive/2022/texmf-dist/tex/generic/pgf/basiclayer/pgfcoreexternal.code.tex
File: pgfcoreexternal.code.tex 2021/05/15 v3.1.9a (3.1.9a)
\pgfexternal@startupbox=\box56
)) (/usr/local/texlive/2022/texmf-dist/tex/generic/pgf/basiclayer/pgfcorelayers.code.tex
File: pgfcorelayers.code.tex 2021/05/15 v3.1.9a (3.1.9a)
) (/usr/local/texlive/2022/texmf-dist/tex/generic/pgf/basiclayer/pgfcoretransparency.code.tex
File: pgfcoretransparency.code.tex 2021/05/15 v3.1.9a (3.1.9a)
) (/usr/local/texlive/2022/texmf-dist/tex/generic/pgf/basiclayer/pgfcorepatterns.code.tex
File: pgfcorepatterns.code.tex 2021/05/15 v3.1.9a (3.1.9a)
) (/usr/local/texlive/2022/texmf-dist/tex/generic/pgf/basiclayer/pgfcorerdf.code.tex
File: pgfcorerdf.code.tex 2021/05/15 v3.1.9a (3.1.9a)
))) (/usr/local/texlive/2022/texmf-dist/tex/generic/pgf/modules/pgfmoduleshapes.code.tex
File: pgfmoduleshapes.code.tex 2021/05/15 v3.1.9a (3.1.9a)
\pgfnodeparttextbox=\box57
) (/usr/local/texlive/2022/texmf-dist/tex/generic/pgf/modules/pgfmoduleplot.code.tex
File: pgfmoduleplot.code.tex 2021/05/15 v3.1.9a (3.1.9a)
) (/usr/local/texlive/2022/texmf-dist/tex/latex/pgf/compatibility/pgfcomp-version-0-65.sty
Package: pgfcomp-version-0-65 2021/05/15 v3.1.9a (3.1.9a)
\pgf@nodesepstart=\dimen178
\pgf@nodesepend=\dimen179
) (/usr/local/texlive/2022/texmf-dist/tex/latex/pgf/compatibility/pgfcomp-version-1-18.sty
Package: pgfcomp-version-1-18 2021/05/15 v3.1.9a (3.1.9a)
)) (/usr/local/texlive/2022/texmf-dist/tex/latex/pgf/utilities/pgffor.sty (/usr/local/texlive/2022/texmf-dist/tex/latex/pgf/utilities/pgfkeys.sty (/usr/local/texlive/2022/texmf-dist/tex/generic/pgf/utilities/pgfkeys.code.tex)) (/usr/local/texlive/2022/texmf-dist/tex/latex/pgf/math/pgfmath.sty (/usr/local/texlive/2022/texmf-dist/tex/generic/pgf/math/pgfmath.code.tex)) (/usr/local/texlive/2022/texmf-dist/tex/generic/pgf/utilities/pgffor.code.tex
Package: pgffor 2021/05/15 v3.1.9a (3.1.9a)
 (/usr/local/texlive/2022/texmf-dist/tex/generic/pgf/math/pgfmath.code.tex)
\pgffor@iter=\dimen180
\pgffor@skip=\dimen181
\pgffor@stack=\toks29
\pgffor@toks=\toks30
)) (/usr/local/texlive/2022/texmf-dist/tex/generic/pgf/frontendlayer/tikz/tikz.code.tex
Package: tikz 2021/05/15 v3.1.9a (3.1.9a)
 (/usr/local/texlive/2022/texmf-dist/tex/generic/pgf/libraries/pgflibraryplothandlers.code.tex
File: pgflibraryplothandlers.code.tex 2021/05/15 v3.1.9a (3.1.9a)
\pgf@plot@mark@count=\count274
\pgfplotmarksize=\dimen182
)
\tikz@lastx=\dimen183
\tikz@lasty=\dimen184
\tikz@lastxsaved=\dimen185
\tikz@lastysaved=\dimen186
\tikz@lastmovetox=\dimen187
\tikz@lastmovetoy=\dimen188
\tikzleveldistance=\dimen189
\tikzsiblingdistance=\dimen190
\tikz@figbox=\box58
\tikz@figbox@bg=\box59
\tikz@tempbox=\box60
\tikz@tempbox@bg=\box61
\tikztreelevel=\count275
\tikznumberofchildren=\count276
\tikznumberofcurrentchild=\count277
\tikz@fig@count=\count278
 (/usr/local/texlive/2022/texmf-dist/tex/generic/pgf/modules/pgfmodulematrix.code.tex
File: pgfmodulematrix.code.tex 2021/05/15 v3.1.9a (3.1.9a)
\pgfmatrixcurrentrow=\count279
\pgfmatrixcurrentcolumn=\count280
\pgf@matrix@numberofcolumns=\count281
)
\tikz@expandcount=\count282
 (/usr/local/texlive/2022/texmf-dist/tex/generic/pgf/frontendlayer/tikz/libraries/tikzlibrarytopaths.code.tex
File: tikzlibrarytopaths.code.tex 2021/05/15 v3.1.9a (3.1.9a)
))) (/usr/local/texlive/2022/texmf-dist/tex/latex/pgfplots/pgfplots.sty (/usr/local/texlive/2022/texmf-dist/tex/generic/pgfplots/pgfplots.revision.tex)
Package: pgfplots 2021/05/15 v1.18.1 Data Visualization (1.18.1)
 (/usr/local/texlive/2022/texmf-dist/tex/generic/pgfplots/pgfplots.code.tex (/usr/local/texlive/2022/texmf-dist/tex/generic/pgfplots/pgfplotscore.code.tex
\t@pgfplots@toka=\toks31
\t@pgfplots@tokb=\toks32
\t@pgfplots@tokc=\toks33
\pgfplots@tmpa=\dimen191
\c@pgfplots@coordindex=\count283
\c@pgfplots@scanlineindex=\count284
 (/usr/local/texlive/2022/texmf-dist/tex/generic/pgfplots/sys/pgfplotssysgeneric.code.tex)) (/usr/local/texlive/2022/texmf-dist/tex/generic/pgfplots/libs/pgfplotslibrary.code.tex) (/usr/local/texlive/2022/texmf-dist/tex/generic/pgfplots/oldpgfcompatib/pgfplotsoldpgfsupp_loader.code.tex (/usr/local/texlive/2022/texmf-dist/tex/generic/pgf/libraries/pgflibraryfpu.code.tex)) (/usr/local/texlive/2022/texmf-dist/tex/generic/pgfplots/util/pgfplotsutil.code.tex (/usr/local/texlive/2022/texmf-dist/tex/generic/pgfplots/liststructure/pgfplotsliststructure.code.tex) (/usr/local/texlive/2022/texmf-dist/tex/generic/pgfplots/liststructure/pgfplotsliststructureext.code.tex) (/usr/local/texlive/2022/texmf-dist/tex/generic/pgfplots/liststructure/pgfplotsarray.code.tex
\c@pgfplotsarray@tmp=\count285
) (/usr/local/texlive/2022/texmf-dist/tex/generic/pgfplots/liststructure/pgfplotsmatrix.code.tex) (/usr/local/texlive/2022/texmf-dist/tex/generic/pgfplots/numtable/pgfplotstableshared.code.tex
\c@pgfplotstable@counta=\count286
\t@pgfplotstable@a=\toks34
) (/usr/local/texlive/2022/texmf-dist/tex/generic/pgfplots/liststructure/pgfplotsdeque.code.tex) (/usr/local/texlive/2022/texmf-dist/tex/generic/pgfplots/util/pgfplotsbinary.code.tex (/usr/local/texlive/2022/texmf-dist/tex/generic/pgfplots/util/pgfplotsbinary.data.code.tex)) (/usr/local/texlive/2022/texmf-dist/tex/generic/pgfplots/util/pgfplotsutil.verb.code.tex) (/usr/local/texlive/2022/texmf-dist/tex/generic/pgfplots/libs/pgflibrarypgfplots.surfshading.code.tex
\c@pgfplotslibrarysurf@no=\count287
 (/usr/local/texlive/2022/texmf-dist/tex/generic/pgfplots/sys/pgflibrarypgfplots.surfshading.pgfsys-pdftex.def))) (/usr/local/texlive/2022/texmf-dist/tex/generic/pgfplots/util/pgfplotscolormap.code.tex (/usr/local/texlive/2022/texmf-dist/tex/generic/pgfplots/util/pgfplotscolor.code.tex)) (/usr/local/texlive/2022/texmf-dist/tex/generic/pgfplots/pgfplotsstackedplots.code.tex) (/usr/local/texlive/2022/texmf-dist/tex/generic/pgfplots/pgfplotsplothandlers.code.tex (/usr/local/texlive/2022/texmf-dist/tex/generic/pgfplots/pgfplotsmeshplothandler.code.tex (/usr/local/texlive/2022/texmf-dist/tex/generic/pgfplots/pgfplotsmeshplotimage.code.tex))) (/usr/local/texlive/2022/texmf-dist/tex/generic/pgfplots/pgfplots.scaling.code.tex) (/usr/local/texlive/2022/texmf-dist/tex/generic/pgfplots/pgfplotscoordprocessing.code.tex) (/usr/local/texlive/2022/texmf-dist/tex/generic/pgfplots/pgfplots.errorbars.code.tex) (/usr/local/texlive/2022/texmf-dist/tex/generic/pgfplots/pgfplots.markers.code.tex) (/usr/local/texlive/2022/texmf-dist/tex/generic/pgfplots/pgfplotsticks.code.tex) (/usr/local/texlive/2022/texmf-dist/tex/generic/pgfplots/pgfplots.paths.code.tex) (/usr/local/texlive/2022/texmf-dist/tex/generic/pgf/frontendlayer/tikz/libraries/tikzlibrarydecorations.code.tex (/usr/local/texlive/2022/texmf-dist/tex/generic/pgf/modules/pgfmoduledecorations.code.tex
\pgfdecoratedcompleteddistance=\dimen192
\pgfdecoratedremainingdistance=\dimen193
\pgfdecoratedinputsegmentcompleteddistance=\dimen194
\pgfdecoratedinputsegmentremainingdistance=\dimen195
\pgf@decorate@distancetomove=\dimen196
\pgf@decorate@repeatstate=\count288
\pgfdecorationsegmentamplitude=\dimen197
\pgfdecorationsegmentlength=\dimen198
)
\tikz@lib@dec@box=\box62
) (/usr/local/texlive/2022/texmf-dist/tex/generic/pgf/frontendlayer/tikz/libraries/tikzlibrarydecorations.pathmorphing.code.tex (/usr/local/texlive/2022/texmf-dist/tex/generic/pgf/libraries/decorations/pgflibrarydecorations.pathmorphing.code.tex)) (/usr/local/texlive/2022/texmf-dist/tex/generic/pgf/frontendlayer/tikz/libraries/tikzlibrarydecorations.pathreplacing.code.tex
(/usr/local/texlive/2022/texmf-dist/tex/generic/pgf/libraries/decorations/pgflibrarydecorations.pathreplacing.code.tex)) (/usr/local/texlive/2022/texmf-dist/tex/generic/pgfplots/libs/tikzlibrarypgfplots.contourlua.code.tex)
\pgfplots@numplots=\count289
\pgfplots@xmin@reg=\dimen199
\pgfplots@xmax@reg=\dimen256
\pgfplots@ymin@reg=\dimen257
\pgfplots@ymax@reg=\dimen258
\pgfplots@zmin@reg=\dimen259
\pgfplots@zmax@reg=\dimen260
) (/usr/local/texlive/2022/texmf-dist/tex/generic/pgf/frontendlayer/tikz/libraries/tikzlibraryplotmarks.code.tex
File: tikzlibraryplotmarks.code.tex 2021/05/15 v3.1.9a (3.1.9a)
 (/usr/local/texlive/2022/texmf-dist/tex/generic/pgf/libraries/pgflibraryplotmarks.code.tex
File: pgflibraryplotmarks.code.tex 2021/05/15 v3.1.9a (3.1.9a)
))) (/usr/local/texlive/2022/texmf-dist/tex/latex/tools/verbatim.sty
Package: verbatim 2020-07-07 v1.5u LaTeX2e package for verbatim enhancements
\every@verbatim=\toks35
\verbatim@line=\toks36
\verbatim@in@stream=\read3
) (/usr/local/texlive/2022/texmf-dist/tex/latex/amsfonts/amsfonts.sty
Package: amsfonts 2013/01/14 v3.01 Basic AMSFonts support
\@emptytoks=\toks37
\symAMSa=\mathgroup4
\symAMSb=\mathgroup5
LaTeX Font Info:    Redeclaring math symbol \hbar on input line 98.
LaTeX Font Info:    Overwriting math alphabet `\mathfrak' in version `bold'
(Font)                  U/euf/m/n --> U/euf/b/n on input line 106.
) (/usr/local/texlive/2022/texmf-dist/tex/latex/amsmath/amsmath.sty
Package: amsmath 2022/04/08 v2.17n AMS math features
\@mathmargin=\skip51

For additional information on amsmath, use the `?' option.
(/usr/local/texlive/2022/texmf-dist/tex/latex/amsmath/amstext.sty
Package: amstext 2021/08/26 v2.01 AMS text
 (/usr/local/texlive/2022/texmf-dist/tex/latex/amsmath/amsgen.sty
File: amsgen.sty 1999/11/30 v2.0 generic functions
\@emptytoks=\toks38
\ex@=\dimen261
)) (/usr/local/texlive/2022/texmf-dist/tex/latex/amsmath/amsbsy.sty
Package: amsbsy 1999/11/29 v1.2d Bold Symbols
\pmbraise@=\dimen262
) (/usr/local/texlive/2022/texmf-dist/tex/latex/amsmath/amsopn.sty
Package: amsopn 2022/04/08 v2.04 operator names
)
\inf@bad=\count290
LaTeX Info: Redefining \frac on input line 234.
\uproot@=\count291
\leftroot@=\count292
LaTeX Info: Redefining \overline on input line 399.
LaTeX Info: Redefining \colon on input line 410.
\classnum@=\count293
\DOTSCASE@=\count294
LaTeX Info: Redefining \ldots on input line 496.
LaTeX Info: Redefining \dots on input line 499.
LaTeX Info: Redefining \cdots on input line 620.
\Mathstrutbox@=\box63
\strutbox@=\box64
LaTeX Info: Redefining \big on input line 722.
LaTeX Info: Redefining \Big on input line 723.
LaTeX Info: Redefining \bigg on input line 724.
LaTeX Info: Redefining \Bigg on input line 725.
\big@size=\dimen263
LaTeX Font Info:    Redeclaring font encoding OML on input line 743.
LaTeX Font Info:    Redeclaring font encoding OMS on input line 744.
\macc@depth=\count295
LaTeX Info: Redefining \bmod on input line 905.
LaTeX Info: Redefining \pmod on input line 910.
LaTeX Info: Redefining \smash on input line 940.
LaTeX Info: Redefining \relbar on input line 970.
LaTeX Info: Redefining \Relbar on input line 971.
\c@MaxMatrixCols=\count296
\dotsspace@=\muskip16
\c@parentequation=\count297
\dspbrk@lvl=\count298
\tag@help=\toks39
\row@=\count299
\column@=\count300
\maxfields@=\count301
\andhelp@=\toks40
\eqnshift@=\dimen264
\alignsep@=\dimen265
\tagshift@=\dimen266
\tagwidth@=\dimen267
\totwidth@=\dimen268
\lineht@=\dimen269
\@envbody=\toks41
\multlinegap=\skip52
\multlinetaggap=\skip53
\mathdisplay@stack=\toks42
LaTeX Info: Redefining \[ on input line 2953.
LaTeX Info: Redefining \] on input line 2954.
) (/usr/local/texlive/2022/texmf-dist/tex/latex/amscls/amsthm.sty
Package: amsthm 2020/05/29 v2.20.6
\thm@style=\toks43
\thm@bodyfont=\toks44
\thm@headfont=\toks45
\thm@notefont=\toks46
\thm@headpunct=\toks47
\thm@preskip=\skip54
\thm@postskip=\skip55
\thm@headsep=\skip56
\dth@everypar=\toks48
) (/usr/local/texlive/2022/texmf-dist/tex/latex/tools/enumerate.sty
Package: enumerate 2015/07/23 v3.00 enumerate extensions (DPC)
\@enLab=\toks49
) (/usr/local/texlive/2022/texmf-dist/tex/latex/tools/indentfirst.sty
Package: indentfirst 1995/11/23 v1.03 Indent first paragraph (DPC)
) (/usr/local/texlive/2022/texmf-dist/tex/latex/amsfonts/amssymb.sty
Package: amssymb 2013/01/14 v3.01 AMS font symbols
) (/usr/local/texlive/2022/texmf-dist/tex/generic/pgf/frontendlayer/tikz/libraries/tikzlibraryshapes.code.tex
File: tikzlibraryshapes.code.tex 2021/05/15 v3.1.9a (3.1.9a)
 (/usr/local/texlive/2022/texmf-dist/tex/generic/pgf/frontendlayer/tikz/libraries/tikzlibraryshapes.geometric.code.tex
File: tikzlibraryshapes.geometric.code.tex 2021/05/15 v3.1.9a (3.1.9a)
 (/usr/local/texlive/2022/texmf-dist/tex/generic/pgf/libraries/shapes/pgflibraryshapes.geometric.code.tex
File: pgflibraryshapes.geometric.code.tex 2021/05/15 v3.1.9a (3.1.9a)
)) (/usr/local/texlive/2022/texmf-dist/tex/generic/pgf/frontendlayer/tikz/libraries/tikzlibraryshapes.misc.code.tex
File: tikzlibraryshapes.misc.code.tex 2021/05/15 v3.1.9a (3.1.9a)
 (/usr/local/texlive/2022/texmf-dist/tex/generic/pgf/libraries/shapes/pgflibraryshapes.misc.code.tex
File: pgflibraryshapes.misc.code.tex 2021/05/15 v3.1.9a (3.1.9a)
)) (/usr/local/texlive/2022/texmf-dist/tex/generic/pgf/frontendlayer/tikz/libraries/tikzlibraryshapes.symbols.code.tex
File: tikzlibraryshapes.symbols.code.tex 2021/05/15 v3.1.9a (3.1.9a)
 (/usr/local/texlive/2022/texmf-dist/tex/generic/pgf/libraries/shapes/pgflibraryshapes.symbols.code.tex
File: pgflibraryshapes.symbols.code.tex 2021/05/15 v3.1.9a (3.1.9a)
)) (/usr/local/texlive/2022/texmf-dist/tex/generic/pgf/frontendlayer/tikz/libraries/tikzlibraryshapes.arrows.code.tex
File: tikzlibraryshapes.arrows.code.tex 2021/05/15 v3.1.9a (3.1.9a)
 (/usr/local/texlive/2022/texmf-dist/tex/generic/pgf/libraries/shapes/pgflibraryshapes.arrows.code.tex
File: pgflibraryshapes.arrows.code.tex 2021/05/15 v3.1.9a (3.1.9a)
)) (/usr/local/texlive/2022/texmf-dist/tex/generic/pgf/frontendlayer/tikz/libraries/tikzlibraryshapes.callouts.code.tex (/usr/local/texlive/2022/texmf-dist/tex/generic/pgf/libraries/shapes/pgflibraryshapes.callouts.code.tex)) (/usr/local/texlive/2022/texmf-dist/tex/generic/pgf/frontendlayer/tikz/libraries/tikzlibraryshapes.multipart.code.tex
File: tikzlibraryshapes.multipart.code.tex 2021/05/15 v3.1.9a (3.1.9a)
 (/usr/local/texlive/2022/texmf-dist/tex/generic/pgf/libraries/shapes/pgflibraryshapes.multipart.code.tex
File: pgflibraryshapes.multipart.code.tex 2021/05/15 v3.1.9a (3.1.9a)
\pgfnodepartlowerbox=\box65
\pgfnodeparttwobox=\box66
\pgfnodepartthreebox=\box67
\pgfnodepartfourbox=\box68
\pgfnodeparttwentybox=\box69
\pgfnodepartnineteenbox=\box70
\pgfnodeparteighteenbox=\box71
\pgfnodepartseventeenbox=\box72
\pgfnodepartsixteenbox=\box73
\pgfnodepartfifteenbox=\box74
\pgfnodepartfourteenbox=\box75
\pgfnodepartthirteenbox=\box76
\pgfnodeparttwelvebox=\box77
\pgfnodepartelevenbox=\box78
\pgfnodeparttenbox=\box79
\pgfnodepartninebox=\box80
\pgfnodeparteightbox=\box81
\pgfnodepartsevenbox=\box82
\pgfnodepartsixbox=\box83
\pgfnodepartfivebox=\box84
))) (/usr/local/texlive/2022/texmf-dist/tex/generic/pgf/frontendlayer/tikz/libraries/tikzlibrarysnakes.code.tex
File: tikzlibrarysnakes.code.tex 2021/05/15 v3.1.9a (3.1.9a)


Package pgf Warning: Snakes have been superseded by decorations. Please use the decoration libraries instead of the snakes library on input line 14.

(/usr/local/texlive/2022/texmf-dist/tex/generic/pgf/frontendlayer/tikz/libraries/tikzlibrarydecorations.shapes.code.tex (/usr/local/texlive/2022/texmf-dist/tex/generic/pgf/libraries/decorations/pgflibrarydecorations.shapes.code.tex))) (/usr/local/texlive/2022/texmf-dist/tex/latex/booktabs/booktabs.sty
Package: booktabs 2020/01/12 v1.61803398 Publication quality tables
\heavyrulewidth=\dimen270
\lightrulewidth=\dimen271
\cmidrulewidth=\dimen272
\belowrulesep=\dimen273
\belowbottomsep=\dimen274
\aboverulesep=\dimen275
\abovetopsep=\dimen276
\cmidrulesep=\dimen277
\cmidrulekern=\dimen278
\defaultaddspace=\dimen279
\@cmidla=\count302
\@cmidlb=\count303
\@aboverulesep=\dimen280
\@belowrulesep=\dimen281
\@thisruleclass=\count304
\@lastruleclass=\count305
\@thisrulewidth=\dimen282
)
\c@theorem=\count306
\c@note=\count307
\c@definition=\count308
\c@proposition=\count309
\c@claim=\count310
\c@lemma=\count311
\c@example=\count312
\c@corollary=\count313
 (/usr/local/texlive/2022/texmf-dist/tex/latex/geometry/geometry.sty
Package: geometry 2020/01/02 v5.9 Page Geometry
 (/usr/local/texlive/2022/texmf-dist/tex/generic/iftex/ifvtex.sty
Package: ifvtex 2019/10/25 v1.7 ifvtex legacy package. Use iftex instead.
 (/usr/local/texlive/2022/texmf-dist/tex/generic/iftex/iftex.sty
Package: iftex 2022/02/03 v1.0f TeX engine tests
))
\Gm@cnth=\count314
\Gm@cntv=\count315
\c@Gm@tempcnt=\count316
\Gm@bindingoffset=\dimen283
\Gm@wd@mp=\dimen284
\Gm@odd@mp=\dimen285
\Gm@even@mp=\dimen286
\Gm@layoutwidth=\dimen287
\Gm@layoutheight=\dimen288
\Gm@layouthoffset=\dimen289
\Gm@layoutvoffset=\dimen290
\Gm@dimlist=\toks50
) (/usr/local/texlive/2022/texmf-dist/tex/latex/hyperref/hyperref.sty
Package: hyperref 2022-06-20 v7.00s Hypertext links for LaTeX
 (/usr/local/texlive/2022/texmf-dist/tex/generic/ltxcmds/ltxcmds.sty
Package: ltxcmds 2020-05-10 v1.25 LaTeX kernel commands for general use (HO)
) (/usr/local/texlive/2022/texmf-dist/tex/generic/pdftexcmds/pdftexcmds.sty
Package: pdftexcmds 2020-06-27 v0.33 Utility functions of pdfTeX for LuaTeX (HO)
 (/usr/local/texlive/2022/texmf-dist/tex/generic/infwarerr/infwarerr.sty
Package: infwarerr 2019/12/03 v1.5 Providing info/warning/error messages (HO)
)
Package pdftexcmds Info: \pdf@primitive is available.
Package pdftexcmds Info: \pdf@ifprimitive is available.
Package pdftexcmds Info: \pdfdraftmode found.
) (/usr/local/texlive/2022/texmf-dist/tex/generic/kvsetkeys/kvsetkeys.sty
Package: kvsetkeys 2019/12/15 v1.18 Key value parser (HO)
) (/usr/local/texlive/2022/texmf-dist/tex/generic/kvdefinekeys/kvdefinekeys.sty
Package: kvdefinekeys 2019-12-19 v1.6 Define keys (HO)
) (/usr/local/texlive/2022/texmf-dist/tex/generic/pdfescape/pdfescape.sty
Package: pdfescape 2019/12/09 v1.15 Implements pdfTeX's escape features (HO)
) (/usr/local/texlive/2022/texmf-dist/tex/latex/hycolor/hycolor.sty
Package: hycolor 2020-01-27 v1.10 Color options for hyperref/bookmark (HO)
) (/usr/local/texlive/2022/texmf-dist/tex/latex/letltxmacro/letltxmacro.sty
Package: letltxmacro 2019/12/03 v1.6 Let assignment for LaTeX macros (HO)
) (/usr/local/texlive/2022/texmf-dist/tex/latex/auxhook/auxhook.sty
Package: auxhook 2019-12-17 v1.6 Hooks for auxiliary files (HO)
) (/usr/local/texlive/2022/texmf-dist/tex/latex/hyperref/nameref.sty
Package: nameref 2022-05-17 v2.50 Cross-referencing by name of section
 (/usr/local/texlive/2022/texmf-dist/tex/latex/refcount/refcount.sty
Package: refcount 2019/12/15 v3.6 Data extraction from label references (HO)
) (/usr/local/texlive/2022/texmf-dist/tex/generic/gettitlestring/gettitlestring.sty
Package: gettitlestring 2019/12/15 v1.6 Cleanup title references (HO)
 (/usr/local/texlive/2022/texmf-dist/tex/latex/kvoptions/kvoptions.sty
Package: kvoptions 2022-06-15 v3.15 Key value format for package options (HO)
))
\c@section@level=\count317
)
\@linkdim=\dimen291
\Hy@linkcounter=\count318
\Hy@pagecounter=\count319
 (/usr/local/texlive/2022/texmf-dist/tex/latex/hyperref/pd1enc.def
File: pd1enc.def 2022-06-20 v7.00s Hyperref: PDFDocEncoding definition (HO)
Now handling font encoding PD1 ...
... no UTF-8 mapping file for font encoding PD1
) (/usr/local/texlive/2022/texmf-dist/tex/generic/intcalc/intcalc.sty
Package: intcalc 2019/12/15 v1.3 Expandable calculations with integers (HO)
) (/usr/local/texlive/2022/texmf-dist/tex/generic/etexcmds/etexcmds.sty
Package: etexcmds 2019/12/15 v1.7 Avoid name clashes with e-TeX commands (HO)
)
\Hy@SavedSpaceFactor=\count320
 (/usr/local/texlive/2022/texmf-dist/tex/latex/hyperref/puenc.def
File: puenc.def 2022-06-20 v7.00s Hyperref: PDF Unicode definition (HO)
Now handling font encoding PU ...
... no UTF-8 mapping file for font encoding PU
)
Package hyperref Info: Hyper figures OFF on input line 4162.
Package hyperref Info: Link nesting OFF on input line 4167.
Package hyperref Info: Hyper index ON on input line 4170.
Package hyperref Info: Plain pages OFF on input line 4177.
Package hyperref Info: Backreferencing OFF on input line 4182.
Package hyperref Info: Implicit mode ON; LaTeX internals redefined.
Package hyperref Info: Bookmarks ON on input line 4408.
\c@Hy@tempcnt=\count321
 (/usr/local/texlive/2022/texmf-dist/tex/latex/url/url.sty
\Urlmuskip=\muskip17
Package: url 2013/09/16  ver 3.4  Verb mode for urls, etc.
)
LaTeX Info: Redefining \url on input line 4746.
\XeTeXLinkMargin=\dimen292
 (/usr/local/texlive/2022/texmf-dist/tex/generic/bitset/bitset.sty
Package: bitset 2019/12/09 v1.3 Handle bit-vector datatype (HO)
 (/usr/local/texlive/2022/texmf-dist/tex/generic/bigintcalc/bigintcalc.sty
Package: bigintcalc 2019/12/15 v1.5 Expandable calculations on big integers (HO)
))
\Fld@menulength=\count322
\Field@Width=\dimen293
\Fld@charsize=\dimen294
Package hyperref Info: Hyper figures OFF on input line 6024.
Package hyperref Info: Link nesting OFF on input line 6029.
Package hyperref Info: Hyper index ON on input line 6032.
Package hyperref Info: backreferencing OFF on input line 6039.
Package hyperref Info: Link coloring OFF on input line 6044.
Package hyperref Info: Link coloring with OCG OFF on input line 6049.
Package hyperref Info: PDF/A mode OFF on input line 6054.
 (/usr/local/texlive/2022/texmf-dist/tex/latex/base/atbegshi-ltx.sty
Package: atbegshi-ltx 2021/01/10 v1.0c Emulation of the original atbegshi
package with kernel methods
)
\Hy@abspage=\count323
\c@Item=\count324
\c@Hfootnote=\count325
)
Package hyperref Info: Driver (autodetected): hpdftex.
 (/usr/local/texlive/2022/texmf-dist/tex/latex/hyperref/hpdftex.def
File: hpdftex.def 2022-06-20 v7.00s Hyperref driver for pdfTeX
 (/usr/local/texlive/2022/texmf-dist/tex/latex/base/atveryend-ltx.sty
Package: atveryend-ltx 2020/08/19 v1.0a Emulation of the original atveryend package
with kernel methods
)
\Fld@listcount=\count326
\c@bookmark@seq@number=\count327
 (/usr/local/texlive/2022/texmf-dist/tex/latex/rerunfilecheck/rerunfilecheck.sty
Package: rerunfilecheck 2022-07-10 v1.10 Rerun checks for auxiliary files (HO)
 (/usr/local/texlive/2022/texmf-dist/tex/generic/uniquecounter/uniquecounter.sty
Package: uniquecounter 2019/12/15 v1.4 Provide unlimited unique counter (HO)
)
Package uniquecounter Info: New unique counter `rerunfilecheck' on input line 285.
)
\Hy@SectionHShift=\skip57
) (/usr/local/texlive/2022/texmf-dist/tex/latex/l3backend/l3backend-pdftex.def
File: l3backend-pdftex.def 2022-08-30 L3 backend support: PDF output (pdfTeX)
\l__color_backend_stack_int=\count328
\l__pdf_internal_box=\box85
) (./Inference and Learning.aux

LaTeX Warning: Label `' multiply defined.


LaTeX Warning: Label `' multiply defined.


LaTeX Warning: Label `' multiply defined.


LaTeX Warning: Label `' multiply defined.


LaTeX Warning: Label `' multiply defined.


LaTeX Warning: Label `' multiply defined.


LaTeX Warning: Label `' multiply defined.


LaTeX Warning: Label `' multiply defined.


LaTeX Warning: Label `' multiply defined.


LaTeX Warning: Label `' multiply defined.


LaTeX Warning: Label `' multiply defined.


LaTeX Warning: Label `' multiply defined.


LaTeX Warning: Label `' multiply defined.


LaTeX Warning: Label `' multiply defined.


LaTeX Warning: Label `' multiply defined.


LaTeX Warning: Label `' multiply defined.


LaTeX Warning: Label `' multiply defined.


LaTeX Warning: Label `' multiply defined.

)
\openout1 = `"Inference and Learning.aux"'.

LaTeX Font Info:    Checking defaults for OML/cmm/m/it on input line 38.
LaTeX Font Info:    ... okay on input line 38.
LaTeX Font Info:    Checking defaults for OMS/cmsy/m/n on input line 38.
LaTeX Font Info:    ... okay on input line 38.
LaTeX Font Info:    Checking defaults for OT1/cmr/m/n on input line 38.
LaTeX Font Info:    ... okay on input line 38.
LaTeX Font Info:    Checking defaults for T1/cmr/m/n on input line 38.
LaTeX Font Info:    ... okay on input line 38.
LaTeX Font Info:    Checking defaults for TS1/cmr/m/n on input line 38.
LaTeX Font Info:    ... okay on input line 38.
LaTeX Font Info:    Checking defaults for OMX/cmex/m/n on input line 38.
LaTeX Font Info:    ... okay on input line 38.
LaTeX Font Info:    Checking defaults for U/cmr/m/n on input line 38.
LaTeX Font Info:    ... okay on input line 38.
LaTeX Font Info:    Checking defaults for PD1/pdf/m/n on input line 38.
LaTeX Font Info:    ... okay on input line 38.
LaTeX Font Info:    Checking defaults for PU/pdf/m/n on input line 38.
LaTeX Font Info:    ... okay on input line 38.
 (/usr/local/texlive/2022/texmf-dist/tex/context/base/mkii/supp-pdf.mkii
[Loading MPS to PDF converter (version 2006.09.02).]
\scratchcounter=\count329
\scratchdimen=\dimen295
\scratchbox=\box86
\nofMPsegments=\count330
\nofMParguments=\count331
\everyMPshowfont=\toks51
\MPscratchCnt=\count332
\MPscratchDim=\dimen296
\MPnumerator=\count333
\makeMPintoPDFobject=\count334
\everyMPtoPDFconversion=\toks52
) (/usr/local/texlive/2022/texmf-dist/tex/latex/epstopdf-pkg/epstopdf-base.sty
Package: epstopdf-base 2020-01-24 v2.11 Base part for package epstopdf
Package epstopdf-base Info: Redefining graphics rule for `.eps' on input line 485.
 (/usr/local/texlive/2022/texmf-dist/tex/latex/latexconfig/epstopdf-sys.cfg
File: epstopdf-sys.cfg 2010/07/13 v1.3 Configuration of (r)epstopdf for TeX Live
))

Package pgfplots Warning: running in backwards compatibility mode (unsuitable tick labels; missing features). Consider writing \pgfplotsset{compat=1.18} into your preamble.
 on input line 38.

*geometry* driver: auto-detecting
*geometry* detected driver: pdftex
*geometry* verbose mode - [ preamble ] result:
* driver: pdftex
* paper: a4paper
* layout: <same size as paper>
* layoutoffset:(h,v)=(0.0pt,0.0pt)
* modes: 
* h-part:(L,W,R)=(59.74988pt, 478.00812pt, 59.74988pt)
* v-part:(T,H,B)=(67.60269pt, 676.04005pt, 101.4041pt)
* \paperwidth=597.50787pt
* \paperheight=845.04684pt
* \textwidth=478.00812pt
* \textheight=676.04005pt
* \oddsidemargin=-12.52011pt
* \evensidemargin=-12.52011pt
* \topmargin=-41.6673pt
* \headheight=12.0pt
* \headsep=25.0pt
* \topskip=11.0pt
* \footskip=20.0pt
* \marginparwidth=50.0pt
* \marginparsep=10.0pt
* \columnsep=10.0pt
* \skip\footins=10.0pt plus 4.0pt minus 2.0pt
* \hoffset=0.0pt
* \voffset=0.0pt
* \mag=1000
* \@twocolumnfalse
* \@twosidefalse
* \@mparswitchfalse
* \@reversemarginfalse
* (1in=72.27pt=25.4mm, 1cm=28.453pt)

Package hyperref Info: Link coloring OFF on input line 38.
(./Inference and Learning.out) (./Inference and Learning.out)
\@outlinefile=\write4
\openout4 = `"Inference and Learning.out"'.

LaTeX Font Info:    Trying to load font information for U+msa on input line 40.
 (/usr/local/texlive/2022/texmf-dist/tex/latex/amsfonts/umsa.fd
File: umsa.fd 2013/01/14 v3.01 AMS symbols A
)
LaTeX Font Info:    Trying to load font information for U+msb on input line 40.
 (/usr/local/texlive/2022/texmf-dist/tex/latex/amsfonts/umsb.fd
File: umsb.fd 2013/01/14 v3.01 AMS symbols B
) (./Inference and Learning.toc [1

{/usr/local/texlive/2022/texmf-var/fonts/map/pdftex/updmap/pdftex.map}] [2])
\tf@toc=\write5
\openout5 = `"Inference and Learning.toc"'.

 [3] [4] [5] [6
pdfTeX warning (ext4): destination with the same identifier (name{equation.1.1}) has been already used, duplicate ignored
<argument> ...shipout:D \box_use:N \l_shipout_box 
                                                  \__shipout_drop_firstpage_...
l.159 \end{equation}
                    ]
pdfTeX warning (ext4): destination with the same identifier (name{equation.1.1}) has been already used, duplicate ignored
<to be read again> 
                   \relax 
l.161 \begin{equation}
                      
pdfTeX warning (ext4): destination with the same identifier (name{equation.1.1}) has been already used, duplicate ignored
<to be read again> 
                   \relax 
l.161 \begin{equation}
                      
pdfTeX warning (ext4): destination with the same identifier (name{equation.1.1}) has been already used, duplicate ignored
<to be read again> 
                   \relax 
l.161 \begin{equation}
                      
pdfTeX warning (ext4): destination with the same identifier (name{equation.1.1}) has been already used, duplicate ignored
<to be read again> 
                   \relax 
l.161 \begin{equation}
                      
pdfTeX warning (ext4): destination with the same identifier (name{equation.1.1}) has been already used, duplicate ignored
<to be read again> 
                   \relax 
l.174     \end{equation}}}
                          
pdfTeX warning (ext4): destination with the same identifier (name{equation.1.1}) has been already used, duplicate ignored
<to be read again> 
                   \relax 
l.174     \end{equation}}}
                          
pdfTeX warning (ext4): destination with the same identifier (name{equation.1.1}) has been already used, duplicate ignored
<to be read again> 
                   \relax 
l.174     \end{equation}}}
                          
pdfTeX warning (ext4): destination with the same identifier (name{equation.1.1}) has been already used, duplicate ignored
<to be read again> 
                   \relax 
l.174     \end{equation}}}
                          
pdfTeX warning (ext4): destination with the same identifier (name{equation.1.1}) has been already used, duplicate ignored
<to be read again> 
                   \relax 
l.193 \begin{equation}
                      
pdfTeX warning (ext4): destination with the same identifier (name{equation.1.1}) has been already used, duplicate ignored
<to be read again> 
                   \relax 
l.193 \begin{equation}
                      
pdfTeX warning (ext4): destination with the same identifier (name{equation.1.1}) has been already used, duplicate ignored
<to be read again> 
                   \relax 
l.193 \begin{equation}
                      
pdfTeX warning (ext4): destination with the same identifier (name{equation.1.1}) has been already used, duplicate ignored
<to be read again> 
                   \relax 
l.193 \begin{equation}
                      

Package hyperref Warning: Token not allowed in a PDF string (Unicode):
(hyperref)                removing `math shift' on input line 201.


Package hyperref Warning: Token not allowed in a PDF string (Unicode):
(hyperref)                removing `superscript' on input line 201.


Package hyperref Warning: Token not allowed in a PDF string (Unicode):
(hyperref)                removing `math shift' on input line 201.


pdfTeX warning (ext4): destination with the same identifier (name{equation.1.1}) has been already used, duplicate ignored
<to be read again> 
                   \relax 
l.207 \begin{equation}
                      
pdfTeX warning (ext4): destination with the same identifier (name{equation.1.1}) has been already used, duplicate ignored
<to be read again> 
                   \relax 
l.207 \begin{equation}
                      
pdfTeX warning (ext4): destination with the same identifier (name{equation.1.1}) has been already used, duplicate ignored
<to be read again> 
                   \relax 
l.207 \begin{equation}
                      
pdfTeX warning (ext4): destination with the same identifier (name{equation.1.1}) has been already used, duplicate ignored
<to be read again> 
                   \relax 
l.207 \begin{equation}
                       [7
pdfTeX warning (ext4): destination with the same identifier (name{equation.1.1}) has been already used, duplicate ignored
<argument> ...shipout:D \box_use:N \l_shipout_box 
                                                  \__shipout_drop_firstpage_...
l.212 \end{equation}
                    ]
pdfTeX warning (ext4): destination with the same identifier (name{equation.1.1}) has been already used, duplicate ignored
<to be read again> 
                   \relax 
l.213 \begin{equation}
                      
pdfTeX warning (ext4): destination with the same identifier (name{equation.1.1}) has been already used, duplicate ignored
<to be read again> 
                   \relax 
l.213 \begin{equation}
                      
pdfTeX warning (ext4): destination with the same identifier (name{equation.1.1}) has been already used, duplicate ignored
<to be read again> 
                   \relax 
l.213 \begin{equation}
                      
pdfTeX warning (ext4): destination with the same identifier (name{equation.1.1}) has been already used, duplicate ignored
<to be read again> 
                   \relax 
l.213 \begin{equation}
                      
pdfTeX warning (ext4): destination with the same identifier (name{equation.1.1}) has been already used, duplicate ignored
<to be read again> 
                   \relax 
l.226 \begin{equation}
                      
pdfTeX warning (ext4): destination with the same identifier (name{equation.1.1}) has been already used, duplicate ignored
<to be read again> 
                   \relax 
l.226 \begin{equation}
                      
pdfTeX warning (ext4): destination with the same identifier (name{equation.1.1}) has been already used, duplicate ignored
<to be read again> 
                   \relax 
l.226 \begin{equation}
                      
pdfTeX warning (ext4): destination with the same identifier (name{equation.1.1}) has been already used, duplicate ignored
<to be read again> 
                   \relax 
l.226 \begin{equation}
                      
pdfTeX warning (ext4): destination with the same identifier (name{equation.1.1}) has been already used, duplicate ignored
<to be read again> 
                   \relax 
l.233 \begin{equation}
                      
pdfTeX warning (ext4): destination with the same identifier (name{equation.1.1}) has been already used, duplicate ignored
<to be read again> 
                   \relax 
l.233 \begin{equation}
                      
pdfTeX warning (ext4): destination with the same identifier (name{equation.1.1}) has been already used, duplicate ignored
<to be read again> 
                   \relax 
l.233 \begin{equation}
                      
pdfTeX warning (ext4): destination with the same identifier (name{equation.1.1}) has been already used, duplicate ignored
<to be read again> 
                   \relax 
l.233 \begin{equation}
                       [8] [9
pdfTeX warning (ext4): destination with the same identifier (name{equation.2.1}) has been already used, duplicate ignored
<argument> ...shipout:D \box_use:N \l_shipout_box 
                                                  \__shipout_drop_firstpage_...
l.309 \end{equation}
                    
pdfTeX warning (ext4): destination with the same identifier (name{equation.2.1}) has been already used, duplicate ignored
<argument> ...shipout:D \box_use:N \l_shipout_box 
                                                  \__shipout_drop_firstpage_...
l.309 \end{equation}
                    
pdfTeX warning (ext4): destination with the same identifier (name{equation.2.1}) has been already used, duplicate ignored
<argument> ...shipout:D \box_use:N \l_shipout_box 
                                                  \__shipout_drop_firstpage_...
l.309 \end{equation}
                    
pdfTeX warning (ext4): destination with the same identifier (name{equation.2.1}) has been already used, duplicate ignored
<argument> ...shipout:D \box_use:N \l_shipout_box 
                                                  \__shipout_drop_firstpage_...
l.309 \end{equation}
                    ] [10
pdfTeX warning (ext4): destination with the same identifier (name{equation.2.1}) has been already used, duplicate ignored
<argument> ...shipout:D \box_use:N \l_shipout_box 
                                                  \__shipout_drop_firstpage_...
l.353 \end{enumerate}
                     ]

LaTeX Warning: The counter will not be printed.
             The label is: $\bullet $ on input line 360.


LaTeX Warning: The counter will not be printed.
             The label is: $\bullet $ on input line 370.


Overfull \hbox (30.7557pt too wide) in paragraph at lines 371--372
[]$[]$ \T1/cmr/m/n/10.95 (Con-ver-gence rate): the root mean squared er-ror (RMSE) $\OML/cmm/m/it/10.95 e[] \OT1/cmr/m/n/10.95 = []$\T1/cmr/m/n/10.95 . 
 []


pdfTeX warning (ext4): destination with the same identifier (name{equation.2.1}) has been already used, duplicate ignored
<to be read again> 
                   \relax 
l.380     \begin{equation}
                          
pdfTeX warning (ext4): destination with the same identifier (name{equation.2.1}) has been already used, duplicate ignored
<to be read again> 
                   \relax 
l.380     \begin{equation}
                          
pdfTeX warning (ext4): destination with the same identifier (name{equation.2.1}) has been already used, duplicate ignored
<to be read again> 
                   \relax 
l.380     \begin{equation}
                          
pdfTeX warning (ext4): destination with the same identifier (name{equation.2.1}) has been already used, duplicate ignored
<to be read again> 
                   \relax 
l.380     \begin{equation}
                          
pdfTeX warning (ext4): destination with the same identifier (name{equation.2.1}) has been already used, duplicate ignored
<to be read again> 
                   \relax 
l.388 \begin{equation}
                      
pdfTeX warning (ext4): destination with the same identifier (name{equation.2.1}) has been already used, duplicate ignored
<to be read again> 
                   \relax 
l.388 \begin{equation}
                      
pdfTeX warning (ext4): destination with the same identifier (name{equation.2.1}) has been already used, duplicate ignored
<to be read again> 
                   \relax 
l.388 \begin{equation}
                      
pdfTeX warning (ext4): destination with the same identifier (name{equation.2.1}) has been already used, duplicate ignored
<to be read again> 
                   \relax 
l.388 \begin{equation}
                       [11]
pdfTeX warning (ext4): destination with the same identifier (name{equation.2.1}) has been already used, duplicate ignored
<to be read again> 
                   \relax 
l.398 \begin{equation}
                      
pdfTeX warning (ext4): destination with the same identifier (name{equation.2.1}) has been already used, duplicate ignored
<to be read again> 
                   \relax 
l.398 \begin{equation}
                      
pdfTeX warning (ext4): destination with the same identifier (name{equation.2.1}) has been already used, duplicate ignored
<to be read again> 
                   \relax 
l.398 \begin{equation}
                      
pdfTeX warning (ext4): destination with the same identifier (name{equation.2.1}) has been already used, duplicate ignored
<to be read again> 
                   \relax 
l.398 \begin{equation}
                      
pdfTeX warning (ext4): destination with the same identifier (name{equation.2.1}) has been already used, duplicate ignored
<to be read again> 
                   \relax 
l.432     }}
            
pdfTeX warning (ext4): destination with the same identifier (name{equation.2.1}) has been already used, duplicate ignored
<to be read again> 
                   \relax 
l.432     }}
            
pdfTeX warning (ext4): destination with the same identifier (name{equation.2.1}) has been already used, duplicate ignored
<to be read again> 
                   \relax 
l.432     }}
            
pdfTeX warning (ext4): destination with the same identifier (name{equation.2.1}) has been already used, duplicate ignored
<to be read again> 
                   \relax 
l.432     }}
            
pdfTeX warning (ext4): destination with the same identifier (name{equation.2.1}) has been already used, duplicate ignored
<to be read again> 
                   \relax 
l.432     }}
            
pdfTeX warning (ext4): destination with the same identifier (name{equation.2.1}) has been already used, duplicate ignored
<to be read again> 
                   \relax 
l.432     }}
            
pdfTeX warning (ext4): destination with the same identifier (name{equation.2.1}) has been already used, duplicate ignored
<to be read again> 
                   \relax 
l.432     }}
            
pdfTeX warning (ext4): destination with the same identifier (name{equation.2.1}) has been already used, duplicate ignored
<to be read again> 
                   \relax 
l.432     }}
             [12]
pdfTeX warning (ext4): destination with the same identifier (name{equation.2.1}) has been already used, duplicate ignored
<to be read again> 
                   \relax 
l.439     \begin{equation}
                          
pdfTeX warning (ext4): destination with the same identifier (name{equation.2.1}) has been already used, duplicate ignored
<to be read again> 
                   \relax 
l.439     \begin{equation}
                          
pdfTeX warning (ext4): destination with the same identifier (name{equation.2.1}) has been already used, duplicate ignored
<to be read again> 
                   \relax 
l.439     \begin{equation}
                          
pdfTeX warning (ext4): destination with the same identifier (name{equation.2.1}) has been already used, duplicate ignored
<to be read again> 
                   \relax 
l.439     \begin{equation}
                           [13]
pdfTeX warning (ext4): destination with the same identifier (name{equation.2.1}) has been already used, duplicate ignored
<to be read again> 
                   \relax 
l.452 \begin{equation}
                      
pdfTeX warning (ext4): destination with the same identifier (name{equation.2.1}) has been already used, duplicate ignored
<to be read again> 
                   \relax 
l.452 \begin{equation}
                      
pdfTeX warning (ext4): destination with the same identifier (name{equation.2.1}) has been already used, duplicate ignored
<to be read again> 
                   \relax 
l.452 \begin{equation}
                      
pdfTeX warning (ext4): destination with the same identifier (name{equation.2.1}) has been already used, duplicate ignored
<to be read again> 
                   \relax 
l.452 \begin{equation}
                      

LaTeX Warning: The counter will not be printed.
             The label is: $\bullet $ on input line 461.


pdfTeX warning (ext4): destination with the same identifier (name{equation.2.1}) has been already used, duplicate ignored
<to be read again> 
                   \relax 
l.468     \begin{equation}
                          
pdfTeX warning (ext4): destination with the same identifier (name{equation.2.1}) has been already used, duplicate ignored
<to be read again> 
                   \relax 
l.468     \begin{equation}
                          
pdfTeX warning (ext4): destination with the same identifier (name{equation.2.1}) has been already used, duplicate ignored
<to be read again> 
                   \relax 
l.468     \begin{equation}
                          
pdfTeX warning (ext4): destination with the same identifier (name{equation.2.1}) has been already used, duplicate ignored
<to be read again> 
                   \relax 
l.468     \begin{equation}
                          
pdfTeX warning (ext4): destination with the same identifier (name{equation.2.1}) has been already used, duplicate ignored
<to be read again> 
                   \relax 
l.492 \begin{equation}
                      
pdfTeX warning (ext4): destination with the same identifier (name{equation.2.1}) has been already used, duplicate ignored
<to be read again> 
                   \relax 
l.492 \begin{equation}
                      
pdfTeX warning (ext4): destination with the same identifier (name{equation.2.1}) has been already used, duplicate ignored
<to be read again> 
                   \relax 
l.492 \begin{equation}
                      
pdfTeX warning (ext4): destination with the same identifier (name{equation.2.1}) has been already used, duplicate ignored
<to be read again> 
                   \relax 
l.492 \begin{equation}
                       [14]

LaTeX Warning: The counter will not be printed.
             The label is: $\bullet $ on input line 506.


LaTeX Warning: The counter will not be printed.
             The label is: $\bullet $ on input line 513.


pdfTeX warning (ext4): destination with the same identifier (name{equation.2.1}) has been already used, duplicate ignored
<to be read again> 
                   \relax 
l.531 \begin{equation}
                      
pdfTeX warning (ext4): destination with the same identifier (name{equation.2.1}) has been already used, duplicate ignored
<to be read again> 
                   \relax 
l.531 \begin{equation}
                      
pdfTeX warning (ext4): destination with the same identifier (name{equation.2.1}) has been already used, duplicate ignored
<to be read again> 
                   \relax 
l.531 \begin{equation}
                      
pdfTeX warning (ext4): destination with the same identifier (name{equation.2.1}) has been already used, duplicate ignored
<to be read again> 
                   \relax 
l.531 \begin{equation}
                       [15]
pdfTeX warning (ext4): destination with the same identifier (name{equation.2.1}) has been already used, duplicate ignored
<to be read again> 
                   \relax 
l.539 \begin{equation}
                      
pdfTeX warning (ext4): destination with the same identifier (name{equation.2.1}) has been already used, duplicate ignored
<to be read again> 
                   \relax 
l.539 \begin{equation}
                      
pdfTeX warning (ext4): destination with the same identifier (name{equation.2.1}) has been already used, duplicate ignored
<to be read again> 
                   \relax 
l.539 \begin{equation}
                      
pdfTeX warning (ext4): destination with the same identifier (name{equation.2.1}) has been already used, duplicate ignored
<to be read again> 
                   \relax 
l.539 \begin{equation}
                      
pdfTeX warning (ext4): destination with the same identifier (name{equation.2.1}) has been already used, duplicate ignored
<to be read again> 
                   \relax 
l.551 \begin{equation}
                      
pdfTeX warning (ext4): destination with the same identifier (name{equation.2.1}) has been already used, duplicate ignored
<to be read again> 
                   \relax 
l.551 \begin{equation}
                      
pdfTeX warning (ext4): destination with the same identifier (name{equation.2.1}) has been already used, duplicate ignored
<to be read again> 
                   \relax 
l.551 \begin{equation}
                      
pdfTeX warning (ext4): destination with the same identifier (name{equation.2.1}) has been already used, duplicate ignored
<to be read again> 
                   \relax 
l.551 \begin{equation}
                       [16] [17]
<Riemann and Trapezoidal.png, id=477, 1750.54pt x 531.9875pt>
File: Riemann and Trapezoidal.png Graphic file (type png)
<use Riemann and Trapezoidal.png>
Package pdftex.def Info: Riemann and Trapezoidal.png  used on input line 607.
(pdftex.def)             Requested size: 350.10179pt x 106.39561pt.
<two-dim int.png, id=479, 722.7pt x 471.7625pt>
File: two-dim int.png Graphic file (type png)
<use two-dim int.png>
Package pdftex.def Info: two-dim int.png  used on input line 618.
(pdftex.def)             Requested size: 216.81166pt x 141.52983pt.
 [18 <./Riemann and Trapezoidal.png> <./two-dim int.png>] [19
pdfTeX warning (ext4): destination with the same identifier (name{equation.3.1}) has been already used, duplicate ignored
<argument> ...shipout:D \box_use:N \l_shipout_box 
                                                  \__shipout_drop_firstpage_...
l.668 $$
        ] [20] [21] [22]
<HMM.png, id=512, 1357.07pt x 475.7775pt>
File: HMM.png Graphic file (type png)
<use HMM.png>
Package pdftex.def Info: HMM.png  used on input line 774.
(pdftex.def)             Requested size: 271.4092pt x 95.15381pt.
 [23]
pdfTeX warning (ext4): destination with the same identifier (name{equation.5.1}) has been already used, duplicate ignored
<to be read again> 
                   \relax 
l.788 \begin{equation}
                      
pdfTeX warning (ext4): destination with the same identifier (name{equation.5.1}) has been already used, duplicate ignored
<to be read again> 
                   \relax 
l.788 \begin{equation}
                      
pdfTeX warning (ext4): destination with the same identifier (name{equation.5.1}) has been already used, duplicate ignored
<to be read again> 
                   \relax 
l.788 \begin{equation}
                      
pdfTeX warning (ext4): destination with the same identifier (name{equation.5.1}) has been already used, duplicate ignored
<to be read again> 
                   \relax 
l.788 \begin{equation}
                      

LaTeX Warning: The counter will not be printed.
             The label is: \textbf {Step} on input line 798.


pdfTeX warning (ext4): destination with the same identifier (name{equation.5.1}) has been already used, duplicate ignored
<to be read again> 
                   \relax 
l.800     \begin{equation}
                          
pdfTeX warning (ext4): destination with the same identifier (name{equation.5.1}) has been already used, duplicate ignored
<to be read again> 
                   \relax 
l.800     \begin{equation}
                          
pdfTeX warning (ext4): destination with the same identifier (name{equation.5.1}) has been already used, duplicate ignored
<to be read again> 
                   \relax 
l.800     \begin{equation}
                          
pdfTeX warning (ext4): destination with the same identifier (name{equation.5.1}) has been already used, duplicate ignored
<to be read again> 
                   \relax 
l.800     \begin{equation}
                          
pdfTeX warning (ext4): destination with the same identifier (name{equation.5.1}) has been already used, duplicate ignored
<to be read again> 
                   \relax 
l.809     \begin{equation}
                          
pdfTeX warning (ext4): destination with the same identifier (name{equation.5.1}) has been already used, duplicate ignored
<to be read again> 
                   \relax 
l.809     \begin{equation}
                          
pdfTeX warning (ext4): destination with the same identifier (name{equation.5.1}) has been already used, duplicate ignored
<to be read again> 
                   \relax 
l.809     \begin{equation}
                          
pdfTeX warning (ext4): destination with the same identifier (name{equation.5.1}) has been already used, duplicate ignored
<to be read again> 
                   \relax 
l.809     \begin{equation}
                          
pdfTeX warning (ext4): destination with the same identifier (name{equation.5.1}) has been already used, duplicate ignored
<to be read again> 
                   \relax 
l.821 \begin{equation}
                      
pdfTeX warning (ext4): destination with the same identifier (name{equation.5.1}) has been already used, duplicate ignored
<to be read again> 
                   \relax 
l.821 \begin{equation}
                      
pdfTeX warning (ext4): destination with the same identifier (name{equation.5.1}) has been already used, duplicate ignored
<to be read again> 
                   \relax 
l.821 \begin{equation}
                      
pdfTeX warning (ext4): destination with the same identifier (name{equation.5.1}) has been already used, duplicate ignored
<to be read again> 
                   \relax 
l.821 \begin{equation}
                      

LaTeX Warning: The counter will not be printed.
             The label is: \textbf {Step} on input line 829.


pdfTeX warning (ext4): destination with the same identifier (name{equation.5.1}) has been already used, duplicate ignored
<to be read again> 
                   \relax 
l.831     \begin{equation}
                          
pdfTeX warning (ext4): destination with the same identifier (name{equation.5.1}) has been already used, duplicate ignored
<to be read again> 
                   \relax 
l.831     \begin{equation}
                          
pdfTeX warning (ext4): destination with the same identifier (name{equation.5.1}) has been already used, duplicate ignored
<to be read again> 
                   \relax 
l.831     \begin{equation}
                          
pdfTeX warning (ext4): destination with the same identifier (name{equation.5.1}) has been already used, duplicate ignored
<to be read again> 
                   \relax 
l.831     \begin{equation}
                           [24 <./HMM.png>]
pdfTeX warning (ext4): destination with the same identifier (name{equation.5.1}) has been already used, duplicate ignored
<to be read again> 
                   \relax 
l.838     \begin{equation}
                          
pdfTeX warning (ext4): destination with the same identifier (name{equation.5.1}) has been already used, duplicate ignored
<to be read again> 
                   \relax 
l.838     \begin{equation}
                          
pdfTeX warning (ext4): destination with the same identifier (name{equation.5.1}) has been already used, duplicate ignored
<to be read again> 
                   \relax 
l.838     \begin{equation}
                          
pdfTeX warning (ext4): destination with the same identifier (name{equation.5.1}) has been already used, duplicate ignored
<to be read again> 
                   \relax 
l.838     \begin{equation}
                          
pdfTeX warning (ext4): destination with the same identifier (name{equation.5.1}) has been already used, duplicate ignored
<to be read again> 
                   \relax 
l.845     \begin{equation}
                          
pdfTeX warning (ext4): destination with the same identifier (name{equation.5.1}) has been already used, duplicate ignored
<to be read again> 
                   \relax 
l.845     \begin{equation}
                          
pdfTeX warning (ext4): destination with the same identifier (name{equation.5.1}) has been already used, duplicate ignored
<to be read again> 
                   \relax 
l.845     \begin{equation}
                          
pdfTeX warning (ext4): destination with the same identifier (name{equation.5.1}) has been already used, duplicate ignored
<to be read again> 
                   \relax 
l.845     \begin{equation}
                           [25]
pdfTeX warning (ext4): destination with the same identifier (name{equation.6.1}) has been already used, duplicate ignored
<to be read again> 
                   \relax 
l.900 \begin{equation}
                      
pdfTeX warning (ext4): destination with the same identifier (name{equation.6.1}) has been already used, duplicate ignored
<to be read again> 
                   \relax 
l.900 \begin{equation}
                      
pdfTeX warning (ext4): destination with the same identifier (name{equation.6.1}) has been already used, duplicate ignored
<to be read again> 
                   \relax 
l.900 \begin{equation}
                      
pdfTeX warning (ext4): destination with the same identifier (name{equation.6.1}) has been already used, duplicate ignored
<to be read again> 
                   \relax 
l.900 \begin{equation}
                      
pdfTeX warning (ext4): destination with the same identifier (name{equation.6.1}) has been already used, duplicate ignored
<to be read again> 
                   \relax 
l.907 \begin{equation}
                      
pdfTeX warning (ext4): destination with the same identifier (name{equation.6.1}) has been already used, duplicate ignored
<to be read again> 
                   \relax 
l.907 \begin{equation}
                      
pdfTeX warning (ext4): destination with the same identifier (name{equation.6.1}) has been already used, duplicate ignored
<to be read again> 
                   \relax 
l.907 \begin{equation}
                      
pdfTeX warning (ext4): destination with the same identifier (name{equation.6.1}) has been already used, duplicate ignored
<to be read again> 
                   \relax 
l.907 \begin{equation}
                      
pdfTeX warning (ext4): destination with the same identifier (name{equation.6.1}) has been already used, duplicate ignored
<to be read again> 
                   \relax 
l.921 \begin{equation}
                      
pdfTeX warning (ext4): destination with the same identifier (name{equation.6.1}) has been already used, duplicate ignored
<to be read again> 
                   \relax 
l.921 \begin{equation}
                      
pdfTeX warning (ext4): destination with the same identifier (name{equation.6.1}) has been already used, duplicate ignored
<to be read again> 
                   \relax 
l.921 \begin{equation}
                      
pdfTeX warning (ext4): destination with the same identifier (name{equation.6.1}) has been already used, duplicate ignored
<to be read again> 
                   \relax 
l.921 \begin{equation}
                       [26]
<neuron1.png, id=555, 2067.725pt x 1007.765pt>
File: neuron1.png Graphic file (type png)
<use neuron1.png>
Package pdftex.def Info: neuron1.png  used on input line 954.
(pdftex.def)             Requested size: 413.53767pt x 201.54942pt.
<activations.png, id=556, 2409.0pt x 1248.665pt>
File: activations.png Graphic file (type png)
<use activations.png>
Package pdftex.def Info: activations.png  used on input line 968.
(pdftex.def)             Requested size: 481.79147pt x 249.72858pt.

Overfull \hbox (3.78336pt too wide) in paragraph at lines 968--969
 [][] 
 []

[27 <./neuron1.png>] [28
pdfTeX warning (ext4): destination with the same identifier (name{equation.7.1}) has been already used, duplicate ignored
<argument> ...shipout:D \box_use:N \l_shipout_box 
                                                  \__shipout_drop_firstpage_...
l.998 ...textbf{Leaky ReLU:} $$g(x)=\max(0.1x,x)$$
                                                   <./activations.png>]
<MNN.png, id=578, 1292.83pt x 709.65125pt>
File: MNN.png Graphic file (type png)
<use MNN.png>
Package pdftex.def Info: MNN.png  used on input line 1007.
(pdftex.def)             Requested size: 258.56142pt x 141.92773pt.


LaTeX Warning: The counter will not be printed.
             The label is: $\bullet $ on input line 1011.


pdfTeX warning (ext4): destination with the same identifier (name{equation.7.1}) has been already used, duplicate ignored
<to be read again> 
                   \relax 
l.1015     \begin{equation}
                           
pdfTeX warning (ext4): destination with the same identifier (name{equation.7.1}) has been already used, duplicate ignored
<to be read again> 
                   \relax 
l.1015     \begin{equation}
                           
pdfTeX warning (ext4): destination with the same identifier (name{equation.7.1}) has been already used, duplicate ignored
<to be read again> 
                   \relax 
l.1015     \begin{equation}
                           
pdfTeX warning (ext4): destination with the same identifier (name{equation.7.1}) has been already used, duplicate ignored
<to be read again> 
                   \relax 
l.1015     \begin{equation}
                           
pdfTeX warning (ext4): destination with the same identifier (name{equation.7.1}) has been already used, duplicate ignored
<to be read again> 
                   \relax 
l.1028 \begin{equation}
                       
pdfTeX warning (ext4): destination with the same identifier (name{equation.7.1}) has been already used, duplicate ignored
<to be read again> 
                   \relax 
l.1028 \begin{equation}
                       
pdfTeX warning (ext4): destination with the same identifier (name{equation.7.1}) has been already used, duplicate ignored
<to be read again> 
                   \relax 
l.1028 \begin{equation}
                       
pdfTeX warning (ext4): destination with the same identifier (name{equation.7.1}) has been already used, duplicate ignored
<to be read again> 
                   \relax 
l.1028 \begin{equation}
                        [29 <./MNN.png (PNG copy)>]
pdfTeX warning (ext4): destination with the same identifier (name{equation.7.1}) has been already used, duplicate ignored
<to be read again> 
                   \relax 
l.1037 \begin{equation}
                       
pdfTeX warning (ext4): destination with the same identifier (name{equation.7.1}) has been already used, duplicate ignored
<to be read again> 
                   \relax 
l.1037 \begin{equation}
                       
pdfTeX warning (ext4): destination with the same identifier (name{equation.7.1}) has been already used, duplicate ignored
<to be read again> 
                   \relax 
l.1037 \begin{equation}
                       
pdfTeX warning (ext4): destination with the same identifier (name{equation.7.1}) has been already used, duplicate ignored
<to be read again> 
                   \relax 
l.1037 \begin{equation}
                       
pdfTeX warning (ext4): destination with the same identifier (name{equation.7.1}) has been already used, duplicate ignored
<to be read again> 
                   \relax 
l.1044 \begin{equation}
                       
pdfTeX warning (ext4): destination with the same identifier (name{equation.7.1}) has been already used, duplicate ignored
<to be read again> 
                   \relax 
l.1044 \begin{equation}
                       
pdfTeX warning (ext4): destination with the same identifier (name{equation.7.1}) has been already used, duplicate ignored
<to be read again> 
                   \relax 
l.1044 \begin{equation}
                       
pdfTeX warning (ext4): destination with the same identifier (name{equation.7.1}) has been already used, duplicate ignored
<to be read again> 
                   \relax 
l.1044 \begin{equation}
                       

LaTeX Warning: The counter will not be printed.
             The label is: $\bullet $ on input line 1052.


pdfTeX warning (ext4): destination with the same identifier (name{equation.7.1}) has been already used, duplicate ignored
<to be read again> 
                   \relax 
l.1056     \begin{equation}
                           
pdfTeX warning (ext4): destination with the same identifier (name{equation.7.1}) has been already used, duplicate ignored
<to be read again> 
                   \relax 
l.1056     \begin{equation}
                           
pdfTeX warning (ext4): destination with the same identifier (name{equation.7.1}) has been already used, duplicate ignored
<to be read again> 
                   \relax 
l.1056     \begin{equation}
                           
pdfTeX warning (ext4): destination with the same identifier (name{equation.7.1}) has been already used, duplicate ignored
<to be read again> 
                   \relax 
l.1056     \begin{equation}
                           
<2path.png, id=589, 2059.695pt x 891.33pt>
File: 2path.png Graphic file (type png)
<use 2path.png>
Package pdftex.def Info: 2path.png  used on input line 1069.
(pdftex.def)             Requested size: 411.9317pt x 178.26283pt.

pdfTeX warning (ext4): destination with the same identifier (name{equation.7.1}) has been already used, duplicate ignored
<to be read again> 
                   \relax 
l.1077 \begin{equation}
                       
pdfTeX warning (ext4): destination with the same identifier (name{equation.7.1}) has been already used, duplicate ignored
<to be read again> 
                   \relax 
l.1077 \begin{equation}
                       
pdfTeX warning (ext4): destination with the same identifier (name{equation.7.1}) has been already used, duplicate ignored
<to be read again> 
                   \relax 
l.1077 \begin{equation}
                       
pdfTeX warning (ext4): destination with the same identifier (name{equation.7.1}) has been already used, duplicate ignored
<to be read again> 
                   \relax 
l.1077 \begin{equation}
                       

Package amsmath Warning: Bracket group [a_1^{[1]},a_2^{[1]}] at formula start!
(amsmath)                It could be a misspelled positional argument.
(amsmath)                If it belongs to the formula add a \relax in
(amsmath)                front to hide it on input line 1079.


pdfTeX warning (ext4): destination with the same identifier (name{equation.7.1}) has been already used, duplicate ignored
<to be read again> 
                   \relax 
l.1085 \begin{equation}
                       
pdfTeX warning (ext4): destination with the same identifier (name{equation.7.1}) has been already used, duplicate ignored
<to be read again> 
                   \relax 
l.1085 \begin{equation}
                       
pdfTeX warning (ext4): destination with the same identifier (name{equation.7.1}) has been already used, duplicate ignored
<to be read again> 
                   \relax 
l.1085 \begin{equation}
                       
pdfTeX warning (ext4): destination with the same identifier (name{equation.7.1}) has been already used, duplicate ignored
<to be read again> 
                   \relax 
l.1085 \begin{equation}
                       
pdfTeX warning (ext4): destination with the same identifier (name{equation.7.1}) has been already used, duplicate ignored
<to be read again> 
                   \relax 
l.1094 \begin{equation}
                       
pdfTeX warning (ext4): destination with the same identifier (name{equation.7.1}) has been already used, duplicate ignored
<to be read again> 
                   \relax 
l.1094 \begin{equation}
                       
pdfTeX warning (ext4): destination with the same identifier (name{equation.7.1}) has been already used, duplicate ignored
<to be read again> 
                   \relax 
l.1094 \begin{equation}
                       
pdfTeX warning (ext4): destination with the same identifier (name{equation.7.1}) has been already used, duplicate ignored
<to be read again> 
                   \relax 
l.1094 \begin{equation}
                       
pdfTeX warning (ext4): destination with the same identifier (name{equation.7.1}) has been already used, duplicate ignored
<to be read again> 
                   \relax 
l.1100 \begin{equation}
                       
pdfTeX warning (ext4): destination with the same identifier (name{equation.7.1}) has been already used, duplicate ignored
<to be read again> 
                   \relax 
l.1100 \begin{equation}
                       
pdfTeX warning (ext4): destination with the same identifier (name{equation.7.1}) has been already used, duplicate ignored
<to be read again> 
                   \relax 
l.1100 \begin{equation}
                       
pdfTeX warning (ext4): destination with the same identifier (name{equation.7.1}) has been already used, duplicate ignored
<to be read again> 
                   \relax 
l.1100 \begin{equation}
                        [30]

LaTeX Warning: The counter will not be printed.
             The label is: $\bullet $ on input line 1108.


pdfTeX warning (ext4): destination with the same identifier (name{equation.7.1}) has been already used, duplicate ignored
<to be read again> 
                   \relax 
l.1114 \begin{equation}
                       
pdfTeX warning (ext4): destination with the same identifier (name{equation.7.1}) has been already used, duplicate ignored
<to be read again> 
                   \relax 
l.1114 \begin{equation}
                       
pdfTeX warning (ext4): destination with the same identifier (name{equation.7.1}) has been already used, duplicate ignored
<to be read again> 
                   \relax 
l.1114 \begin{equation}
                       
pdfTeX warning (ext4): destination with the same identifier (name{equation.7.1}) has been already used, duplicate ignored
<to be read again> 
                   \relax 
l.1114 \begin{equation}
                       
pdfTeX warning (ext4): destination with the same identifier (name{equation.7.1}) has been already used, duplicate ignored
<to be read again> 
                   \relax 
l.1121 \begin{equation}
                       
pdfTeX warning (ext4): destination with the same identifier (name{equation.7.1}) has been already used, duplicate ignored
<to be read again> 
                   \relax 
l.1121 \begin{equation}
                       
pdfTeX warning (ext4): destination with the same identifier (name{equation.7.1}) has been already used, duplicate ignored
<to be read again> 
                   \relax 
l.1121 \begin{equation}
                       
pdfTeX warning (ext4): destination with the same identifier (name{equation.7.1}) has been already used, duplicate ignored
<to be read again> 
                   \relax 
l.1121 \begin{equation}
                       
pdfTeX warning (ext4): destination with the same identifier (name{equation.7.1}) has been already used, duplicate ignored
<to be read again> 
                   \relax 
l.1130 \begin{equation}
                       
pdfTeX warning (ext4): destination with the same identifier (name{equation.7.1}) has been already used, duplicate ignored
<to be read again> 
                   \relax 
l.1130 \begin{equation}
                       
pdfTeX warning (ext4): destination with the same identifier (name{equation.7.1}) has been already used, duplicate ignored
<to be read again> 
                   \relax 
l.1130 \begin{equation}
                       
pdfTeX warning (ext4): destination with the same identifier (name{equation.7.1}) has been already used, duplicate ignored
<to be read again> 
                   \relax 
l.1130 \begin{equation}
                        [31 <./2path.png>]
pdfTeX warning (ext4): destination with the same identifier (name{equation.7.1}) has been already used, duplicate ignored
<to be read again> 
                   \relax 
l.1142 \begin{equation}
                       
pdfTeX warning (ext4): destination with the same identifier (name{equation.7.1}) has been already used, duplicate ignored
<to be read again> 
                   \relax 
l.1142 \begin{equation}
                       
pdfTeX warning (ext4): destination with the same identifier (name{equation.7.1}) has been already used, duplicate ignored
<to be read again> 
                   \relax 
l.1142 \begin{equation}
                       
pdfTeX warning (ext4): destination with the same identifier (name{equation.7.1}) has been already used, duplicate ignored
<to be read again> 
                   \relax 
l.1142 \begin{equation}
                       
pdfTeX warning (ext4): destination with the same identifier (name{equation.7.1}) has been already used, duplicate ignored
<to be read again> 
                   \relax 
l.1152 \begin{equation}
                       
pdfTeX warning (ext4): destination with the same identifier (name{equation.7.1}) has been already used, duplicate ignored
<to be read again> 
                   \relax 
l.1152 \begin{equation}
                       
pdfTeX warning (ext4): destination with the same identifier (name{equation.7.1}) has been already used, duplicate ignored
<to be read again> 
                   \relax 
l.1152 \begin{equation}
                       
pdfTeX warning (ext4): destination with the same identifier (name{equation.7.1}) has been already used, duplicate ignored
<to be read again> 
                   \relax 
l.1152 \begin{equation}
                        [32]
<Per_output.png, id=611, 2202.2275pt x 913.4125pt>
File: Per_output.png Graphic file (type png)
<use Per_output.png>
Package pdftex.def Info: Per_output.png  used on input line 1192.
(pdftex.def)             Requested size: 330.31987pt x 137.00597pt.
 [33]

LaTeX Warning: The counter will not be printed.
             The label is: $\bullet $ on input line 1210.


LaTeX Warning: The counter will not be printed.
             The label is: $\cdot $ on input line 1210.


LaTeX Warning: The counter will not be printed.
             The label is: $\cdot $ on input line 1210.

<per.png, id=622, 2226.3175pt x 1053.9375pt>
File: per.png Graphic file (type png)
<use per.png>
Package pdftex.def Info: per.png  used on input line 1215.
(pdftex.def)             Requested size: 445.25562pt x 210.78377pt.

LaTeX Warning: The counter will not be printed.
             The label is: $\bullet $ on input line 1225.


LaTeX Warning: The counter will not be printed.
             The label is: $\cdot $ on input line 1228.

[34 <./Per_output.png>] [35 <./per.png>]
pdfTeX warning (ext4): destination with the same identifier (name{equation.7.1}) has been already used, duplicate ignored
<to be read again> 
                   \relax 
l.1258 \begin{equation}
                       
pdfTeX warning (ext4): destination with the same identifier (name{equation.7.1}) has been already used, duplicate ignored
<to be read again> 
                   \relax 
l.1258 \begin{equation}
                       
pdfTeX warning (ext4): destination with the same identifier (name{equation.7.1}) has been already used, duplicate ignored
<to be read again> 
                   \relax 
l.1258 \begin{equation}
                       
pdfTeX warning (ext4): destination with the same identifier (name{equation.7.1}) has been already used, duplicate ignored
<to be read again> 
                   \relax 
l.1258 \begin{equation}
                       
<adaline.png, id=651, 2264.46pt x 1057.9525pt>
File: adaline.png Graphic file (type png)
<use adaline.png>
Package pdftex.def Info: adaline.png  used on input line 1267.
(pdftex.def)             Requested size: 452.88399pt x 211.58675pt.


LaTeX Warning: The counter will not be printed.
             The label is: $\bullet $ on input line 1274.

[36 <./adaline.png>]
pdfTeX warning (ext4): destination with the same identifier (name{equation.7.1}) has been already used, duplicate ignored
<to be read again> 
                   \relax 
l.1308 \begin{equation}
                       
pdfTeX warning (ext4): destination with the same identifier (name{equation.7.1}) has been already used, duplicate ignored
<to be read again> 
                   \relax 
l.1308 \begin{equation}
                       
pdfTeX warning (ext4): destination with the same identifier (name{equation.7.1}) has been already used, duplicate ignored
<to be read again> 
                   \relax 
l.1308 \begin{equation}
                       
pdfTeX warning (ext4): destination with the same identifier (name{equation.7.1}) has been already used, duplicate ignored
<to be read again> 
                   \relax 
l.1308 \begin{equation}
                        [37]
pdfTeX warning (ext4): destination with the same identifier (name{equation.7.1}) has been already used, duplicate ignored
<to be read again> 
                   \relax 
l.1318 \begin{equation}
                       
pdfTeX warning (ext4): destination with the same identifier (name{equation.7.1}) has been already used, duplicate ignored
<to be read again> 
                   \relax 
l.1318 \begin{equation}
                       
pdfTeX warning (ext4): destination with the same identifier (name{equation.7.1}) has been already used, duplicate ignored
<to be read again> 
                   \relax 
l.1318 \begin{equation}
                       
pdfTeX warning (ext4): destination with the same identifier (name{equation.7.1}) has been already used, duplicate ignored
<to be read again> 
                   \relax 
l.1318 \begin{equation}
                       
pdfTeX warning (ext4): destination with the same identifier (name{equation.7.1}) has been already used, duplicate ignored
<to be read again> 
                   \relax 
l.1325 \begin{equation}
                       
pdfTeX warning (ext4): destination with the same identifier (name{equation.7.1}) has been already used, duplicate ignored
<to be read again> 
                   \relax 
l.1325 \begin{equation}
                       
pdfTeX warning (ext4): destination with the same identifier (name{equation.7.1}) has been already used, duplicate ignored
<to be read again> 
                   \relax 
l.1325 \begin{equation}
                       
pdfTeX warning (ext4): destination with the same identifier (name{equation.7.1}) has been already used, duplicate ignored
<to be read again> 
                   \relax 
l.1325 \begin{equation}
                       
pdfTeX warning (ext4): destination with the same identifier (name{equation.7.1}) has been already used, duplicate ignored
<to be read again> 
                   \relax 
l.1336 \begin{equation}
                       
pdfTeX warning (ext4): destination with the same identifier (name{equation.7.1}) has been already used, duplicate ignored
<to be read again> 
                   \relax 
l.1336 \begin{equation}
                       
pdfTeX warning (ext4): destination with the same identifier (name{equation.7.1}) has been already used, duplicate ignored
<to be read again> 
                   \relax 
l.1336 \begin{equation}
                       
pdfTeX warning (ext4): destination with the same identifier (name{equation.7.1}) has been already used, duplicate ignored
<to be read again> 
                   \relax 
l.1336 \begin{equation}
                       
pdfTeX warning (ext4): destination with the same identifier (name{equation.7.1}) has been already used, duplicate ignored
<to be read again> 
                   \relax 
l.1344 \begin{equation}
                       
pdfTeX warning (ext4): destination with the same identifier (name{equation.7.1}) has been already used, duplicate ignored
<to be read again> 
                   \relax 
l.1344 \begin{equation}
                       
pdfTeX warning (ext4): destination with the same identifier (name{equation.7.1}) has been already used, duplicate ignored
<to be read again> 
                   \relax 
l.1344 \begin{equation}
                       
pdfTeX warning (ext4): destination with the same identifier (name{equation.7.1}) has been already used, duplicate ignored
<to be read again> 
                   \relax 
l.1344 \begin{equation}
                       

LaTeX Warning: The counter will not be printed.
             The label is: $\bullet $ on input line 1352.


LaTeX Warning: The counter will not be printed.
             The label is: $\cdot $ on input line 1355.

[38]
<multi-class.png, id=679, 2419.0375pt x 901.3675pt>
File: multi-class.png Graphic file (type png)
<use multi-class.png>
Package pdftex.def Info: multi-class.png  used on input line 1369.
(pdftex.def)             Requested size: 483.79893pt x 180.2703pt.

Overfull \hbox (5.79082pt too wide) in paragraph at lines 1369--1370
 [][] 
 []

<multi-label.png, id=680, 2415.0225pt x 897.3525pt>
File: multi-label.png Graphic file (type png)
<use multi-label.png>
Package pdftex.def Info: multi-label.png  used on input line 1378.
(pdftex.def)             Requested size: 482.99596pt x 179.46732pt.

Overfull \hbox (4.98784pt too wide) in paragraph at lines 1378--1379
 [][] 
 []

[39 <./multi-class.png> <./multi-label.png>]
<exampleofact.png, id=691, 2160.07pt x 1009.7725pt>
File: exampleofact.png Graphic file (type png)
<use exampleofact.png>
Package pdftex.def Info: exampleofact.png  used on input line 1386.
(pdftex.def)             Requested size: 323.99652pt x 151.45934pt.
<ohe.png, id=692, 1975.38pt x 766.865pt>
File: ohe.png Graphic file (type png)
<use ohe.png>
Package pdftex.def Info: ohe.png  used on input line 1397.
(pdftex.def)             Requested size: 296.29422pt x 115.02478pt.
 [40 <./exampleofact.png> <./ohe.png>] [41]
Overfull \hbox (18.59187pt too wide) in paragraph at lines 1476--1477
[][]\T1/cmr/bx/n/10.95 Definition 18. []$[]$\T1/cmr/m/it/10.95 , $[]$, $[]$,
 []

<deep.png, id=716, 1724.4425pt x 1254.6875pt>
File: deep.png Graphic file (type png)
<use deep.png>
Package pdftex.def Info: deep.png  used on input line 1481.
(pdftex.def)             Requested size: 258.65521pt x 188.195pt.
[42 <./deep.png>]
<UAT.png, id=725, 1951.29pt x 1122.1925pt>
File: UAT.png Graphic file (type png)
<use UAT.png>
Package pdftex.def Info: UAT.png  used on input line 1498.
(pdftex.def)             Requested size: 390.25108pt x 224.43452pt.
 [43 <./UAT.png>]
<BGDandSGD.png, id=734, 2039.62pt x 1361.085pt>
File: BGDandSGD.png Graphic file (type png)
<use BGDandSGD.png>
Package pdftex.def Info: BGDandSGD.png  used on input line 1537.
(pdftex.def)             Requested size: 407.91678pt x 272.21217pt.
 [44]
<SGDandMBGD.png, id=753, 2015.53pt x 1399.2275pt>
File: SGDandMBGD.png Graphic file (type png)
<use SGDandMBGD.png>
Package pdftex.def Info: SGDandMBGD.png  used on input line 1562.
(pdftex.def)             Requested size: 403.09886pt x 279.84055pt.
<resource.png, id=754, 1941.2525pt x 1017.8025pt>
File: resource.png Graphic file (type png)
<use resource.png>
Package pdftex.def Info: resource.png  used on input line 1569.
(pdftex.def)             Requested size: 388.24362pt x 203.5569pt.
 [45 <./BGDandSGD.png>] [46 <./SGDandMBGD.png> <./resource.png>] (./Inference and Learning.aux)

LaTeX Warning: There were multiply-defined labels.

Package rerunfilecheck Info: File `"Inference and Learning".out' has not changed.
(rerunfilecheck)             Checksum: 0E9D5E4755FFB169195BA2835278C72B;13498.
 ) 
Here is how much of TeX's memory you used:
 33371 strings out of 475075
 794063 string characters out of 5779003
 1223780 words of memory out of 5000000
 53901 multiletter control sequences out of 15000+600000
 487031 words of font info for 72 fonts, out of 8000000 for 9000
 1141 hyphenation exceptions out of 8191
 100i,15n,104p,792b,687s stack positions out of 10000i,1000n,20000p,200000b,200000s
{/usr/local/texlive/2022/texmf-dist/fonts/enc/dvips/cm-super/cm-super-t1.enc}</usr/local/texlive/2022/texmf-dist/fonts/type1/public/amsfonts/cm/cmbx10.pfb></usr/local/texlive/2022/texmf-dist/fonts/type1/public/amsfonts/cm/cmex10.pfb></usr/local/texlive/2022/texmf-dist/fonts/type1/public/amsfonts/cmextra/cmex8.pfb></usr/local/texlive/2022/texmf-dist/fonts/type1/public/amsfonts/cm/cmmi10.pfb></usr/local/texlive/2022/texmf-dist/fonts/type1/public/amsfonts/cm/cmmi6.pfb></usr/local/texlive/2022/texmf-dist/fonts/type1/public/amsfonts/cm/cmmi8.pfb></usr/local/texlive/2022/texmf-dist/fonts/type1/public/amsfonts/cm/cmr10.pfb></usr/local/texlive/2022/texmf-dist/fonts/type1/public/amsfonts/cm/cmr6.pfb></usr/local/texlive/2022/texmf-dist/fonts/type1/public/amsfonts/cm/cmr8.pfb></usr/local/texlive/2022/texmf-dist/fonts/type1/public/amsfonts/cm/cmsy10.pfb></usr/local/texlive/2022/texmf-dist/fonts/type1/public/amsfonts/cm/cmsy6.pfb></usr/local/texlive/2022/texmf-dist/fonts/type1/public/amsfonts/cm/cmsy8.pfb></usr/local/texlive/2022/texmf-dist/fonts/type1/public/amsfonts/symbols/msam10.pfb></usr/local/texlive/2022/texmf-dist/fonts/type1/public/amsfonts/symbols/msbm10.pfb></usr/local/texlive/2022/texmf-dist/fonts/type1/public/cm-super/sfbi1095.pfb></usr/local/texlive/2022/texmf-dist/fonts/type1/public/cm-super/sfbx1095.pfb></usr/local/texlive/2022/texmf-dist/fonts/type1/public/cm-super/sfbx1200.pfb></usr/local/texlive/2022/texmf-dist/fonts/type1/public/cm-super/sfbx1440.pfb></usr/local/texlive/2022/texmf-dist/fonts/type1/public/cm-super/sfrm0800.pfb></usr/local/texlive/2022/texmf-dist/fonts/type1/public/cm-super/sfrm1095.pfb></usr/local/texlive/2022/texmf-dist/fonts/type1/public/cm-super/sfrm1200.pfb></usr/local/texlive/2022/texmf-dist/fonts/type1/public/cm-super/sfrm1728.pfb></usr/local/texlive/2022/texmf-dist/fonts/type1/public/cm-super/sfti1095.pfb>
Output written on "Inference and Learning.pdf" (46 pages, 3162176 bytes).
PDF statistics:
 937 PDF objects out of 1000 (max. 8388607)
 798 compressed objects within 8 object streams
 292 named destinations out of 1000 (max. 500000)
 636 words of extra memory for PDF output out of 10000 (max. 10000000)

