\BOOKMARK [1][-]{section.1}{\376\377\000U\000n\000c\000o\000n\000s\000t\000r\000a\000i\000n\000e\000d\000\040\000O\000p\000t\000i\000m\000i\000z\000a\000t\000i\000o\000n}{}% 1
\BOOKMARK [2][-]{subsection.1.1}{\376\377\000C\000o\000n\000d\000i\000t\000i\000o\000n\000s\000\040\000f\000o\000r\000\040\000O\000p\000t\000i\000m\000a\000l\000i\000t\000y}{section.1}% 2
\BOOKMARK [2][-]{subsection.1.2}{\376\377\000G\000l\000o\000b\000a\000l\000\040\000m\000i\000n\000i\000m\000i\000z\000e\000r\000,\000\040\000L\000o\000c\000a\000l\000\040\000m\000i\000n\000i\000m\000i\000z\000e\000r}{section.1}% 3
\BOOKMARK [2][-]{subsection.1.3}{\376\377\000O\000p\000t\000i\000m\000i\000z\000a\000t\000i\000o\000n\000\040\000i\000n\000\040\000R}{section.1}% 4
\BOOKMARK [3][-]{subsubsection.1.3.1}{\376\377\000T\000h\000e\000o\000r\000e\000m\000:\000\040\000l\000o\000c\000a\000l\000\040\000m\000i\000n\000i\000m\000i\000z\000e\000r\000\040\000f\000'\000\050\000x\000*\000\051\000=\0000}{subsection.1.3}% 5
\BOOKMARK [3][-]{subsubsection.1.3.2}{\376\377\000T\000h\000e\000o\000r\000e\000m\000:\000\040\000f\000'\000\050\000x\000*\000\051\000=\0000\000,\000\040\000f\000'\000'\000\050\000x\000*\000\051\0000\000\040\000\040\000l\000o\000c\000a\000l\000\040\000m\000i\000n\000i\000m\000i\000z\000e\000r}{subsection.1.3}% 6
\BOOKMARK [2][-]{subsection.1.4}{\376\377\000O\000p\000t\000i\000m\000i\000z\000a\000t\000i\000o\000n\000\040\000i\000n\000\040\000R\000n}{section.1}% 7
\BOOKMARK [3][-]{subsubsection.1.4.1}{\376\377\000F\000i\000r\000s\000t\000\040\000O\000r\000d\000e\000r\000\040\000N\000e\000c\000e\000s\000s\000a\000r\000y\000\040\000C\000o\000n\000d\000i\000t\000i\000o\000n\000:\000\040\000f\000\050\000x\000*\000\051\000=\0000}{subsection.1.4}% 8
\BOOKMARK [3][-]{subsubsection.1.4.2}{\376\377\000S\000t\000a\000t\000i\000o\000n\000a\000r\000y\000\040\000P\000o\000i\000n\000t\000,\000\040\000S\000a\000d\000d\000l\000e\000\040\000P\000o\000i\000n\000t}{subsection.1.4}% 9
\BOOKMARK [3][-]{subsubsection.1.4.3}{\376\377\000S\000e\000c\000o\000n\000d\000\040\000O\000r\000d\000e\000r\000\040\000N\000e\000c\000e\000s\000s\000a\000r\000y\000\040\000C\000o\000n\000d\000i\000t\000i\000o\000n\000\040\0002\000\040\000f\000\050\000x\000*\000\051\0000}{subsection.1.4}% 10
\BOOKMARK [3][-]{subsubsection.1.4.4}{\376\377\000S\000u\000f\000f\000i\000c\000i\000e\000n\000t\000\040\000C\000o\000n\000d\000i\000t\000i\000o\000n\000s\000\040\000f\000o\000r\000\040\000O\000p\000t\000i\000m\000a\000l\000i\000t\000y\000\040\000f\000\050\000x\000*\000\051\000=\0000\000\040\000a\000n\000d\000\040\0002\000\040\000f\000\050\000x\000*\000\051\0000}{subsection.1.4}% 11
\BOOKMARK [3][-]{subsubsection.1.4.5}{\376\377\000U\000s\000i\000n\000g\000\040\000O\000p\000t\000i\000m\000a\000l\000i\000t\000y\000\040\000C\000o\000n\000d\000i\000t\000i\000o\000n\000s\000\040\000t\000o\000\040\000F\000i\000n\000d\000\040\000M\000i\000n\000i\000m\000u\000m}{subsection.1.4}% 12
\BOOKMARK [3][-]{subsubsection.1.4.6}{\376\377\000F\000i\000x\000\040\000C\000o\000n\000d\000i\000t\000i\000o\000n\000s\000\040\000f\000o\000r\000\040\000G\000l\000o\000b\000a\000l\000\040\000O\000p\000t\000i\000m\000a\000l\000i\000t\000y}{subsection.1.4}% 13
\BOOKMARK [2][-]{subsection.1.5}{\376\377\000O\000p\000t\000i\000m\000i\000z\000a\000t\000i\000o\000n\000\040\000i\000n\000\040\000a\000\040\000S\000e\000t}{section.1}% 14
\BOOKMARK [3][-]{subsubsection.1.5.1}{\376\377\000E\000x\000i\000s\000t\000e\000n\000c\000e\000\040\000o\000f\000\040\000G\000l\000o\000b\000a\000l\000-\000m\000i\000n}{subsection.1.5}% 15
\BOOKMARK [2][-]{subsection.1.6}{\376\377\000M\000e\000t\000h\000o\000d\000\040\000o\000f\000\040\000f\000i\000n\000d\000i\000n\000g\000-\000g\000l\000o\000b\000a\000l\000-\000m\000i\000n\000-\000a\000m\000o\000n\000g\000-\000s\000t\000a\000t\000i\000o\000n\000a\000r\000y\000-\000p\000o\000i\000n\000t\000s\000\040\000\050\000F\000G\000M\000S\000P\000\051}{section.1}% 16
\BOOKMARK [1][-]{section.2}{\376\377\000C\000o\000n\000v\000e\000x\000i\000t\000y}{}% 17
\BOOKMARK [2][-]{subsection.2.1}{\376\377\000D\000e\000f\000i\000n\000i\000t\000i\000o\000n}{section.2}% 18
\BOOKMARK [2][-]{subsection.2.2}{\376\377\000C\000o\000n\000v\000e\000x\000S\000t\000a\000t\000i\000o\000n\000a\000r\000y\000\040\000p\000o\000i\000n\000t\000\040\000i\000s\000\040\000g\000l\000o\000b\000a\000l\000-\000m\000i\000n}{section.2}% 19
\BOOKMARK [2][-]{subsection.2.3}{\376\377\000U\000n\000c\000o\000n\000s\000t\000r\000a\000i\000n\000e\000d\000\040\000Q\000u\000a\000d\000r\000a\000t\000i\000c\000\040\000O\000p\000t\000i\000m\000i\000z\000a\000t\000i\000o\000n}{section.2}% 20
\BOOKMARK [2][-]{subsection.2.4}{\376\377\000S\000t\000r\000o\000n\000g\000l\000y\000\040\000C\000o\000n\000v\000e\000x\000i\000t\000y}{section.2}% 21
\BOOKMARK [3][-]{subsubsection.2.4.1}{\376\377\000-\000S\000t\000r\000o\000n\000g\000l\000y\000\040\000C\000o\000n\000v\000e\000x\000:\000\040\000\040\000f\000\050\000w\000\051\000-\000f\000\050\000v\000\051\000,\000\040\000w\000-\000v\000w\000-\000v\0002}{subsection.2.4}% 22
\BOOKMARK [3][-]{subsubsection.2.4.2}{\376\377\000-\000s\000t\000r\000o\000n\000g\000l\000y\000\040\000c\000o\000n\000v\000e\000x\000\040\0002\000\040\000f\000\050\000x\000\051\000\040\000I}{subsection.2.4}% 23
\BOOKMARK [3][-]{subsubsection.2.4.3}{\376\377\000L\000e\000m\000m\000a\000:\000\040\000S\000t\000r\000o\000n\000g\000l\000y\000\040\000c\000o\000n\000v\000e\000x\000i\000t\000y\000\040\000\040\000S\000t\000r\000i\000c\000t\000l\000y\000\040\000c\000o\000n\000v\000e\000x\000i\000t\000y}{subsection.2.4}% 24
\BOOKMARK [3][-]{subsubsection.2.4.4}{\376\377\000L\000e\000m\000m\000a\000:\000\040\0002\000\040\000f\000\050\000x\000\051\000m\000I\000\040\000\040\000f\000\050\000y\000\051\000f\000\050\000x\000\051\000+\000f\000\050\000x\000\051\000T\000\050\000y\000-\000x\000\051\000+\000m\0002\000y\000-\000x\0002}{subsection.2.4}% 25
\BOOKMARK [1][-]{section.3}{\376\377\000G\000r\000a\000d\000i\000e\000n\000t\000\040\000M\000e\000t\000h\000o\000d\000s}{}% 26
\BOOKMARK [2][-]{subsection.3.1}{\376\377\000S\000t\000e\000e\000p\000e\000s\000t\000\040\000D\000e\000s\000c\000e\000n\000t}{section.3}% 27
\BOOKMARK [2][-]{subsection.3.2}{\376\377\000M\000e\000t\000h\000o\000d\000s\000\040\000f\000o\000r\000\040\000C\000h\000o\000o\000s\000i\000n\000g\000\040\000k}{section.3}% 28
\BOOKMARK [2][-]{subsection.3.3}{\376\377\000O\000p\000t\000i\000m\000a\000l\000\050\000E\000x\000a\000c\000t\000\051\000\040\000L\000i\000n\000e\000\040\000S\000e\000a\000r\000c\000h}{section.3}% 29
\BOOKMARK [2][-]{subsection.3.4}{\376\377\000A\000r\000m\000i\000j\000o\000'\000s\000\040\000R\000u\000l\000e}{section.3}% 30
\BOOKMARK [2][-]{subsection.3.5}{\376\377\000A\000r\000m\000i\000j\000o\000'\000s\000\040\000R\000u\000l\000e\000\040\000f\000o\000r\000\040\000S\000t\000e\000e\000p\000e\000s\000t\000\040\000D\000e\000s\000c\000e\000n\000t}{section.3}% 31
\BOOKMARK [1][-]{section.4}{\376\377\000C\000o\000n\000v\000e\000r\000g\000e\000n\000c\000e\000\040\000o\000f\000\040\000G\000D\000\040\000w\000i\000t\000h\000\040\000C\000o\000n\000s\000t\000a\000n\000t\000\040\000S\000t\000e\000p\000s\000i\000z\000e}{}% 32
\BOOKMARK [2][-]{subsection.4.1}{\376\377\000L\000i\000p\000s\000c\000h\000i\000t\000z\000\040\000G\000r\000a\000d\000i\000e\000n\000t\000\040\000\050\000L\000-\000S\000m\000o\000o\000t\000h\000\051}{section.4}% 33
\BOOKMARK [3][-]{subsubsection.4.1.1}{\376\377\000T\000h\000e\000o\000r\000e\000m\000:\000\040\000-\000M\000I\0002\000\040\000f\000\050\000x\000\051\000M\000I\000\040\000\040\000f\000\050\000x\000\051\000\040\000i\000s\000\040\000L\000i\000p\000s\000c\000h\000i\000t\000z\000\040\000w\000i\000t\000h\000\040\000c\000o\000n\000s\000t\000a\000n\000t\000\040\000M}{subsection.4.1}% 34
\BOOKMARK [3][-]{subsubsection.4.1.2}{\376\377\000D\000e\000s\000c\000e\000n\000t\000\040\000L\000e\000m\000m\000a\000:\000\040\000f\000\050\000x\000\051\000\040\000i\000s\000\040\000L\000i\000p\000s\000c\000h\000i\000t\000z\000\040\000w\000i\000t\000h\000\040\000c\000o\000n\000s\000t\000a\000n\000t\000\040\000L\000\040\000f\000\050\000y\000\051\000f\000\050\000x\000\051\000+\000f\000\050\000x\000\051\000T\000\050\000y\000-\000x\000\051\000+\000L\0002\000y\000-\000x\0002}{subsection.4.1}% 35
\BOOKMARK [3][-]{subsubsection.4.1.3}{\376\377\000C\000o\000-\000c\000o\000e\000r\000c\000i\000v\000i\000t\000y\000\040\000C\000o\000n\000d\000i\000t\000i\000o\000n\000:\000\040\000\050\000f\000\050\000x\000\051\000-\000f\000\050\000y\000\051\000\051\000T\000\050\000x\000-\000y\000\051\0001\000L\000f\000\050\000x\000\051\000-\000f\000\050\000y\000\051\0002}{subsection.4.1}% 36
\BOOKMARK [2][-]{subsection.4.2}{\376\377\000C\000o\000n\000v\000e\000r\000g\000e\000n\000c\000e\000\040\000o\000f\000\040\000S\000t\000e\000e\000p\000e\000s\000t\000\040\000D\000e\000s\000c\000e\000n\000t\000\040\000w\000i\000t\000h\000\040\000F\000i\000x\000e\000d\000\040\000S\000t\000e\000p\000s\000i\000z\000e}{section.4}% 37
\BOOKMARK [3][-]{subsubsection.4.2.1}{\376\377\000T\000h\000e\000o\000r\000e\000m\000:\000\040\000f\000\040\000h\000a\000s\000\040\000L\000i\000p\000s\000c\000h\000i\000t\000z\000\040\000g\000r\000a\000d\000i\000e\000n\000t\000\040\000\040\000\173\000x\000k\000\175\000\040\000c\000o\000n\000v\000e\000r\000g\000e\000s\000\040\000t\000o\000\040\000s\000t\000a\000t\000i\000o\000n\000a\000r\000y\000\040\000p\000o\000i\000n\000t}{subsection.4.2}% 38
\BOOKMARK [2][-]{subsection.4.3}{\376\377\000C\000o\000n\000v\000e\000r\000g\000e\000n\000c\000e\000\040\000o\000f\000\040\000G\000D\000\040\000f\000o\000r\000\040\000c\000o\000n\000v\000e\000x\000\040\000f\000u\000n\000c\000t\000i\000o\000n\000s}{section.4}% 39
\BOOKMARK [3][-]{subsubsection.4.3.1}{\376\377\000T\000h\000e\000o\000r\000e\000m\000:\000\040\000f\000\040\000i\000s\000\040\000c\000o\000n\000v\000e\000x\000\040\000a\000n\000d\000\040\000h\000a\000s\000\040\000L\000i\000p\000s\000c\000h\000i\000t\000z\000\040\000g\000r\000a\000d\000i\000e\000n\000t\000\040\000\040\000f\000\050\000x\000k\000\051\000\040\000c\000o\000n\000v\000e\000r\000g\000e\000s\000\040\000t\000o\000\040\000g\000l\000o\000b\000a\000l\000-\000m\000i\000n\000\040\000v\000a\000l\000u\000e\000\040\000w\000i\000t\000h\000\040\000r\000a\000t\000e\000\040\0001\000k}{subsection.4.3}% 40
\BOOKMARK [2][-]{subsection.4.4}{\376\377\000C\000o\000n\000v\000e\000r\000g\000e\000n\000c\000e\000\040\000o\000f\000\040\000G\000D\000\040\000f\000o\000r\000\040\000s\000t\000r\000o\000n\000g\000l\000y\000\040\000c\000o\000n\000v\000e\000x\000\040\000f\000u\000n\000c\000t\000i\000o\000n\000s}{section.4}% 41
\BOOKMARK [3][-]{subsubsection.4.4.1}{\376\377\000T\000h\000e\000o\000r\000e\000m\000:\000\040\000S\000t\000r\000o\000n\000g\000l\000y\000\040\000c\000o\000n\000v\000e\000x\000,\000\040\000L\000i\000p\000s\000c\000h\000i\000t\000z\000\040\000g\000r\000a\000d\000i\000e\000n\000t\000\040\000\040\000\173\000x\000k\000\175\000\040\000c\000o\000n\000v\000e\000r\000g\000e\000s\000\040\000t\000o\000\040\000g\000l\000o\000b\000a\000l\000-\000m\000i\000n\000\040\000g\000e\000o\000m\000e\000t\000r\000i\000c\000a\000l\000l\000y}{subsection.4.4}% 42
\BOOKMARK [3][-]{subsubsection.4.4.2}{\376\377\000E\000x\000a\000m\000p\000l\000e}{subsection.4.4}% 43
\BOOKMARK [2][-]{subsection.4.5}{\376\377\000C\000o\000n\000v\000e\000r\000g\000e\000n\000c\000e\000\040\000o\000f\000\040\000G\000r\000a\000d\000i\000e\000n\000t\000\040\000D\000e\000s\000c\000e\000n\000t\000\040\000o\000n\000\040\000S\000m\000o\000o\000t\000h\000\040\000S\000t\000r\000o\000n\000g\000l\000y\000-\000C\000o\000n\000v\000e\000x\000\040\000F\000u\000n\000c\000t\000i\000o\000n\000s}{section.4}% 44
\BOOKMARK [2][-]{subsection.4.6}{\376\377\000F\000r\000o\000m\000\040\000c\000o\000n\000v\000e\000r\000g\000e\000n\000c\000e\000\040\000r\000a\000t\000e\000\040\000t\000o\000\040\000i\000t\000e\000r\000a\000t\000i\000o\000n\000\040\000c\000o\000m\000p\000l\000e\000x\000i\000t\000y}{section.4}% 45
\BOOKMARK [1][-]{section.5}{\376\377\000N\000e\000w\000t\000o\000n\000'\000s\000\040\000M\000e\000t\000h\000o\000d}{}% 46
\BOOKMARK [2][-]{subsection.5.1}{\376\377\000G\000e\000n\000e\000r\000a\000l\000i\000z\000a\000t\000i\000o\000n\000\040\000t\000o\000\040\000O\000p\000t\000i\000m\000i\000z\000a\000t\000i\000o\000n}{section.5}% 47
\BOOKMARK [2][-]{subsection.5.2}{\376\377\000A\000\040\000N\000e\000w\000\040\000I\000n\000t\000e\000r\000p\000r\000e\000t\000a\000t\000i\000o\000n\000\040\000o\000f\000\040\000N\000e\000w\000t\000o\000n\040\031\000s\000\040\000M\000e\000t\000h\000o\000d}{section.5}% 48
\BOOKMARK [2][-]{subsection.5.3}{\376\377\000C\000o\000n\000v\000e\000r\000g\000e\000n\000c\000e\000\040\000o\000f\000\040\000N\000e\000w\000t\000o\000n\000'\000s\000\040\000M\000e\000t\000h\000o\000d}{section.5}% 49
\BOOKMARK [2][-]{subsection.5.4}{\376\377\000N\000o\000t\000e\000:\000\040\000C\000o\000n\000s\000\040\000a\000n\000d\000\040\000P\000r\000o\000s}{section.5}% 50
\BOOKMARK [2][-]{subsection.5.5}{\376\377\000M\000o\000d\000i\000f\000i\000c\000a\000t\000i\000o\000n\000s\000\040\000t\000o\000\040\000e\000n\000s\000u\000r\000e\000\040\000g\000l\000o\000b\000a\000l\000\040\000c\000o\000n\000v\000e\000r\000g\000e\000n\000c\000e}{section.5}% 51
\BOOKMARK [2][-]{subsection.5.6}{\376\377\000Q\000u\000a\000s\000i\000-\000N\000e\000w\000t\000o\000n\000\040\000M\000e\000t\000h\000o\000d\000s}{section.5}% 52
\BOOKMARK [3][-]{subsubsection.5.6.1}{\376\377\000B\000F\000G\000S\000\040\000M\000e\000t\000h\000o\000d}{subsection.5.6}% 53
\BOOKMARK [2][-]{subsection.5.7}{\376\377\000T\000r\000u\000s\000t\000-\000R\000e\000g\000i\000o\000n\000\040\000M\000e\000t\000h\000o\000d}{section.5}% 54
\BOOKMARK [2][-]{subsection.5.8}{\376\377\000C\000u\000b\000i\000c\000\040\000R\000e\000g\000u\000l\000a\000r\000i\000z\000a\000t\000i\000o\000n}{section.5}% 55
\BOOKMARK [1][-]{section.6}{\376\377\000N\000e\000u\000r\000a\000l\000\040\000N\000e\000t\000w\000o\000r\000k\000s}{}% 56
\BOOKMARK [2][-]{subsection.6.1}{\376\377\000N\000e\000u\000r\000o\000n}{section.6}% 57
\BOOKMARK [2][-]{subsection.6.2}{\376\377\000M\000u\000l\000t\000i\000l\000a\000y\000e\000r\000\040\000N\000e\000u\000r\000a\000l\000\040\000N\000e\000t\000w\000o\000r\000k}{section.6}% 58
\BOOKMARK [2][-]{subsection.6.3}{\376\377\000B\000a\000c\000k\000\040\000P\000r\000o\000p\000a\000g\000a\000t\000i\000o\000n\000\040\000A\000l\000g\000o\000r\000i\000t\000h\000m}{section.6}% 59
\BOOKMARK [2][-]{subsection.6.4}{\376\377\000O\000t\000h\000e\000r\000\040\000M\000e\000t\000h\000o\000d\000s}{section.6}% 60
\BOOKMARK [1][-]{section.7}{\376\377\000C\000o\000n\000s\000t\000r\000a\000i\000n\000e\000d\000\040\000O\000p\000t\000i\000m\000i\000z\000a\000t\000i\000o\000n\000\040\000a\000n\000d\000\040\000G\000r\000a\000d\000i\000e\000n\000t\000\040\000P\000r\000o\000j\000e\000c\000t\000i\000o\000n}{}% 61
\BOOKMARK [2][-]{subsection.7.1}{\376\377\000C\000o\000n\000s\000t\000r\000a\000i\000n\000e\000d\000\040\000O\000p\000t\000i\000m\000i\000z\000a\000t\000i\000o\000n\000:\000\040\000B\000a\000s\000i\000c}{section.7}% 62
\BOOKMARK [3][-]{subsubsection.7.1.1}{\376\377\000D\000e\000f\000:\000\040\000O\000p\000t\000i\000m\000a\000l\000i\000t\000y}{subsection.7.1}% 63
\BOOKMARK [3][-]{subsubsection.7.1.2}{\376\377\000P\000r\000o\000p\000:\000\040\000l\000o\000c\000a\000l\000-\000m\000i\000n\000f\000\050\000x\000*\000\051\000T\000\050\000x\000-\000x\000*\000\051\0000\000,\000x\000\046\000\040\000\040\000g\000l\000o\000b\000a\000l\000-\000m\000i\000n\000\040\000i\000n\000\040\000c\000o\000n\000v\000e\000x\000\040}{subsection.7.1}% 64
\BOOKMARK [3][-]{subsubsection.7.1.3}{\376\377\000D\000e\000f\000:\000\040\000I\000n\000t\000e\000r\000i\000o\000r\000\040\000P\000o\000i\000n\000t}{subsection.7.1}% 65
\BOOKMARK [2][-]{subsection.7.2}{\376\377\000C\000o\000n\000s\000t\000r\000a\000i\000n\000e\000d\000\040\000O\000p\000t\000i\000m\000i\000z\000a\000t\000i\000o\000n\000\040\000E\000x\000a\000m\000p\000l\000e}{section.7}% 66
\BOOKMARK [2][-]{subsection.7.3}{\376\377\000P\000r\000o\000j\000e\000c\000t\000i\000o\000n\000\040\000o\000n\000t\000o\000\040\000C\000l\000o\000s\000e\000d\000\040\000C\000o\000n\000v\000e\000x\000\040\000S\000e\000t}{section.7}% 67
\BOOKMARK [3][-]{subsubsection.7.3.1}{\376\377\000D\000e\000f\000:\000\040\000P\000r\000o\000j\000e\000c\000t\000i\000o\000n\000\040\000[\000z\000]\000\046}{subsection.7.3}% 68
\BOOKMARK [3][-]{subsubsection.7.3.2}{\376\377\000P\000r\000o\000p\000:\000\040\000u\000n\000i\000q\000u\000e\000\040\000p\000r\000o\000j\000e\000c\000t\000i\000o\000n\000\040\000[\000z\000]\000\046\000\040\000o\000n\000\040\000c\000l\000o\000s\000e\000d\000\040\000c\000o\000n\000v\000e\000x\000\040\000s\000u\000b\000s\000e\000t\000\040\000o\000f\000\040\000R\000n}{subsection.7.3}% 69
\BOOKMARK [3][-]{subsubsection.7.3.3}{\376\377\000P\000r\000o\000j\000e\000c\000t\000i\000o\000n\000\040\000T\000h\000e\000o\000r\000e\000m\000:\000\040\000x\000=\000[\000z\000]\000\046\000\040\000i\000s\000\040\000p\000r\000o\000j\000e\000c\000t\000i\000o\000n\000\040\000o\000n\000\040\000c\000l\000o\000s\000e\000d\000\040\000c\000o\000n\000e\000x\000\040\000s\000u\000b\000s\000e\000t\000\040\000o\000f\000\040\000R\000n\000\040\000\050\000z\000-\000x\000\051\000T\000\050\000y\000-\000x\000\051\0000\000,\000\040\000y\000\046}{subsection.7.3}% 70
\BOOKMARK [3][-]{subsubsection.7.3.4}{\376\377\000P\000r\000o\000p\000:\000\040\000P\000r\000o\000j\000e\000c\000t\000i\000o\000n\000\040\000i\000s\000\040\000n\000o\000n\000-\000e\000x\000p\000a\000n\000s\000i\000v\000e\000\040\000[\000x\000]\000\046\000-\000[\000z\000]\000\046\000x\000-\000z\000,\000x\000,\000z\000R\000n}{subsection.7.3}% 71
\BOOKMARK [2][-]{subsection.7.4}{\376\377\000P\000r\000o\000j\000e\000c\000t\000i\000o\000n\000\040\000o\000n\000\040\000\050\000L\000i\000n\000e\000a\000r\000\051\000\040\000S\000u\000b\000s\000p\000a\000c\000e\000s\000\040\000o\000f\000\040\000R\000n}{section.7}% 72
\BOOKMARK [3][-]{subsubsection.7.4.1}{\376\377\000O\000r\000t\000h\000o\000g\000o\000n\000a\000l\000i\000t\000y\000\040\000P\000r\000i\000n\000c\000i\000p\000l\000e\000\040\000i\000n\000\040\000s\000u\000b\000s\000p\000a\000c\000e\000s\000\040\000o\000f\000\040\000R\000n\000:\000\040\000\050\000z\000-\000y\000*\000\051\000T\000x\000=\000\040\0000\000,\000x\000\046}{subsection.7.4}% 73
\BOOKMARK [2][-]{subsection.7.5}{\376\377\000G\000r\000a\000d\000i\000e\000n\000t\000\040\000P\000r\000o\000j\000e\000c\000t\000i\000o\000n\000\040\000M\000e\000t\000h\000o\000d}{section.7}% 74
\BOOKMARK [3][-]{subsubsection.7.5.1}{\376\377\000D\000e\000f\000:\000\040\000f\000i\000x\000e\000d\000\040\000p\000o\000i\000n\000t\000\040\000i\000n\000\040\000f\000i\000x\000e\000d\000\040\000s\000t\000e\000p\000-\000s\000i\000z\000e\000\040\000s\000t\000e\000e\000p\000e\000s\000t\000\040\000d\000e\000s\000c\000e\000n\000t\000\040\000m\000e\000t\000h\000o\000d\000,\000\040\000=\000[\000-\000f\000\050\000\051\000]\000\046}{subsection.7.5}% 75
\BOOKMARK [3][-]{subsubsection.7.5.2}{\376\377\000P\000r\000o\000p\000:\000\040\000L\000-\000s\000m\000o\000o\000t\000h\000,\000\040\0000\000<\000<\0002\000L\000\040\000\040\000l\000i\000m\000i\000t\000\040\000p\000o\000i\000n\000t\000\040\000i\000s\000\040\000a\000\040\000f\000i\000x\000e\000d\000\040\000p\000o\000i\000n\000t\000\040\000\050\000i\000n\000\040\000f\000i\000x\000e\000d\000\040\000s\000t\000e\000p\000-\000s\000i\000z\000e\000\040\000s\000t\000e\000e\000p\000e\000s\000t\000\040\000d\000e\000s\000c\000e\000n\000t\000\040\000m\000e\000t\000h\000o\000d\000\051}{subsection.7.5}% 76
\BOOKMARK [3][-]{subsubsection.7.5.3}{\376\377\000P\000r\000o\000p\000:\000\040\000x\000\040\000i\000s\000\040\000m\000i\000n\000i\000m\000i\000z\000e\000r\000\040\000i\000n\000\040\000c\000o\000n\000v\000e\000x\000\040\000f\000u\000n\000c\000\040\000\040\000f\000i\000x\000e\000d\000\040\000p\000o\000i\000n\000t\000\040\000\050\000i\000n\000\040\000f\000i\000x\000e\000d\000\040\000s\000t\000e\000p\000-\000s\000i\000z\000e\000\040\000s\000t\000e\000e\000p\000e\000s\000t\000\040\000d\000e\000s\000c\000e\000n\000t\000\040\000m\000e\000t\000h\000o\000d\000\051}{subsection.7.5}% 77
\BOOKMARK [3][-]{subsubsection.7.5.4}{\376\377\000T\000h\000m\000:\000\040\000C\000o\000n\000v\000e\000r\000g\000e\000n\000c\000e\000\040\000o\000f\000\040\000G\000r\000a\000d\000i\000e\000n\000t\000\040\000P\000r\000o\000j\000e\000c\000t\000i\000o\000n\000:\000\040\000C\000o\000n\000v\000e\000x\000,\000\040\000L\000-\000s\000m\000o\000o\000t\000h\000,\000\040\0000\000<\000<\0002\000L\000\040\000\040\000f\000\050\000x\000k\000\051\000f\000\050\000x\000*\000\051\000\040\000a\000t\000\040\000r\000a\000t\000e\000\040\0001\000k}{subsection.7.5}% 78
\BOOKMARK [3][-]{subsubsection.7.5.5}{\376\377\000T\000h\000m\000:\000\040\000S\000t\000r\000o\000n\000g\000l\000y\000\040\000c\000o\000n\000v\000e\000x\000,\000\040\000L\000i\000p\000s\000c\000h\000i\000t\000z\000\040\000g\000r\000a\000d\000i\000e\000n\000t\000\040\000\040\000\173\000x\000k\000\175\000\040\000c\000o\000n\000v\000e\000r\000g\000e\000s\000\040\000t\000o\000\040\000x\000*\000\040\000g\000e\000o\000m\000e\000t\000r\000i\000c\000a\000l\000l\000y}{subsection.7.5}% 79
\BOOKMARK [1][-]{section.8}{\376\377\000O\000p\000t\000i\000m\000i\000z\000a\000t\000i\000o\000n\000\040\000w\000i\000t\000h\000\040\000E\000q\000u\000a\000l\000i\000t\000y\000\040\000C\000o\000n\000s\000t\000r\000a\000i\000n\000t\000s}{}% 80
\BOOKMARK [2][-]{subsection.8.1}{\376\377\000B\000a\000s\000i\000c}{section.8}% 81
\BOOKMARK [2][-]{subsection.8.2}{\376\377\000L\000a\000g\000r\000a\000n\000g\000e\000\040\000M\000u\000t\000i\000p\000l\000i\000e\000r\000\040\000T\000h\000e\000o\000r\000e\000m}{section.8}% 82
\BOOKMARK [3][-]{subsubsection.8.2.1}{\376\377\000F\000i\000r\000s\000t\000-\000o\000r\000d\000e\000r\000\040\000n\000e\000c\000e\000s\000s\000a\000r\000y\000\040\000c\000o\000n\000d\000i\000t\000i\000o\000n\000:\000\040\000,\000\040\000f\000\050\000x\000*\000\051\000+\000i\000=\0001\000m\000i\000\040\000h\000i\000\050\000x\000*\000\051\000=\0000}{subsection.8.2}% 83
\BOOKMARK [3][-]{subsubsection.8.2.2}{\376\377\000S\000e\000c\000o\000n\000d\000-\000o\000r\000d\000e\000r\000\040\000n\000e\000c\000e\000s\000s\000a\000r\000y\000\040\000c\000o\000n\000d\000i\000t\000i\000o\000n\000:\000\040\000z\000T\000\050\0002\000\040\000f\000\050\000x\000*\000\051\000+\000i\000=\0001\000m\000i\000\040\0002\000\040\000h\000i\000\050\000x\000*\000\051\000\051\000z\0000\000,\000z\000V\000\050\000x\000*\000\051}{subsection.8.2}% 84
\BOOKMARK [3][-]{subsubsection.8.2.3}{\376\377\000S\000u\000f\000f\000i\000c\000i\000e\000n\000t\000\040\000C\000o\000n\000d\000i\000t\000i\000o\000n\000:\000\040\000\040\0001\000.\000\040\000f\000\050\000x\000*\000\051\000+\000i\000=\0001\000m\000i\000\040\000h\000i\000\050\000x\000*\000\051\000=\0000\000\040\0002\000.\000\040\000z\000T\000\050\0002\000\040\000f\000\050\000x\000*\000\051\000+\000i\000=\0001\000m\000i\000\040\0002\000\040\000h\000i\000\050\000x\000*\000\051\000\051\000z\000>\000\040\0000\000,\000z\000V\000\050\000x\000*\000\051\000,\000z\000=\0000}{subsection.8.2}% 85
\BOOKMARK [3][-]{subsubsection.8.2.4}{\376\377\000L\000a\000g\000r\000a\000n\000g\000i\000a\000n\000\040\000F\000u\000n\000c\000t\000i\000o\000n}{subsection.8.2}% 86
\BOOKMARK [3][-]{subsubsection.8.2.5}{\376\377\000E\000x\000a\000m\000p\000l\000e}{subsection.8.2}% 87
\BOOKMARK [3][-]{subsubsection.8.2.6}{\376\377\000S\000e\000n\000s\000i\000t\000i\000v\000i\000t\000y\000\040\000A\000n\000a\000l\000y\000s\000i\000s\000\040\000f\000\050\000x\000*\000\050\000u\000\051\000\051\000=\000f\000\050\000x\000*\000\051\000-\000T\000u\000+\000O\000\050\000u\000\051}{subsection.8.2}% 88
\BOOKMARK [3][-]{subsubsection.8.2.7}{\376\377\000L\000i\000n\000e\000a\000r\000\040\000C\000o\000n\000s\000t\000r\000a\000i\000n\000t\000s}{subsection.8.2}% 89
\BOOKMARK [1][-]{section.9}{\376\377\000O\000p\000t\000i\000m\000i\000z\000a\000t\000i\000o\000n\000\040\000w\000i\000t\000h\000\040\000I\000n\000e\000q\000u\000a\000l\000i\000t\000y\000\040\000C\000o\000n\000s\000t\000r\000a\000i\000n\000t\000s}{}% 90
\BOOKMARK [2][-]{subsection.9.1}{\376\377\000B\000a\000s\000i\000c}{section.9}% 91
\BOOKMARK [3][-]{subsubsection.9.1.1}{\376\377\000A\000c\000t\000i\000v\000e\000\040\000v\000s\000.\000\040\000I\000n\000a\000c\000t\000i\000v\000e\000\040\000I\000n\000e\000q\000u\000a\000l\000i\000t\000y\000\040\000C\000o\000n\000s\000t\000r\000a\000i\000n\000t\000s}{subsection.9.1}% 92
\BOOKMARK [3][-]{subsubsection.9.1.2}{\376\377\000I\000C\000P\000\040\000\040\000E\000C\000P}{subsection.9.1}% 93
\BOOKMARK [3][-]{subsubsection.9.1.3}{\376\377\000I\000n\000t\000u\000i\000t\000i\000o\000n\000\040\000j\0000\000,\000\040\000j\000A\000\050\000x\000*\000\051}{subsection.9.1}% 94
\BOOKMARK [3][-]{subsubsection.9.1.4}{\376\377\000C\000o\000m\000p\000l\000e\000m\000e\000n\000t\000a\000r\000y\000\040\000S\000l\000a\000c\000k\000n\000e\000s\000s}{subsection.9.1}% 95
\BOOKMARK [2][-]{subsection.9.2}{\376\377\000K\000a\000r\000u\000s\000h\040\023\000K\000u\000h\000n\040\023\000T\000u\000c\000k\000e\000r\000\040\000\050\000K\000K\000T\000\051\000\040\000N\000e\000c\000e\000s\000s\000a\000r\000y\000\040\000C\000o\000n\000d\000i\000t\000i\000o\000n\000s}{section.9}% 96
\BOOKMARK [2][-]{subsection.9.3}{\376\377\000K\000a\000r\000u\000s\000h\040\023\000K\000u\000h\000n\040\023\000T\000u\000c\000k\000e\000r\000\040\000\050\000K\000K\000T\000\051\000\040\000S\000u\000f\000f\000i\000c\000i\000e\000n\000t\000\040\000C\000o\000n\000d\000i\000t\000i\000o\000n\000s}{section.9}% 97
\BOOKMARK [2][-]{subsection.9.4}{\376\377\000G\000e\000n\000e\000r\000a\000l\000\040\000S\000u\000f\000f\000i\000c\000i\000e\000n\000c\000y\000\040\000C\000o\000n\000d\000i\000t\000i\000o\000n}{section.9}% 98
\BOOKMARK [2][-]{subsection.9.5}{\376\377\000B\000a\000r\000r\000i\000e\000r\000\040\000M\000e\000t\000h\000o\000d}{section.9}% 99
\BOOKMARK [2][-]{subsection.9.6}{\376\377\000A\000n\000\040\000E\000x\000m\000a\000p\000l\000e\000\040\000U\000s\000i\000n\000g\000\040\000K\000K\000T\000\040\000o\000r\000\040\000B\000a\000r\000r\000i\000e\000r}{section.9}% 100
\BOOKMARK [3][-]{subsubsection.9.6.1}{\376\377\000S\000o\000l\000u\000t\000i\000o\000n\000\040\000u\000s\000i\000n\000g\000\040\000K\000K\000T\000\040\000c\000o\000n\000d\000i\000t\000i\000o\000n\000s}{subsection.9.6}% 101
\BOOKMARK [3][-]{subsubsection.9.6.2}{\376\377\000S\000o\000l\000u\000t\000i\000o\000n\000\040\000u\000s\000i\000n\000g\000\040\000l\000o\000g\000a\000r\000i\000t\000h\000m\000i\000c\000\040\000b\000a\000r\000r\000i\000e\000r}{subsection.9.6}% 102
\BOOKMARK [2][-]{subsection.9.7}{\376\377\000P\000e\000n\000a\000l\000t\000y\000\040\000M\000e\000t\000h\000o\000d\000\040\000\050\000F\000o\000r\000\040\000E\000C\000P\000\051}{section.9}% 103
\BOOKMARK [1][-]{section.10}{\376\377\000D\000u\000a\000l\000i\000t\000y}{}% 104
\BOOKMARK [2][-]{subsection.10.1}{\376\377\000W\000e\000a\000k\000\040\000D\000u\000a\000l\000i\000t\000y\000\040\000T\000h\000e\000o\000r\000e\000m\000:\000\040\000m\000a\000x\000\050\000,\000\051\000G\000D\000\050\000,\000\051\000m\000i\000n\000x\000F\000f\000\050\000x\000\051}{section.10}% 105
\BOOKMARK [2][-]{subsection.10.2}{\376\377\000S\000t\000r\000o\000n\000g\000\040\000D\000u\000a\000l\000i\000t\000y\000\040\000T\000h\000e\000o\000r\000e\000m\000:\000\040\000u\000n\000d\000e\000r\000\040\000s\000o\000m\000e\000\040\000c\000o\000n\000d\000i\000t\000i\000o\000n\000s\000,\000\040\000m\000a\000x\000\050\000,\000\051\000G\000D\000\050\000,\000\051\000=\000\040\000m\000i\000n\000x\000F\000f\000\050\000x\000\051}{section.10}% 106
\BOOKMARK [3][-]{subsubsection.10.2.1}{\376\377\000S\000l\000a\000t\000e\000r\000'\000s\000\040\000s\000u\000f\000f\000i\000c\000i\000e\000n\000t\000\040\000c\000o\000n\000d\000i\000t\000i\000o\000n\000\040\000f\000o\000r\000\040\000s\000t\000r\000o\000n\000g\000\040\000d\000u\000a\000l\000i\000t\000y}{subsection.10.2}% 107
\BOOKMARK [3][-]{subsubsection.10.2.2}{\376\377\000E\000x\000a\000m\000p\000l\000e}{subsection.10.2}% 108
\BOOKMARK [2][-]{subsection.10.3}{\376\377\000D\000u\000a\000l\000\040\000o\000f\000\040\000L\000i\000n\000e\000a\000r\000\040\000P\000r\000o\000g\000r\000a\000m}{section.10}% 109
\BOOKMARK [1][-]{section.11}{\376\377\000A\000u\000g\000m\000e\000n\000t\000e\000d\000\040\000L\000a\000g\000r\000a\000n\000g\000i\000a\000n\000\040\000M\000e\000t\000h\000o\000d\000\040\000\050\000a\000d\000j\000u\000s\000t\000e\000d\000\040\000p\000e\000n\000a\000l\000t\000y\000\040\000m\000e\000t\000h\000o\000d\000\051}{}% 110
\BOOKMARK [2][-]{subsection.11.1}{\376\377\000M\000o\000t\000i\000v\000a\000t\000i\000o\000n}{section.11}% 111
\BOOKMARK [2][-]{subsection.11.2}{\376\377\000A\000u\000g\000e\000m\000e\000n\000t\000e\000d\000\040\000L\000a\000g\000r\000a\000n\000g\000i\000a\000n\000\040\000M\000e\000t\000h\000o\000d}{section.11}% 112
\BOOKMARK [3][-]{subsubsection.11.2.1}{\376\377\000M\000e\000t\000h\000o\000d\000\040\000o\000f\000\040\000M\000u\000l\000t\000i\000p\000l\000i\000e\000r\000s}{subsection.11.2}% 113
\BOOKMARK [1][-]{section.12}{\376\377\000S\000u\000b\000-\000g\000r\000a\000d\000i\000e\000n\000t\000\040\000M\000e\000t\000h\000o\000d\000s}{}% 114
\BOOKMARK [2][-]{subsection.12.1}{\376\377\000S\000u\000b\000-\000g\000r\000a\000d\000i\000e\000n\000t}{section.12}% 115
\BOOKMARK [2][-]{subsection.12.2}{\376\377\000S\000u\000b\000-\000d\000i\000f\000f\000e\000r\000e\000n\000t\000i\000a\000l}{section.12}% 116
\BOOKMARK [2][-]{subsection.12.3}{\376\377\000M\000o\000r\000e\000\040\000e\000x\000a\000m\000p\000l\000e\000s}{section.12}% 117
\BOOKMARK [2][-]{subsection.12.4}{\376\377\000F\000i\000r\000s\000t\000-\000o\000r\000d\000e\000r\000\040\000n\000e\000c\000e\000s\000s\000a\000r\000y\000\040\000c\000o\000n\000d\000i\000t\000i\000o\000n\000s\000\040\000f\000o\000r\000\040\000o\000p\000t\000i\000m\000a\000l\000i\000t\000y\000\040\000i\000n\000\040\000t\000e\000r\000m\000s\000\040\000o\000f\000\040\000s\000u\000b\000g\000r\000a\000d\000i\000e\000n\000t}{section.12}% 118
\BOOKMARK [2][-]{subsection.12.5}{\376\377\000P\000r\000o\000p\000e\000r\000t\000i\000e\000s\000\040\000o\000f\000\040\000S\000u\000b\000g\000r\000a\000d\000i\000e\000n\000t\000s}{section.12}% 119
\BOOKMARK [2][-]{subsection.12.6}{\376\377\000S\000u\000b\000-\000g\000r\000a\000d\000i\000e\000n\000t\000\040\000D\000e\000s\000c\000e\000n\000t\000\040\000f\000o\000r\000\040\000U\000n\000c\000o\000n\000s\000t\000r\000a\000i\000n\000e\000d\000\040\000O\000p\000t\000i\000m\000i\000z\000a\000t\000i\000o\000n}{section.12}% 120
\BOOKMARK [2][-]{subsection.12.7}{\376\377\000\050\000R\000e\000v\000i\000s\000e\000d\000\051\000\040\000S\000u\000b\000-\000g\000r\000a\000d\000i\000e\000n\000t\000\040\000"\000d\000e\000s\000c\000e\000n\000t\000"\000\040\000w\000i\000t\000h\000\040\000d\000i\000m\000i\000n\000i\000s\000h\000i\000n\000g\000\040\000s\000t\000e\000p\000s\000i\000z\000e}{section.12}% 121
