\BOOKMARK [1][-]{section.1}{\376\377\000U\000n\000c\000o\000n\000s\000t\000r\000a\000i\000n\000e\000d\000\040\000O\000p\000t\000i\000m\000i\000z\000a\000t\000i\000o\000n}{}% 1
\BOOKMARK [2][-]{subsection.1.1}{\376\377\000B\000a\000s\000i\000c\000\040\000D\000e\000f\000i\000n\000i\000t\000i\000o\000n\000s}{section.1}% 2
\BOOKMARK [3][-]{subsubsection.1.1.1}{\376\377\000O\000p\000t\000i\000m\000i\000z\000a\000t\000i\000o\000n\000\040\000i\000n\000\040\000a\000\040\000S\000e\000t}{subsection.1.1}% 3
\BOOKMARK [3][-]{subsubsection.1.1.2}{\376\377\000M\000i\000n\000i\000m\000i\000z\000e\000r}{subsection.1.1}% 4
\BOOKMARK [3][-]{subsubsection.1.1.3}{\376\377\000S\000t\000a\000t\000i\000o\000n\000a\000r\000y\000\040\000P\000o\000i\000n\000t\000,\000\040\000S\000a\000d\000d\000l\000e\000\040\000P\000o\000i\000n\000t}{subsection.1.1}% 5
\BOOKMARK [3][-]{subsubsection.1.1.4}{\376\377\000\040\000C\000o\000n\000d\000i\000t\000i\000o\000n\000s\000\040\000f\000o\000r\000\040\000G\000l\000o\000b\000a\000l\000\040\000M\000i\000n\000i\000m\000i\000z\000e\000r\000:\000\040\000\050\0001\000\051\000\040\000e\000x\000i\000s\000t\000s\000\040\000g\000l\000o\000b\000a\000l\000-\000m\000i\000n\000i\000m\000i\000z\000e\000r\000;\000\040\000\050\0002\000\051\000\040\000h\000a\000s\000\040\000t\000h\000e\000\040\000m\000i\000n\000i\000m\000u\000m\000\040\000v\000a\000l\000u\000e\000\040\000i\000n\000\040\000a\000l\000l\000\040\000s\000t\000a\000t\000i\000o\000n\000a\000r\000y\000\040\000p\000o\000i\000n\000t\000s}{subsection.1.1}% 6
\BOOKMARK [2][-]{subsection.1.2}{\376\377\000S\000p\000e\000c\000i\000a\000l\000\040\000S\000i\000t\000u\000a\000t\000i\000o\000n\000:\000\040\000O\000p\000t\000i\000m\000i\000z\000a\000t\000i\000o\000n\000\040\000i\000n\000\040\000R}{section.1}% 7
\BOOKMARK [3][-]{subsubsection.1.2.1}{\376\377\000\040\000N\000e\000c\000e\000s\000s\000a\000r\000y\000\040\000c\000o\000n\000d\000i\000t\000i\000o\000n\000\040\000o\000f\000\040\000l\000o\000c\000a\000l\000-\000m\000i\000n\000:\000\040\000f\000'\000\050\000x\000*\000\051\000=\0000}{subsection.1.2}% 8
\BOOKMARK [3][-]{subsubsection.1.2.2}{\376\377\000\040\000S\000u\000f\000f\000i\000c\000i\000e\000n\000t\000\040\000c\000o\000n\000d\000i\000t\000i\000o\000n\000\040\000o\000f\000\040\000l\000o\000c\000a\000l\000-\000m\000i\000n\000:\000\040\000f\000'\000\050\000x\000*\000\051\000=\0000\000,\000\040\000f\000'\000'\000\050\000x\000*\000\051\0000}{subsection.1.2}% 9
\BOOKMARK [3][-]{subsubsection.1.2.3}{\376\377\000\040\000S\000u\000f\000f\000i\000c\000i\000e\000n\000t\000\040\000c\000o\000n\000d\000i\000t\000i\000o\000n\000\040\000o\000f\000\040\000g\000l\000o\000b\000a\000l\000-\000m\000i\000n\000:\000\040\000f\000'\000\050\000x\000*\000\051\000=\0000\000\040\000a\000n\000d\000\040\000f\000'\000'\000\050\000x\000\051\0000\000,\000x\000I}{subsection.1.2}% 10
\BOOKMARK [2][-]{subsection.1.3}{\376\377\000\040\000R\000e\000s\000t\000r\000i\000c\000t\000i\000o\000n\000\040\000t\000o\000\040\000a\000\040\000L\000i\000n\000e}{section.1}% 11
\BOOKMARK [3][-]{subsubsection.1.3.1}{\376\377\000\040\000D\000e\000f\000i\000n\000i\000t\000i\000o\000n\000:\000\040\000\050\000t\000\051\000=\000f\000\050\000+\000t\000\051\000,\000\040\000,\000R\000n\000,\000\040\000t\000R}{subsection.1.3}% 12
\BOOKMARK [3][-]{subsubsection.1.3.2}{\376\377\000D\000e\000r\000i\000v\000a\000t\000i\000v\000e\000s\000:\000\040\000'\000\050\000t\000\051\000=\000f\000\050\000+\000t\000\051\000,\000\040\000'\000'\000\040\000\050\000t\000\051\000=\000T\000\040\000H\000f\000\050\000+\000t\000\051}{subsection.1.3}% 13
\BOOKMARK [3][-]{subsubsection.1.3.3}{\376\377\000L\000e\000m\000m\000a\000:\000\040\000x\000*\000\040\000i\000s\000\040\000a\000\040\000g\000l\000o\000b\000a\000l\000\040\000m\000i\000n\000i\000m\000i\000z\000e\000r\000\040\000o\000f\000\040\000f\000\040\000\040\000t\000=\0000\000\040\000i\000s\000\040\000t\000h\000e\000\040\000g\000l\000o\000b\000a\000l\000\040\000m\000i\000n\000i\000m\000i\000z\000e\000r\000\040\000o\000f\000\040\000\050\000t\000\051\000=\000f\000\050\000+\000t\000\051\000,\000\040\000R\000n}{subsection.1.3}% 14
\BOOKMARK [2][-]{subsection.1.4}{\376\377\000G\000e\000n\000e\000r\000a\000l\000:\000\040\000O\000p\000t\000i\000m\000i\000z\000a\000t\000i\000o\000n\000\040\000i\000n\000\040\000R\000n}{section.1}% 15
\BOOKMARK [3][-]{subsubsection.1.4.1}{\376\377\000L\000o\000c\000a\000l\000-\000m\000i\000n\000\040\000N\000e\000c\000e\000s\000s\000a\000r\000y\000\040\000C\000o\000n\000d\000i\000t\000i\000o\000n\000\040\0001\000:\000\040\000f\000\040\000i\000s\000\040\000c\000o\000n\000t\000i\000n\000u\000o\000u\000s\000,\000\040\000x\000*\000\040\000i\000s\000\040\000a\000\040\000l\000o\000c\000a\000l\000\040\000m\000i\000n\000i\000m\000i\000z\000e\000r\000\040\000f\000\050\000x\000*\000\051\000=\0000}{subsection.1.4}% 16
\BOOKMARK [3][-]{subsubsection.1.4.2}{\376\377\000L\000o\000c\000a\000l\000-\000m\000i\000n\000\040\000N\000e\000c\000e\000s\000s\000a\000r\000y\000\040\000C\000o\000n\000d\000i\000t\000i\000o\000n\000\040\0002\000:\000\040\000H\000f\000\040\000i\000s\000\040\000c\000o\000n\000t\000i\000n\000u\000o\000u\000s\000,\000\040\000x\000*\000\040\000i\000s\000\040\000a\000\040\000l\000o\000c\000a\000l\000\040\000m\000i\000n\000i\000m\000i\000z\000e\000r\000\040\0002\000\040\000f\000\050\000x\000*\000\051\0000}{subsection.1.4}% 17
\BOOKMARK [3][-]{subsubsection.1.4.3}{\376\377\000L\000o\000c\000a\000l\000-\000m\000i\000n\000\040\000S\000u\000f\000f\000i\000c\000i\000e\000n\000t\000\040\000C\000o\000n\000d\000i\000t\000i\000o\000n\000\040\0001\000:\000\040\000H\000f\000\040\000i\000s\000\040\000c\000o\000n\000t\000i\000n\000u\000o\000u\000s\000,\000\040\000f\000\050\000*\000\051\000=\0000\000,\000\040\000T\000\040\000H\000f\000\050\000\051\000\040\0000\000,\000R\000n\000\040\000a\000n\000d\000\040\000r\000>\0000\000,\000\040\000-\000*\000<\000r\000\040\000\040\000*\000\040\000i\000s\000\040\000a\000\040\000l\000o\000c\000a\000l\000\040\000m\000i\000n\000i\000m\000i\000z\000e\000r}{subsection.1.4}% 18
\BOOKMARK [3][-]{subsubsection.1.4.4}{\376\377\000L\000o\000c\000a\000l\000-\000m\000i\000n\000\040\000S\000u\000f\000f\000i\000c\000i\000e\000n\000t\000\040\000C\000o\000n\000d\000i\000t\000i\000o\000n\000\040\0001\000'\000:\000\040\000H\000f\000\040\000i\000s\000\040\000c\000o\000n\000t\000i\000n\000u\000o\000u\000s\000,\000\040\000f\000\050\000*\000\051\000=\0000\000,\000\040\0002\000\040\000f\000\050\000*\000\051\0000\000\040\000\040\000*\000\040\000i\000s\000\040\000a\000\040\000l\000o\000c\000a\000l\000\040\000m\000i\000n\000i\000m\000i\000z\000e\000r}{subsection.1.4}% 19
\BOOKMARK [3][-]{subsubsection.1.4.5}{\376\377\000G\000l\000o\000b\000a\000l\000-\000m\000i\000n\000\040\000S\000u\000f\000f\000i\000c\000i\000e\000n\000t\000\040\000C\000o\000n\000d\000i\000t\000i\000o\000n\000:\000\040\000H\000f\000\040\000i\000s\000\040\000c\000o\000n\000t\000i\000n\000u\000o\000u\000s\000,\000\040\000f\000\050\000*\000\051\000=\0000\000,\000\040\0002\000f\000\050\000\051\0000\000,\000\040\000\040\000*\000\040\000i\000s\000\040\000a\000\040\000g\000l\000o\000b\000a\000l\000\040\000m\000i\000n\000i\000m\000i\000z\000e\000r}{subsection.1.4}% 20
\BOOKMARK [3][-]{subsubsection.1.4.6}{\376\377\000H\000f\000\050\000*\000\051\000\040\000i\000s\000\040\000i\000n\000d\000e\000f\000i\000n\000i\000t\000e\000\040\000\040\000*\000\040\000i\000s\000\040\000s\000a\000d\000d\000l\000e\000\040\000p\000o\000i\000n\000t}{subsection.1.4}% 21
\BOOKMARK [3][-]{subsubsection.1.4.7}{\376\377\000H\000f\000\050\000*\000\051\0000\000/\0000\000\040\000\040\000c\000r\000i\000t\000i\000c\000a\000l\000\040\000p\000o\000i\000n\000t\000\040\000*\000\040\000i\000s\000\040\000s\000t\000r\000i\000c\000t\000l\000y\000\040\000l\000o\000c\000a\000l\000-\000m\000i\000n\000/\000l\000o\000c\000a\000l\000-\000m\000a\000x}{subsection.1.4}% 22
\BOOKMARK [3][-]{subsubsection.1.4.8}{\376\377\000S\000t\000e\000p\000s\000\040\000t\000o\000\040\000F\000i\000n\000d\000\040\000M\000i\000n\000i\000m\000u\000m\000\040\000i\000n\000\040\000R\000n}{subsection.1.4}% 23
\BOOKMARK [2][-]{subsection.1.5}{\376\377\000E\000x\000i\000s\000t\000e\000n\000c\000e\000\040\000o\000f\000\040\000G\000l\000o\000b\000a\000l\000-\000m\000i\000n}{section.1}% 24
\BOOKMARK [3][-]{subsubsection.1.5.1}{\376\377\000\050\000B\000o\000l\000z\000a\000n\000o\000-\000\051\000W\000e\000i\000e\000r\000s\000t\000r\000a\000s\000s\000\040\000T\000h\000e\000o\000r\000e\000m\000:\000\040\000C\000o\000m\000p\000a\000c\000t\000\040\000s\000e\000t\000\040\000X\000\040\000\040\000\040\000g\000l\000o\000b\000a\000l\000-\000m\000i\000n\000/\000m\000a\000x}{subsection.1.5}% 25
\BOOKMARK [3][-]{subsubsection.1.5.2}{\376\377\000C\000o\000e\000r\000c\000i\000v\000e\000\040\000f\000u\000n\000c\000t\000i\000o\000n\000\040\000f\000\040\000\040\000\040\000g\000l\000o\000b\000a\000l\000-\000m\000i\000n}{subsection.1.5}% 26
\BOOKMARK [3][-]{subsubsection.1.5.3}{\376\377\000M\000e\000t\000h\000o\000d\000\040\000o\000f\000\040\000f\000i\000n\000d\000i\000n\000g\000-\000g\000l\000o\000b\000a\000l\000-\000m\000i\000n\000-\000a\000m\000o\000n\000g\000-\000s\000t\000a\000t\000i\000o\000n\000a\000r\000y\000-\000p\000o\000i\000n\000t\000s\000\040\000\050\000F\000G\000M\000S\000P\000\051}{subsection.1.5}% 27
\BOOKMARK [1][-]{section.2}{\376\377\000C\000o\000n\000v\000e\000x\000i\000t\000y}{}% 28
\BOOKMARK [2][-]{subsection.2.1}{\376\377\000C\000o\000n\000v\000e\000x\000\040\000S\000e\000t}{section.2}% 29
\BOOKMARK [3][-]{subsubsection.2.1.1}{\376\377\000P\000r\000o\000p\000:\000\040\000c\000o\000n\000v\000e\000x\000\040\000s\000e\000t\000s\000\040\000e\0001\000,\000e\0002\000,\000.\000.\000.\000e\000n\000,\000\040\000t\000h\000e\000n\000\040\000i\000=\0001\000n\000e\000i\000\040\000i\000s\000\040\000c\000o\000n\000v\000e\000x}{subsection.2.1}% 30
\BOOKMARK [2][-]{subsection.2.2}{\376\377\000C\000o\000n\000v\000e\000x\000\040\000H\000u\000l\000l}{section.2}% 31
\BOOKMARK [3][-]{subsubsection.2.2.1}{\376\377\000C\000o\000n\000v\000e\000x\000\040\000H\000u\000l\000l\000\040\000c\000o\000n\000v\000\050\000S\000\051\000\040\000i\000s\000\040\000t\000h\000e\000\040\000s\000e\000t\000\040\000o\000f\000\040\000a\000l\000l\000\040\000c\000o\000n\000v\000e\000x\000\040\000c\000o\000m\000b\000i\000n\000a\000t\000i\000o\000n\000s\000\040\000o\000f\000\040\000p\000o\000i\000n\000t\000s\000\040\000i\000n\000\040\000S}{subsection.2.2}% 32
\BOOKMARK [3][-]{subsubsection.2.2.2}{\376\377\000T\000h\000e\000o\000r\000e\000m\000:\000\040\000c\000o\000n\000v\000e\000x\000\040\000s\000e\000t\000\040\000S\000,\000\040\000c\000o\000n\000v\000e\000x\000\040\000c\000o\000m\000b\000i\000n\000a\000t\000i\000o\000n\000\040\0001\000\040\000x\0001\000+\000\@let@token \000+\000k\000\040\000x\000k\000S\000,\000\040\000x\0001\000,\000.\000.\000.\000,\000x\000k\000S}{subsection.2.2}% 33
\BOOKMARK [3][-]{subsubsection.2.2.3}{\376\377\000C\000o\000r\000o\000l\000l\000a\000r\000y\000:\000\040\000c\000o\000n\000v\000\050\000S\000\051\000\040\000i\000s\000\040\000t\000h\000e\000\040\000s\000m\000a\000l\000l\000e\000s\000t\000\040\000c\000o\000n\000v\000e\000x\000\040\000s\000e\000t\000\040\000c\000o\000n\000t\000a\000i\000n\000i\000n\000g\000\040\000S}{subsection.2.2}% 34
\BOOKMARK [2][-]{subsection.2.3}{\376\377\000C\000o\000n\000v\000e\000x\000\040\000F\000u\000n\000c\000t\000i\000o\000n}{section.2}% 35
\BOOKMARK [3][-]{subsubsection.2.3.1}{\376\377\000D\000e\000f\000i\000n\000i\000t\000i\000o\000n\000:\000\040\000f\000\040\000i\000s\000\040\000c\000o\000n\000v\000e\000x\000\040\000\040\000f\000\050\000x\000+\000\050\0001\000-\000\051\000\040\000y\000\051\000\040\000f\000\050\000x\000\051\000+\000\050\0001\000-\000\051\000\040\000f\000\050\000y\000\051\000,\000\040\000x\000,\000\040\000y\000\040\000C\000,\000\040\000[\0000\000,\0001\000]}{subsection.2.3}% 36
\BOOKMARK [3][-]{subsubsection.2.3.2}{\376\377\000F\000i\000r\000s\000t\000-\000o\000r\000d\000e\000r\000:\000\040\000f\000\040\000i\000s\000\040\000c\000o\000n\000v\000e\000x\000\040\000\040\000f\000\050\000z\000\051\000\040\000f\000\050\000x\000\051\000+\000\050\000z\000-\000x\000\051\000T\000\040\000f\000\050\000x\000\051\000,\000\040\000x\000,\000\040\000z\000\040\000C}{subsection.2.3}% 37
\BOOKMARK [3][-]{subsubsection.2.3.3}{\376\377\000S\000e\000c\000o\000n\000d\000-\000o\000r\000d\000e\000r\000:\000\040\000f\000\040\000i\000s\000\040\000c\000o\000n\000v\000e\000x\000\040\000\040\0002\000\040\000f\000\050\000x\000\051\000\040\0000\000,\000\040\000x\000\040\000C}{subsection.2.3}% 38
\BOOKMARK [3][-]{subsubsection.2.3.4}{\376\377\000S\000u\000f\000f\000i\000c\000i\000e\000n\000t\000\040\000C\000o\000n\000d\000i\000t\000i\000o\000n\000\040\000o\000f\000\040\000S\000t\000r\000i\000c\000t\000l\000y\000\040\000C\000o\000n\000v\000e\000x\000:\000\040\0002\000\040\000f\000\050\000x\000\051\000\040\0000}{subsection.2.3}% 39
\BOOKMARK [3][-]{subsubsection.2.3.5}{\376\377\000P\000r\000o\000p\000:\000\040\000M\000a\000x\000\040\000a\000n\000d\000\040\000L\000i\000n\000e\000a\000r\000\040\000c\000o\000m\000b\000i\000n\000a\000t\000i\000o\000n\000\040\000o\000f\000\040\000c\000o\000n\000v\000e\000x\000\040\000f\000u\000n\000c\000t\000i\000o\000n\000s\000\040\000a\000r\000e\000\040\000a\000l\000s\000o\000\040\000c\000o\000n\000v\000e\000x}{subsection.2.3}% 40
\BOOKMARK [2][-]{subsection.2.4}{\376\377\000L\000e\000m\000m\000a\000:\000\040\000f\000u\000n\000c\000t\000i\000o\000n\000\040\000f\000\040\000i\000s\000\040\000a\000\040\000c\000o\000n\000v\000e\000x\000\040\000f\000u\000n\000c\000t\000i\000o\000n\000\040\000i\000f\000f\000\040\000\050\000t\000\051\000=\000f\000\050\000+\000t\000\051\000\040\000i\000s\000\040\000c\000o\000n\000v\000e\000x\000\040\000o\000f\000\040\000t}{section.2}% 41
\BOOKMARK [2][-]{subsection.2.5}{\376\377\000P\000r\000o\000p\000o\000s\000i\000t\000i\000o\000n\000:\000\040\000C\000o\000n\000v\000e\000x\000\040\000f\000u\000n\000c\000t\000i\000o\000n\000\040\000f\000,\000\040\000f\000\050\000x\000*\000\051\000=\0000\000\040\000\040\000g\000l\000o\000b\000a\000l\000-\000m\000i\000n}{section.2}% 42
\BOOKMARK [2][-]{subsection.2.6}{\376\377\000A\000p\000p\000l\000i\000c\000a\000t\000i\000o\000n\000:\000\040\000U\000n\000c\000o\000n\000s\000t\000r\000a\000i\000n\000e\000d\000\040\000Q\000u\000a\000d\000r\000a\000t\000i\000c\000\040\000O\000p\000t\000i\000m\000i\000z\000a\000t\000i\000o\000n}{section.2}% 43
\BOOKMARK [2][-]{subsection.2.7}{\376\377\000T\000h\000e\000o\000r\000e\000m\000:\000\040\000I\000f\000\040\000f\000\040\000i\000s\000\040\000c\000o\000n\000v\000e\000x\000\040\000a\000n\000d\000\040\000g\000\040\000i\000s\000\040\000c\000o\000n\000v\000e\000x\000\040\000a\000n\000d\000\040\000i\000n\000c\000r\000e\000a\000s\000i\000n\000g\000,\000\040\000\050\000g\000f\000\051\000\050\000x\000\051\000\040\000i\000s\000\040\000c\000o\000n\000v\000e\000x}{section.2}% 44
\BOOKMARK [2][-]{subsection.2.8}{\376\377\000C\000o\000r\000o\000l\000l\000a\000r\000y\000:\000\040\000f\000\040\000i\000s\000\040\000l\000i\000n\000e\000a\000r\000,\000\040\000g\000\040\000i\000s\000\040\000c\000o\000n\000v\000e\000x\000\040\000\050\000n\000o\000t\000\040\000n\000e\000c\000e\000s\000s\000a\000r\000i\000l\000y\000\040\000i\000n\000c\000r\000e\000a\000s\000i\000n\000g\000\051\000\040\000\040\000g\000f\000\040\000i\000s\000\040\000c\000o\000n\000v\000e\000x}{section.2}% 45
\BOOKMARK [2][-]{subsection.2.9}{\376\377\000E\000p\000i\000g\000r\000a\000p\000h\000\040\000a\000n\000d\000\040\000J\000e\000n\000s\000e\000n\000'\000s\000\040\000I\000n\000e\000q\000u\000a\000l\000i\000t\000y}{section.2}% 46
\BOOKMARK [3][-]{subsubsection.2.9.1}{\376\377\000D\000e\000f\000:\000\040\000e\000p\000i\000g\000r\000a\000p\000h\000\040\000e\000p\000i\000\050\000f\000\051\000=\000\173\000\050\000x\000,\000y\000\051\000C\000R\000:\000y\000f\000\050\000x\000\051\000\175}{subsection.2.9}% 47
\BOOKMARK [3][-]{subsubsection.2.9.2}{\376\377\000L\000e\000m\000m\000a\000:\000\040\000f\000\040\000i\000s\000\040\000c\000o\000n\000v\000e\000x\000\040\000f\000u\000n\000c\000t\000i\000o\000n\000\040\000\040\000e\000p\000i\000\050\000f\000\051\000\040\000i\000s\000\040\000a\000\040\000c\000o\000n\000v\000e\000x\000\040\000s\000e\000t}{subsection.2.9}% 48
\BOOKMARK [3][-]{subsubsection.2.9.3}{\376\377\000J\000e\000n\000s\000e\000n\000'\000s\000\040\000I\000n\000e\000q\000u\000a\000l\000i\000t\000y\000:\000\040\000f\000\050\000i\000=\0001\000k\000i\000\040\000x\000i\000\051\000i\000=\0001\000k\000i\000f\000\050\000x\000i\000\051}{subsection.2.9}% 49
\BOOKMARK [1][-]{section.3}{\376\377\000G\000e\000o\000m\000e\000t\000r\000i\000c\000\040\000P\000r\000o\000g\000r\000a\000m\000\040\000\050\000G\000P\000\051}{}% 50
\BOOKMARK [2][-]{subsection.3.1}{\376\377\000A\000r\000i\000t\000h\000m\000e\000t\000i\000c\000\040\000M\000e\000a\000n\000-\000G\000e\000o\000m\000e\000t\000r\000i\000c\000\040\000M\000e\000a\000n\000\040\000I\000n\000e\000q\000u\000a\000l\000i\000t\000y\000\040\000\050\000A\000-\000G\000\040\000i\000n\000e\000q\000u\000a\000l\000i\000t\000y\000\051\000\040\0001\000x\0002\000+\0002\000x\0002\000+\000\@let@token \000+\000n\000x\000n\000x\0001\0001\000x\0002\0002\000\@let@token \000x\000n\000n}{section.3}% 51
\BOOKMARK [2][-]{subsection.3.2}{\376\377\000U\000n\000c\000o\000n\000s\000t\000r\000a\000i\000n\000e\000d\000\040\000G\000e\000o\000m\000e\000t\000r\000i\000c\000\040\000P\000r\000o\000g\000r\000a\000m\000s}{section.3}% 52
\BOOKMARK [3][-]{subsubsection.3.2.1}{\376\377\000D\000e\000f\000:\000\040\000P\000o\000s\000y\000n\000o\000m\000i\000a\000l}{subsection.3.2}% 53
\BOOKMARK [3][-]{subsubsection.3.2.2}{\376\377\000G\000e\000n\000e\000r\000a\000l\000\040\000S\000t\000r\000a\000t\000e\000g\000y\000:\000\040\000A\000-\000G\000\040\000i\000n\000e\000q\000u\000a\000l\000i\000t\000y}{subsection.3.2}% 54
\BOOKMARK [3][-]{subsubsection.3.2.3}{\376\377\000D\000u\000a\000l\000\040\000o\000f\000\040\000t\000h\000e\000\040\000U\000n\000c\000o\000n\000s\000t\000r\000a\000i\000n\000e\000d\000\040\000G\000P}{subsection.3.2}% 55
\BOOKMARK [1][-]{section.4}{\376\377\000S\000t\000r\000o\000n\000g\000l\000y\000\040\000C\000o\000n\000v\000e\000x\000i\000t\000y}{}% 56
\BOOKMARK [2][-]{subsection.4.1}{\376\377\000-\000S\000t\000r\000o\000n\000g\000l\000y\000\040\000C\000o\000n\000v\000e\000x\000:\000\040\000\040\000f\000\050\000w\000\051\000-\000f\000\050\000v\000\051\000,\000\040\000w\000-\000v\000w\000-\000v\0002}{section.4}% 57
\BOOKMARK [2][-]{subsection.4.2}{\376\377\000-\000s\000t\000r\000o\000n\000g\000l\000y\000\040\000c\000o\000n\000v\000e\000x\000\040\0002\000\040\000f\000\050\000x\000\051\000\040\000I\000"\000f\000\050\000x\000\051\000-\000m\0002\000x\0002\000\040\000i\000s\000\040\000c\000o\000n\000v\000e\000x\000"}{section.4}% 58
\BOOKMARK [2][-]{subsection.4.3}{\376\377\000L\000e\000m\000m\000a\000:\000\040\000S\000t\000r\000o\000n\000g\000l\000y\000\040\000c\000o\000n\000v\000e\000x\000i\000t\000y\000\040\000\040\000S\000t\000r\000i\000c\000t\000l\000y\000\040\000c\000o\000n\000v\000e\000x\000i\000t\000y}{section.4}% 59
\BOOKMARK [2][-]{subsection.4.4}{\376\377\000L\000e\000m\000m\000a\000:\000\040\0002\000\040\000f\000\050\000x\000\051\000m\000I\000\040\000\040\000f\000\050\000y\000\051\000f\000\050\000x\000\051\000+\000f\000\050\000x\000\051\000T\000\050\000y\000-\000x\000\051\000+\000m\0002\000y\000-\000x\0002}{section.4}% 60
\BOOKMARK [1][-]{section.5}{\376\377\000L\000i\000p\000s\000c\000h\000i\000t\000z\000\040\000G\000r\000a\000d\000i\000e\000n\000t\000\040\000\050\000L\000-\000S\000m\000o\000o\000t\000h\000\051}{}% 61
\BOOKMARK [2][-]{subsection.5.1}{\376\377\000T\000h\000e\000o\000r\000e\000m\000:\000\040\000-\000M\000I\0002\000\040\000f\000\050\000x\000\051\000M\000I\000\040\000\040\000f\000\040\000i\000s\000\040\000M\000-\000s\000m\000o\000o\000t\000h}{section.5}% 62
\BOOKMARK [2][-]{subsection.5.2}{\376\377\000D\000e\000s\000c\000e\000n\000t\000\040\000L\000e\000m\000m\000a\000:\000\040\000f\000\040\000i\000s\000\040\000L\000-\000s\000m\000o\000o\000t\000h\000\040\000\040\000f\000\050\000y\000\051\000f\000\050\000x\000\051\000+\000f\000\050\000x\000\051\000T\000\050\000y\000-\000x\000\051\000+\000L\0002\000y\000-\000x\0002}{section.5}% 63
\BOOKMARK [2][-]{subsection.5.3}{\376\377\000C\000o\000-\000c\000o\000e\000r\000c\000i\000v\000i\000t\000y\000\040\000C\000o\000n\000d\000i\000t\000i\000o\000n\000:\000\040\000\050\000f\000\050\000x\000\051\000-\000f\000\050\000y\000\051\000\051\000T\000\050\000x\000-\000y\000\051\0001\000L\000f\000\050\000x\000\051\000-\000f\000\050\000y\000\051\0002}{section.5}% 64
\BOOKMARK [1][-]{section.6}{\376\377\000G\000r\000a\000d\000i\000e\000n\000t\000\040\000M\000e\000t\000h\000o\000d\000s}{}% 65
\BOOKMARK [2][-]{subsection.6.1}{\376\377\000S\000t\000e\000e\000p\000e\000s\000t\000\040\000D\000e\000s\000c\000e\000n\000t}{section.6}% 66
\BOOKMARK [2][-]{subsection.6.2}{\376\377\000M\000e\000t\000h\000o\000d\000s\000\040\000f\000o\000r\000\040\000C\000h\000o\000o\000s\000i\000n\000g\000\040\000S\000t\000e\000p\000\040\000S\000i\000z\000e\000\040\000k}{section.6}% 67
\BOOKMARK [2][-]{subsection.6.3}{\376\377\000A\000l\000g\000o\000r\000i\000t\000h\000m\000\040\000C\000o\000n\000v\000e\000r\000g\000e\000n\000c\000e}{section.6}% 68
\BOOKMARK [2][-]{subsection.6.4}{\376\377\000C\000o\000n\000v\000e\000r\000g\000e\000n\000c\000e\000\040\000o\000f\000\040\000T\000h\000e\000\040\000S\000t\000e\000e\000p\000e\000s\000t\000\040\000D\000e\000s\000c\000e\000n\000t\000\040\000w\000i\000t\000h\000\040\000F\000i\000x\000e\000d\000\040\000S\000t\000e\000p\000\040\000S\000i\000z\000e}{section.6}% 69
\BOOKMARK [3][-]{subsubsection.6.4.1}{\376\377\000T\000h\000e\000o\000r\000e\000m\000:\000\040\000f\000\040\000i\000s\000\040\000L\000-\000s\000m\000o\000o\000t\000h\000\040\000\040\000\173\000x\000k\000\175\000\040\000c\000o\000n\000v\000e\000r\000g\000e\000s\000\040\000t\000o\000\040\000s\000t\000a\000t\000i\000o\000n\000a\000r\000y\000\040\000p\000o\000i\000n\000t}{subsection.6.4}% 70
\BOOKMARK [3][-]{subsubsection.6.4.2}{\376\377\000T\000h\000e\000o\000r\000e\000m\000:\000\040\000f\000\040\000i\000s\000\040\000c\000o\000n\000v\000e\000x\000\040\000a\000n\000d\000\040\000L\000-\000s\000m\000o\000o\000t\000h\000\040\000\040\000f\000\050\000x\000k\000\051\000\040\000c\000o\000n\000v\000e\000r\000g\000e\000s\000\040\000t\000o\000\040\000g\000l\000o\000b\000a\000l\000-\000m\000i\000n\000\040\000v\000a\000l\000u\000e\000\040\000w\000i\000t\000h\000\040\000r\000a\000t\000e\000\040\0001\000k}{subsection.6.4}% 71
\BOOKMARK [3][-]{subsubsection.6.4.3}{\376\377\000T\000h\000e\000o\000r\000e\000m\000:\000\040\000f\000\040\000i\000s\000\040\000s\000t\000r\000o\000n\000g\000l\000y\000\040\000c\000o\000n\000v\000e\000x\000\040\000a\000n\000d\000\040\000L\000-\000s\000m\000o\000o\000t\000h\000\040\000\040\000\173\000x\000k\000\175\000\040\000c\000o\000n\000v\000e\000r\000g\000e\000s\000\040\000t\000o\000\040\000g\000l\000o\000b\000a\000l\000-\000m\000i\000n\000\040\000g\000e\000o\000m\000e\000t\000r\000i\000c\000a\000l\000l\000y}{subsection.6.4}% 72
\BOOKMARK [2][-]{subsection.6.5}{\376\377\000C\000o\000n\000v\000e\000r\000g\000e\000n\000c\000e\000\040\000o\000f\000\040\000G\000r\000a\000d\000i\000e\000n\000t\000\040\000D\000e\000s\000c\000e\000n\000t\000\040\000o\000n\000\040\000S\000m\000o\000o\000t\000h\000\040\000S\000t\000r\000o\000n\000g\000l\000y\000-\000C\000o\000n\000v\000e\000x\000\040\000F\000u\000n\000c\000t\000i\000o\000n\000s}{section.6}% 73
\BOOKMARK [2][-]{subsection.6.6}{\376\377\000F\000r\000o\000m\000\040\000c\000o\000n\000v\000e\000r\000g\000e\000n\000c\000e\000\040\000r\000a\000t\000e\000\040\000t\000o\000\040\000i\000t\000e\000r\000a\000t\000i\000o\000n\000\040\000c\000o\000m\000p\000l\000e\000x\000i\000t\000y}{section.6}% 74
\BOOKMARK [1][-]{section.7}{\376\377\000N\000e\000w\000t\000o\000n\000'\000s\000\040\000M\000e\000t\000h\000o\000d}{}% 75
\BOOKMARK [2][-]{subsection.7.1}{\376\377\000G\000e\000n\000e\000r\000a\000l\000i\000z\000a\000t\000i\000o\000n\000\040\000t\000o\000\040\000O\000p\000t\000i\000m\000i\000z\000a\000t\000i\000o\000n}{section.7}% 76
\BOOKMARK [2][-]{subsection.7.2}{\376\377\000A\000\040\000N\000e\000w\000\040\000I\000n\000t\000e\000r\000p\000r\000e\000t\000a\000t\000i\000o\000n\000\040\000o\000f\000\040\000N\000e\000w\000t\000o\000n\040\031\000s\000\040\000M\000e\000t\000h\000o\000d}{section.7}% 77
\BOOKMARK [2][-]{subsection.7.3}{\376\377\000C\000o\000n\000v\000e\000r\000g\000e\000n\000c\000e\000\040\000o\000f\000\040\000N\000e\000w\000t\000o\000n\000'\000s\000\040\000M\000e\000t\000h\000o\000d}{section.7}% 78
\BOOKMARK [2][-]{subsection.7.4}{\376\377\000N\000o\000t\000e\000:\000\040\000C\000o\000n\000s\000\040\000a\000n\000d\000\040\000P\000r\000o\000s}{section.7}% 79
\BOOKMARK [2][-]{subsection.7.5}{\376\377\000M\000o\000d\000i\000f\000i\000c\000a\000t\000i\000o\000n\000s\000\040\000t\000o\000\040\000e\000n\000s\000u\000r\000e\000\040\000g\000l\000o\000b\000a\000l\000\040\000c\000o\000n\000v\000e\000r\000g\000e\000n\000c\000e}{section.7}% 80
\BOOKMARK [2][-]{subsection.7.6}{\376\377\000Q\000u\000a\000s\000i\000-\000N\000e\000w\000t\000o\000n\000\040\000M\000e\000t\000h\000o\000d\000s}{section.7}% 81
\BOOKMARK [3][-]{subsubsection.7.6.1}{\376\377\000B\000F\000G\000S\000\040\000M\000e\000t\000h\000o\000d}{subsection.7.6}% 82
\BOOKMARK [2][-]{subsection.7.7}{\376\377\000T\000r\000u\000s\000t\000-\000R\000e\000g\000i\000o\000n\000\040\000M\000e\000t\000h\000o\000d}{section.7}% 83
\BOOKMARK [2][-]{subsection.7.8}{\376\377\000C\000u\000b\000i\000c\000\040\000R\000e\000g\000u\000l\000a\000r\000i\000z\000a\000t\000i\000o\000n}{section.7}% 84
\BOOKMARK [1][-]{section.8}{\376\377\000N\000e\000u\000r\000a\000l\000\040\000N\000e\000t\000w\000o\000r\000k\000s}{}% 85
\BOOKMARK [2][-]{subsection.8.1}{\376\377\000B\000a\000s\000i\000c\000s}{section.8}% 86
\BOOKMARK [2][-]{subsection.8.2}{\376\377\000M\000u\000l\000t\000i\000l\000a\000y\000e\000r\000\040\000N\000e\000u\000r\000a\000l\000\040\000N\000e\000t\000w\000o\000r\000k}{section.8}% 87
\BOOKMARK [2][-]{subsection.8.3}{\376\377\000A\000\040\000S\000i\000m\000p\000l\000e\000\040\000E\000x\000a\000m\000p\000l\000e\000\040\000o\000f\000\040\000B\000a\000c\000k\000\040\000P\000r\000o\000p\000a\000g\000a\000t\000i\000o\000n\000\040\000A\000l\000g\000o\000r\000i\000t\000h\000m}{section.8}% 88
\BOOKMARK [2][-]{subsection.8.4}{\376\377\000B\000a\000c\000k\000\040\000P\000r\000o\000p\000a\000g\000a\000t\000i\000o\000n\000\040\000A\000l\000g\000o\000r\000i\000t\000h\000m}{section.8}% 89
\BOOKMARK [2][-]{subsection.8.5}{\376\377\000O\000t\000h\000e\000r\000\040\000M\000e\000t\000h\000o\000d\000s}{section.8}% 90
\BOOKMARK [1][-]{section.9}{\376\377\000C\000o\000n\000s\000t\000r\000a\000i\000n\000e\000d\000\040\000O\000p\000t\000i\000m\000i\000z\000a\000t\000i\000o\000n\000\040\000a\000n\000d\000\040\000G\000r\000a\000d\000i\000e\000n\000t\000\040\000P\000r\000o\000j\000e\000c\000t\000i\000o\000n}{}% 91
\BOOKMARK [2][-]{subsection.9.1}{\376\377\000C\000o\000n\000s\000t\000r\000a\000i\000n\000e\000d\000\040\000O\000p\000t\000i\000m\000i\000z\000a\000t\000i\000o\000n\000:\000\040\000B\000a\000s\000i\000c}{section.9}% 92
\BOOKMARK [3][-]{subsubsection.9.1.1}{\376\377\000D\000e\000f\000:\000\040\000O\000p\000t\000i\000m\000a\000l\000i\000t\000y}{subsection.9.1}% 93
\BOOKMARK [3][-]{subsubsection.9.1.2}{\376\377\000P\000r\000o\000p\000:\000\040\000l\000o\000c\000a\000l\000-\000m\000i\000n\000f\000\050\000x\000*\000\051\000T\000\050\000x\000-\000x\000*\000\051\0000\000,\000x\000\046\000\040\000\040\000g\000l\000o\000b\000a\000l\000-\000m\000i\000n\000\040\000i\000n\000\040\000c\000o\000n\000v\000e\000x\000\040}{subsection.9.1}% 94
\BOOKMARK [3][-]{subsubsection.9.1.3}{\376\377\000D\000e\000f\000:\000\040\000I\000n\000t\000e\000r\000i\000o\000r\000\040\000P\000o\000i\000n\000t}{subsection.9.1}% 95
\BOOKMARK [2][-]{subsection.9.2}{\376\377\000C\000o\000n\000s\000t\000r\000a\000i\000n\000e\000d\000\040\000O\000p\000t\000i\000m\000i\000z\000a\000t\000i\000o\000n\000\040\000E\000x\000a\000m\000p\000l\000e}{section.9}% 96
\BOOKMARK [2][-]{subsection.9.3}{\376\377\000P\000r\000o\000j\000e\000c\000t\000i\000o\000n\000\040\000o\000n\000t\000o\000\040\000C\000l\000o\000s\000e\000d\000\040\000C\000o\000n\000v\000e\000x\000\040\000S\000e\000t}{section.9}% 97
\BOOKMARK [3][-]{subsubsection.9.3.1}{\376\377\000D\000e\000f\000:\000\040\000P\000r\000o\000j\000e\000c\000t\000i\000o\000n\000\040\000[\000z\000]\000\046}{subsection.9.3}% 98
\BOOKMARK [3][-]{subsubsection.9.3.2}{\376\377\000P\000r\000o\000p\000:\000\040\000u\000n\000i\000q\000u\000e\000\040\000p\000r\000o\000j\000e\000c\000t\000i\000o\000n\000\040\000[\000z\000]\000\046\000\040\000o\000n\000\040\000c\000l\000o\000s\000e\000d\000\040\000c\000o\000n\000v\000e\000x\000\040\000s\000u\000b\000s\000e\000t\000\040\000o\000f\000\040\000R\000n}{subsection.9.3}% 99
\BOOKMARK [3][-]{subsubsection.9.3.3}{\376\377\000P\000r\000o\000j\000e\000c\000t\000i\000o\000n\000\040\000T\000h\000e\000o\000r\000e\000m\000:\000\040\000x\000=\000[\000z\000]\000\046\000\040\000i\000s\000\040\000p\000r\000o\000j\000e\000c\000t\000i\000o\000n\000\040\000o\000n\000\040\000c\000l\000o\000s\000e\000d\000\040\000c\000o\000n\000e\000x\000\040\000s\000u\000b\000s\000e\000t\000\040\000o\000f\000\040\000R\000n\000\040\000\050\000z\000-\000x\000\051\000T\000\050\000y\000-\000x\000\051\0000\000,\000\040\000y\000\046}{subsection.9.3}% 100
\BOOKMARK [3][-]{subsubsection.9.3.4}{\376\377\000P\000r\000o\000p\000:\000\040\000P\000r\000o\000j\000e\000c\000t\000i\000o\000n\000\040\000i\000s\000\040\000n\000o\000n\000-\000e\000x\000p\000a\000n\000s\000i\000v\000e\000\040\000[\000x\000]\000\046\000-\000[\000z\000]\000\046\000x\000-\000z\000,\000x\000,\000z\000R\000n}{subsection.9.3}% 101
\BOOKMARK [2][-]{subsection.9.4}{\376\377\000P\000r\000o\000j\000e\000c\000t\000i\000o\000n\000\040\000o\000n\000\040\000\050\000L\000i\000n\000e\000a\000r\000\051\000\040\000S\000u\000b\000s\000p\000a\000c\000e\000s\000\040\000o\000f\000\040\000R\000n}{section.9}% 102
\BOOKMARK [3][-]{subsubsection.9.4.1}{\376\377\000O\000r\000t\000h\000o\000g\000o\000n\000a\000l\000i\000t\000y\000\040\000P\000r\000i\000n\000c\000i\000p\000l\000e\000\040\000i\000n\000\040\000s\000u\000b\000s\000p\000a\000c\000e\000s\000\040\000o\000f\000\040\000R\000n\000:\000\040\000\050\000z\000-\000y\000*\000\051\000T\000x\000=\000\040\0000\000,\000x\000\046}{subsection.9.4}% 103
\BOOKMARK [2][-]{subsection.9.5}{\376\377\000G\000r\000a\000d\000i\000e\000n\000t\000\040\000P\000r\000o\000j\000e\000c\000t\000i\000o\000n\000\040\000M\000e\000t\000h\000o\000d}{section.9}% 104
\BOOKMARK [3][-]{subsubsection.9.5.1}{\376\377\000D\000e\000f\000:\000\040\000f\000i\000x\000e\000d\000\040\000p\000o\000i\000n\000t\000\040\000i\000n\000\040\000f\000i\000x\000e\000d\000\040\000s\000t\000e\000p\000-\000s\000i\000z\000e\000\040\000s\000t\000e\000e\000p\000e\000s\000t\000\040\000d\000e\000s\000c\000e\000n\000t\000\040\000m\000e\000t\000h\000o\000d\000,\000\040\000=\000[\000-\000f\000\050\000\051\000]\000\046}{subsection.9.5}% 105
\BOOKMARK [3][-]{subsubsection.9.5.2}{\376\377\000P\000r\000o\000p\000:\000\040\000L\000-\000s\000m\000o\000o\000t\000h\000,\000\040\0000\000<\000<\0002\000L\000\040\000\040\000l\000i\000m\000i\000t\000\040\000p\000o\000i\000n\000t\000\040\000i\000s\000\040\000a\000\040\000f\000i\000x\000e\000d\000\040\000p\000o\000i\000n\000t\000\040\000\050\000i\000n\000\040\000f\000i\000x\000e\000d\000\040\000s\000t\000e\000p\000-\000s\000i\000z\000e\000\040\000s\000t\000e\000e\000p\000e\000s\000t\000\040\000d\000e\000s\000c\000e\000n\000t\000\040\000m\000e\000t\000h\000o\000d\000\051}{subsection.9.5}% 106
\BOOKMARK [3][-]{subsubsection.9.5.3}{\376\377\000P\000r\000o\000p\000:\000\040\000x\000\040\000i\000s\000\040\000m\000i\000n\000i\000m\000i\000z\000e\000r\000\040\000i\000n\000\040\000c\000o\000n\000v\000e\000x\000\040\000f\000u\000n\000c\000\040\000\040\000f\000i\000x\000e\000d\000\040\000p\000o\000i\000n\000t\000\040\000\050\000i\000n\000\040\000f\000i\000x\000e\000d\000\040\000s\000t\000e\000p\000-\000s\000i\000z\000e\000\040\000s\000t\000e\000e\000p\000e\000s\000t\000\040\000d\000e\000s\000c\000e\000n\000t\000\040\000m\000e\000t\000h\000o\000d\000\051}{subsection.9.5}% 107
\BOOKMARK [3][-]{subsubsection.9.5.4}{\376\377\000T\000h\000m\000:\000\040\000C\000o\000n\000v\000e\000r\000g\000e\000n\000c\000e\000\040\000o\000f\000\040\000G\000r\000a\000d\000i\000e\000n\000t\000\040\000P\000r\000o\000j\000e\000c\000t\000i\000o\000n\000:\000\040\000C\000o\000n\000v\000e\000x\000,\000\040\000L\000-\000s\000m\000o\000o\000t\000h\000,\000\040\0000\000<\000<\0002\000L\000\040\000\040\000f\000\050\000x\000k\000\051\000f\000\050\000x\000*\000\051\000\040\000a\000t\000\040\000r\000a\000t\000e\000\040\0001\000k}{subsection.9.5}% 108
\BOOKMARK [3][-]{subsubsection.9.5.5}{\376\377\000T\000h\000m\000:\000\040\000S\000t\000r\000o\000n\000g\000l\000y\000\040\000c\000o\000n\000v\000e\000x\000,\000\040\000L\000i\000p\000s\000c\000h\000i\000t\000z\000\040\000g\000r\000a\000d\000i\000e\000n\000t\000\040\000\040\000\173\000x\000k\000\175\000\040\000c\000o\000n\000v\000e\000r\000g\000e\000s\000\040\000t\000o\000\040\000x\000*\000\040\000g\000e\000o\000m\000e\000t\000r\000i\000c\000a\000l\000l\000y}{subsection.9.5}% 109
\BOOKMARK [1][-]{section.10}{\376\377\000O\000p\000t\000i\000m\000i\000z\000a\000t\000i\000o\000n\000\040\000w\000i\000t\000h\000\040\000E\000q\000u\000a\000l\000i\000t\000y\000\040\000C\000o\000n\000s\000t\000r\000a\000i\000n\000t\000s}{}% 110
\BOOKMARK [2][-]{subsection.10.1}{\376\377\000B\000a\000s\000i\000c}{section.10}% 111
\BOOKMARK [2][-]{subsection.10.2}{\376\377\000L\000a\000g\000r\000a\000n\000g\000e\000\040\000M\000u\000t\000i\000p\000l\000i\000e\000r\000\040\000T\000h\000e\000o\000r\000e\000m}{section.10}% 112
\BOOKMARK [3][-]{subsubsection.10.2.1}{\376\377\000F\000i\000r\000s\000t\000-\000o\000r\000d\000e\000r\000\040\000n\000e\000c\000e\000s\000s\000a\000r\000y\000\040\000c\000o\000n\000d\000i\000t\000i\000o\000n\000:\000\040\000,\000\040\000f\000\050\000x\000*\000\051\000+\000i\000=\0001\000m\000i\000\040\000h\000i\000\050\000x\000*\000\051\000=\0000}{subsection.10.2}% 113
\BOOKMARK [3][-]{subsubsection.10.2.2}{\376\377\000S\000e\000c\000o\000n\000d\000-\000o\000r\000d\000e\000r\000\040\000n\000e\000c\000e\000s\000s\000a\000r\000y\000\040\000c\000o\000n\000d\000i\000t\000i\000o\000n\000:\000\040\000z\000T\000\050\0002\000\040\000f\000\050\000x\000*\000\051\000+\000i\000=\0001\000m\000i\000\040\0002\000\040\000h\000i\000\050\000x\000*\000\051\000\051\000z\0000\000,\000z\000V\000\050\000x\000*\000\051}{subsection.10.2}% 114
\BOOKMARK [3][-]{subsubsection.10.2.3}{\376\377\000S\000u\000f\000f\000i\000c\000i\000e\000n\000t\000\040\000C\000o\000n\000d\000i\000t\000i\000o\000n\000:\000\040\000\040\0001\000.\000\040\000f\000\050\000x\000*\000\051\000+\000i\000=\0001\000m\000i\000\040\000h\000i\000\050\000x\000*\000\051\000=\0000\000\040\0002\000.\000\040\000z\000T\000\050\000t\000o\000.\0002\000\040\000f\000\050\000x\000*\000\051\000+\000i\000=\0001\000m\000i\000\040\0002\000\040\000h\000i\000\050\000x\000*\000\051\000\051\000t\000o\000.\000z\000>\000\040\0000\000,\000z\000V\000\050\000x\000*\000\051\000,\000z\000=\0000}{subsection.10.2}% 115
\BOOKMARK [3][-]{subsubsection.10.2.4}{\376\377\000L\000a\000g\000r\000a\000n\000g\000i\000a\000n\000\040\000F\000u\000n\000c\000t\000i\000o\000n}{subsection.10.2}% 116
\BOOKMARK [3][-]{subsubsection.10.2.5}{\376\377\000E\000x\000a\000m\000p\000l\000e}{subsection.10.2}% 117
\BOOKMARK [3][-]{subsubsection.10.2.6}{\376\377\000S\000e\000n\000s\000i\000t\000i\000v\000i\000t\000y\000\040\000A\000n\000a\000l\000y\000s\000i\000s\000\040\000f\000\050\000x\000*\000\050\000u\000\051\000\051\000=\000f\000\050\000x\000*\000\051\000-\000T\000u\000+\000O\000\050\000u\000\051}{subsection.10.2}% 118
\BOOKMARK [3][-]{subsubsection.10.2.7}{\376\377\000L\000i\000n\000e\000a\000r\000\040\000C\000o\000n\000s\000t\000r\000a\000i\000n\000t\000s}{subsection.10.2}% 119
\BOOKMARK [1][-]{section.11}{\376\377\000O\000p\000t\000i\000m\000i\000z\000a\000t\000i\000o\000n\000\040\000w\000i\000t\000h\000\040\000I\000n\000e\000q\000u\000a\000l\000i\000t\000y\000\040\000C\000o\000n\000s\000t\000r\000a\000i\000n\000t\000s}{}% 120
\BOOKMARK [2][-]{subsection.11.1}{\376\377\000B\000a\000s\000i\000c}{section.11}% 121
\BOOKMARK [3][-]{subsubsection.11.1.1}{\376\377\000A\000c\000t\000i\000v\000e\000\040\000v\000s\000.\000\040\000I\000n\000a\000c\000t\000i\000v\000e\000\040\000I\000n\000e\000q\000u\000a\000l\000i\000t\000y\000\040\000C\000o\000n\000s\000t\000r\000a\000i\000n\000t\000s}{subsection.11.1}% 122
\BOOKMARK [3][-]{subsubsection.11.1.2}{\376\377\000I\000C\000P\000\040\000\040\000E\000C\000P}{subsection.11.1}% 123
\BOOKMARK [3][-]{subsubsection.11.1.3}{\376\377\000I\000n\000t\000u\000i\000t\000i\000o\000n\000\040\000j\0000\000,\000\040\000j\000A\000\050\000x\000*\000\051}{subsection.11.1}% 124
\BOOKMARK [3][-]{subsubsection.11.1.4}{\376\377\000C\000o\000m\000p\000l\000e\000m\000e\000n\000t\000a\000r\000y\000\040\000S\000l\000a\000c\000k\000n\000e\000s\000s}{subsection.11.1}% 125
\BOOKMARK [2][-]{subsection.11.2}{\376\377\000K\000a\000r\000u\000s\000h\040\023\000K\000u\000h\000n\040\023\000T\000u\000c\000k\000e\000r\000\040\000\050\000K\000K\000T\000\051\000\040\000N\000e\000c\000e\000s\000s\000a\000r\000y\000\040\000C\000o\000n\000d\000i\000t\000i\000o\000n\000s}{section.11}% 126
\BOOKMARK [2][-]{subsection.11.3}{\376\377\000K\000a\000r\000u\000s\000h\040\023\000K\000u\000h\000n\040\023\000T\000u\000c\000k\000e\000r\000\040\000\050\000K\000K\000T\000\051\000\040\000S\000u\000f\000f\000i\000c\000i\000e\000n\000t\000\040\000C\000o\000n\000d\000i\000t\000i\000o\000n\000s}{section.11}% 127
\BOOKMARK [2][-]{subsection.11.4}{\376\377\000G\000e\000n\000e\000r\000a\000l\000\040\000S\000u\000f\000f\000i\000c\000i\000e\000n\000c\000y\000\040\000C\000o\000n\000d\000i\000t\000i\000o\000n}{section.11}% 128
\BOOKMARK [2][-]{subsection.11.5}{\376\377\000B\000a\000r\000r\000i\000e\000r\000\040\000M\000e\000t\000h\000o\000d}{section.11}% 129
\BOOKMARK [2][-]{subsection.11.6}{\376\377\000A\000n\000\040\000E\000x\000m\000a\000p\000l\000e\000\040\000U\000s\000i\000n\000g\000\040\000K\000K\000T\000\040\000o\000r\000\040\000B\000a\000r\000r\000i\000e\000r}{section.11}% 130
\BOOKMARK [3][-]{subsubsection.11.6.1}{\376\377\000S\000o\000l\000u\000t\000i\000o\000n\000\040\000u\000s\000i\000n\000g\000\040\000K\000K\000T\000\040\000c\000o\000n\000d\000i\000t\000i\000o\000n\000s}{subsection.11.6}% 131
\BOOKMARK [3][-]{subsubsection.11.6.2}{\376\377\000S\000o\000l\000u\000t\000i\000o\000n\000\040\000u\000s\000i\000n\000g\000\040\000l\000o\000g\000a\000r\000i\000t\000h\000m\000i\000c\000\040\000b\000a\000r\000r\000i\000e\000r}{subsection.11.6}% 132
\BOOKMARK [2][-]{subsection.11.7}{\376\377\000P\000e\000n\000a\000l\000t\000y\000\040\000M\000e\000t\000h\000o\000d\000\040\000\050\000F\000o\000r\000\040\000E\000C\000P\000\051}{section.11}% 133
\BOOKMARK [1][-]{section.12}{\376\377\000D\000u\000a\000l\000i\000t\000y}{}% 134
\BOOKMARK [2][-]{subsection.12.1}{\376\377\000W\000e\000a\000k\000\040\000D\000u\000a\000l\000i\000t\000y\000\040\000T\000h\000e\000o\000r\000e\000m\000:\000\040\000\050\000,\000\051\000G\000D\000\050\000,\000\051\000x\000F\000f\000\050\000x\000\051}{section.12}% 135
\BOOKMARK [2][-]{subsection.12.2}{\376\377\000S\000t\000r\000o\000n\000g\000\040\000D\000u\000a\000l\000i\000t\000y\000\040\000T\000h\000e\000o\000r\000e\000m\000:\000\040\000u\000n\000d\000e\000r\000\040\000s\000o\000m\000e\000\040\000c\000o\000n\000d\000i\000t\000i\000o\000n\000s\000,\000\040\000\050\000,\000\051\000G\000D\000\050\000,\000\051\000=\000\040\000x\000F\000f\000\050\000x\000\051}{section.12}% 136
\BOOKMARK [3][-]{subsubsection.12.2.1}{\376\377\000S\000l\000a\000t\000e\000r\000'\000s\000\040\000s\000u\000f\000f\000i\000c\000i\000e\000n\000t\000\040\000c\000o\000n\000d\000i\000t\000i\000o\000n\000\040\000f\000o\000r\000\040\000s\000t\000r\000o\000n\000g\000\040\000d\000u\000a\000l\000i\000t\000y}{subsection.12.2}% 137
\BOOKMARK [3][-]{subsubsection.12.2.2}{\376\377\000E\000x\000a\000m\000p\000l\000e}{subsection.12.2}% 138
\BOOKMARK [2][-]{subsection.12.3}{\376\377\000D\000u\000a\000l\000\040\000o\000f\000\040\000L\000i\000n\000e\000a\000r\000\040\000P\000r\000o\000g\000r\000a\000m}{section.12}% 139
\BOOKMARK [1][-]{section.13}{\376\377\000A\000u\000g\000m\000e\000n\000t\000e\000d\000\040\000L\000a\000g\000r\000a\000n\000g\000i\000a\000n\000\040\000M\000e\000t\000h\000o\000d\000\040\000\050\000a\000d\000j\000u\000s\000t\000e\000d\000\040\000p\000e\000n\000a\000l\000t\000y\000\040\000m\000e\000t\000h\000o\000d\000\051}{}% 140
\BOOKMARK [2][-]{subsection.13.1}{\376\377\000M\000o\000t\000i\000v\000a\000t\000i\000o\000n}{section.13}% 141
\BOOKMARK [2][-]{subsection.13.2}{\376\377\000A\000u\000g\000e\000m\000e\000n\000t\000e\000d\000\040\000L\000a\000g\000r\000a\000n\000g\000i\000a\000n\000\040\000M\000e\000t\000h\000o\000d}{section.13}% 142
\BOOKMARK [3][-]{subsubsection.13.2.1}{\376\377\000M\000e\000t\000h\000o\000d\000\040\000o\000f\000\040\000M\000u\000l\000t\000i\000p\000l\000i\000e\000r\000s}{subsection.13.2}% 143
\BOOKMARK [1][-]{section.14}{\376\377\000S\000u\000b\000-\000g\000r\000a\000d\000i\000e\000n\000t\000\040\000M\000e\000t\000h\000o\000d\000s}{}% 144
\BOOKMARK [2][-]{subsection.14.1}{\376\377\000S\000u\000b\000-\000g\000r\000a\000d\000i\000e\000n\000t}{section.14}% 145
\BOOKMARK [2][-]{subsection.14.2}{\376\377\000S\000u\000b\000-\000d\000i\000f\000f\000e\000r\000e\000n\000t\000i\000a\000l}{section.14}% 146
\BOOKMARK [2][-]{subsection.14.3}{\376\377\000M\000o\000r\000e\000\040\000e\000x\000a\000m\000p\000l\000e\000s}{section.14}% 147
\BOOKMARK [2][-]{subsection.14.4}{\376\377\000F\000i\000r\000s\000t\000-\000o\000r\000d\000e\000r\000\040\000n\000e\000c\000e\000s\000s\000a\000r\000y\000\040\000c\000o\000n\000d\000i\000t\000i\000o\000n\000s\000\040\000f\000o\000r\000\040\000o\000p\000t\000i\000m\000a\000l\000i\000t\000y\000\040\000i\000n\000\040\000t\000e\000r\000m\000s\000\040\000o\000f\000\040\000s\000u\000b\000g\000r\000a\000d\000i\000e\000n\000t}{section.14}% 148
\BOOKMARK [2][-]{subsection.14.5}{\376\377\000P\000r\000o\000p\000e\000r\000t\000i\000e\000s\000\040\000o\000f\000\040\000S\000u\000b\000g\000r\000a\000d\000i\000e\000n\000t\000s}{section.14}% 149
\BOOKMARK [2][-]{subsection.14.6}{\376\377\000S\000u\000b\000-\000g\000r\000a\000d\000i\000e\000n\000t\000\040\000D\000e\000s\000c\000e\000n\000t\000\040\000f\000o\000r\000\040\000U\000n\000c\000o\000n\000s\000t\000r\000a\000i\000n\000e\000d\000\040\000O\000p\000t\000i\000m\000i\000z\000a\000t\000i\000o\000n}{section.14}% 150
\BOOKMARK [2][-]{subsection.14.7}{\376\377\000\050\000R\000e\000v\000i\000s\000e\000d\000\051\000\040\000S\000u\000b\000-\000g\000r\000a\000d\000i\000e\000n\000t\000\040\000"\000d\000e\000s\000c\000e\000n\000t\000"\000\040\000w\000i\000t\000h\000\040\000d\000i\000m\000i\000n\000i\000s\000h\000i\000n\000g\000\040\000s\000t\000e\000p\000s\000i\000z\000e}{section.14}% 151
