\BOOKMARK [1][-]{section.1}{\376\377\000D\000i\000s\000t\000r\000i\000b\000u\000t\000i\000o\000n}{}% 1
\BOOKMARK [2][-]{subsection.1.1}{\376\377\000D\000i\000s\000c\000r\000e\000t\000e}{section.1}% 2
\BOOKMARK [3][-]{subsubsection.1.1.1}{\376\377\000B\000e\000r\000n\000o\000u\000l\000l\000i\000\040\000D\000i\000s\000t\000r\000i\000b\000u\000t\000i\000o\000n\000\040\040\023\000\040\000B\000e\000r\000n\000o\000u\000l\000l\000i\000\050\000\051\000:\000\040\000a\000n\000\040\000e\000v\000e\000n\000t\000\040\000h\000a\000p\000p\000e\000n\000s\000\040\000w\000i\000t\000h\000\040\000p\000r\000o\000b\000a\000b\000i\000l\000i\000t\000y\000\040}{subsection.1.1}% 3
\BOOKMARK [3][-]{subsubsection.1.1.2}{\376\377\000B\000i\000n\000o\000m\000i\000a\000l\000\040\000d\000i\000s\000t\000r\000i\000b\000u\000t\000i\000o\000n\000\040\040\023\000\040\000b\000i\000n\000\050\000n\000,\000\051\000:\000\040\000n\000\040\000i\000n\000d\000e\000p\000e\000n\000d\000e\000n\000t\000\040\000B\000e\000r\000n\000o\000u\000l\000l\000i\000\040\000d\000i\000s\000t\000r\000i\000b\000u\000t\000i\000o\000n\000s}{subsection.1.1}% 4
\BOOKMARK [3][-]{subsubsection.1.1.3}{\376\377\000M\000u\000l\000t\000i\000n\000o\000m\000i\000a\000l\000\040\000D\000i\000s\000t\000r\000i\000b\000u\000t\000i\000o\000n}{subsection.1.1}% 5
\BOOKMARK [3][-]{subsubsection.1.1.4}{\376\377\000P\000o\000i\000s\000s\000o\000n\000\040\000D\000i\000s\000t\000r\000i\000b\000u\000t\000i\000o\000n\000\040\040\023\000\040\000P\000o\000i\000s\000\050\000\051\000:\000\040\000a\000n\000\040\000e\000v\000e\000n\000t\000\040\000h\000a\000p\000p\000e\000n\000s\000\040\000k\000\040\000t\000i\000m\000e\000s\000\040\000w\000i\000t\000h\000i\000n\000\040\000u\000n\000i\000t\000\040\000t\000i\000m\000e}{subsection.1.1}% 6
\BOOKMARK [2][-]{subsection.1.2}{\376\377\000C\000o\000n\000t\000i\000n\000u\000o\000u\000s}{section.1}% 7
\BOOKMARK [3][-]{subsubsection.1.2.1}{\376\377\000E\000x\000p\000o\000n\000e\000n\000t\000i\000a\000l\000\040\000d\000i\000s\000t\000r\000i\000b\000u\000t\000i\000o\000n\000\040\000E\000x\000p\000\050\000\051\000:\000\040\000i\000n\000t\000e\000r\000v\000a\000l\000\040\000b\000e\000t\000w\000e\000e\000n\000\040\000t\000o\000\040\000i\000n\000d\000e\000p\000e\000n\000d\000e\000n\000t\000\040\000i\000d\000e\000n\000t\000i\000c\000a\000l\000\040\000e\000v\000e\000n\000t\000\040\000/\000\040\000t\000h\000e\000\040\000f\000i\000r\000s\000t\000\040\000t\000i\000m\000e\000\040\000a\000\040\000e\000v\000e\000n\000t\000\040\000h\000a\000p\000p\000e\000n\000e\000d}{subsection.1.2}% 8
\BOOKMARK [3][-]{subsubsection.1.2.2}{\376\377\000G\000a\000u\000s\000s\000i\000a\000n\000/\000N\000o\000r\000m\000a\000l\000\040\000D\000i\000s\000t\000r\000i\000b\000u\000t\000i\000o\000n}{subsection.1.2}% 9
\BOOKMARK [3][-]{subsubsection.1.2.3}{\376\377\000M\000u\000l\000t\000i\000v\000a\000r\000i\000a\000t\000e\000/\000J\000o\000i\000n\000t\000\040\000G\000a\000u\000s\000s\000i\000a\000n\000/\000N\000o\000r\000m\000a\000l\000\040\000D\000i\000s\000t\000r\000i\000b\000u\000t\000i\000o\000n\000\040\000\050\000M\000V\000N\000\051}{subsection.1.2}% 10
\BOOKMARK [2][-]{subsection.1.3}{\376\377\000P\000o\000i\000s\000s\000o\000n\000\040\000p\000r\000o\000c\000e\000s\000s\000:\000\040\000A\000\040\000s\000e\000q\000u\000e\000n\000c\000e\000\040\000o\000f\000\040\000a\000r\000r\000i\000v\000a\000l\000s\000\040\000i\000n\000\040\000c\000o\000n\000t\000i\000n\000u\000o\000u\000s\000\040\000t\000i\000m\000e\000\040\000w\000i\000t\000h\000\040\000r\000a\000t\000e\000\040}{section.1}% 11
\BOOKMARK [3][-]{subsubsection.1.3.1}{\376\377\000D\000e\000f\000i\000n\000i\000t\000i\000o\000n}{subsection.1.3}% 12
\BOOKMARK [3][-]{subsubsection.1.3.2}{\376\377\000T\000j\000:\000\040\000t\000i\000m\000e\000\040\000o\000f\000\040\000j\000t\000h\000\040\000a\000r\000r\000i\000v\000a\000l}{subsection.1.3}% 13
\BOOKMARK [3][-]{subsubsection.1.3.3}{\376\377\000T\000h\000e\000o\000r\000e\000m\000\040\000\050\000C\000o\000n\000d\000i\000t\000i\000o\000n\000a\000l\000\040\000c\000o\000u\000n\000t\000s\000\051\000:\000\040\000N\000\050\000t\0001\000\051\000|\000N\000\050\000t\0002\000\051\000=\000n\000B\000i\000n\000\050\000n\000,\000t\0001\000t\0002\000\051}{subsection.1.3}% 14
\BOOKMARK [1][-]{section.2}{\376\377\000B\000a\000s\000i\000s}{}% 15
\BOOKMARK [2][-]{subsection.2.1}{\376\377\000C\000o\000v\000a\000r\000i\000a\000n\000c\000e\000\040\000a\000n\000d\000\040\000V\000a\000r\000i\000a\000n\000c\000e}{section.2}% 16
\BOOKMARK [2][-]{subsection.2.2}{\376\377\000C\000o\000n\000d\000i\000t\000i\000o\000n\000a\000l\000\040\000E\000x\000p\000e\000c\000t\000a\000t\000i\000o\000n\000\040\000a\000n\000d\000\040\000V\000a\000r\000i\000a\000n\000c\000e}{section.2}% 17
\BOOKMARK [2][-]{subsection.2.3}{\376\377\000G\000a\000m\000b\000l\000e\000r\000'\000s\000\040\000R\000u\000i\000n}{section.2}% 18
\BOOKMARK [2][-]{subsection.2.4}{\376\377\000M\000o\000m\000e\000n\000t\000\040\000G\000e\000n\000e\000r\000a\000t\000i\000n\000g\000\040\000F\000u\000n\000c\000t\000i\000o\000n\000\040\000\050\000M\000G\000F\000\051}{section.2}% 19
\BOOKMARK [2][-]{subsection.2.5}{\376\377\000I\000n\000e\000q\000u\000a\000l\000i\000t\000y}{section.2}% 20
\BOOKMARK [3][-]{subsubsection.2.5.1}{\376\377\000C\000a\000u\000c\000h\000y\000-\000S\000c\000h\000w\000a\000r\000z\000\040\000i\000n\000e\000q\000u\000a\000l\000i\000t\000y\000:\000\040\000|\000E\000X\000Y\000|\000E\000X\0002\000E\000Y\0002}{subsection.2.5}% 21
\BOOKMARK [3][-]{subsubsection.2.5.2}{\376\377\000J\000e\000n\000s\000e\000n\000'\000s\000\040\000I\000n\000e\000q\000u\000a\000l\000i\000t\000y\000:\000\040\000c\000o\000n\000v\000e\000x\000\040\000g\000\040\000\040\000E\000\050\000g\000\050\000X\000\051\000\051\000g\000\050\000E\000\050\000X\000\051\000\051}{subsection.2.5}% 22
\BOOKMARK [3][-]{subsubsection.2.5.3}{\376\377\000M\000a\000r\000k\000o\000v\000'\000s\000\040\000I\000n\000e\000q\000u\000a\000l\000i\000t\000y\000:\000\040\000P\000\050\000|\000X\000|\000a\000\051\000E\000|\000X\000|\000a}{subsection.2.5}% 23
\BOOKMARK [3][-]{subsubsection.2.5.4}{\376\377\000C\000h\000e\000b\000y\000c\000h\000e\000v\000'\000s\000\040\000i\000n\000e\000q\000u\000a\000l\000i\000t\000y\000:\000\040\000P\000\050\000|\000X\000-\000|\000a\000\051\0002\000a\0002}{subsection.2.5}% 24
\BOOKMARK [3][-]{subsubsection.2.5.5}{\376\377\000C\000h\000e\000r\000n\000o\000f\000f\000\040\000I\000n\000e\000q\000u\000a\000l\000i\000t\000y\000:\000\040\000P\000\050\000X\000a\000\051\000E\000e\000t\000X\000e\000t\000a}{subsection.2.5}% 25
\BOOKMARK [2][-]{subsection.2.6}{\376\377\000L\000a\000w\000\040\000o\000f\000\040\000L\000a\000r\000g\000e\000\040\000N\000u\000m\000b\000e\000r\000s\000\040\000\050\000L\000L\000N\000\051}{section.2}% 26
\BOOKMARK [3][-]{subsubsection.2.6.1}{\376\377\000W\000e\000a\000k\000\040\000L\000a\000w\000\040\000o\000f\000\040\000L\000a\000r\000g\000e\000\040\000N\000u\000m\000b\000e\000r\000s\000\040\000\050\000w\000L\000L\000N\000\051}{subsection.2.6}% 27
\BOOKMARK [3][-]{subsubsection.2.6.2}{\376\377\000S\000t\000r\000o\000n\000g\000\040\000L\000a\000w\000\040\000o\000f\000\040\000L\000a\000r\000g\000e\000\040\000N\000u\000m\000b\000e\000r\000s\000\040\000\050\000s\000L\000L\000N\000\051}{subsection.2.6}% 28
\BOOKMARK [3][-]{subsubsection.2.6.3}{\376\377\000D\000i\000f\000f\000e\000r\000e\000n\000c\000e\000s\000\040\000b\000e\000t\000w\000e\000e\000n\000\040\000c\000o\000n\000v\000e\000r\000g\000e\000n\000c\000e\000\040\000i\000n\000\040\000p\000r\000o\000b\000a\000b\000i\000l\000i\000t\000y\000\040\000\050\000w\000L\000L\000N\000\051\000\040\000a\000n\000d\000\040\000w\000p\0001\000\050\000a\000.\000s\000.\000\051\000\040\000\050\000s\000L\000L\000N\000\051}{subsection.2.6}% 29
\BOOKMARK [2][-]{subsection.2.7}{\376\377\000C\000e\000n\000t\000r\000a\000l\000\040\000L\000i\000m\000i\000t\000\040\000T\000h\000e\000o\000r\000e\000m\000\040\000\050\000C\000L\000T\000\051}{section.2}% 30
\BOOKMARK [1][-]{section.3}{\376\377\000M\000a\000r\000k\000o\000v\000\040\000C\000h\000a\000i\000n}{}% 31
\BOOKMARK [2][-]{subsection.3.1}{\376\377\000D\000e\000f\000i\000n\000i\000t\000i\000o\000n}{section.3}% 32
\BOOKMARK [2][-]{subsection.3.2}{\376\377\000M\000a\000t\000r\000i\000x\000\040\000C\000o\000m\000p\000u\000t\000a\000t\000i\000o\000n\000s}{section.3}% 33
\BOOKMARK [3][-]{subsubsection.3.2.1}{\376\377\000C\000h\000a\000p\000m\000a\000n\000\040\000K\000o\000l\000m\000o\000g\000o\000r\000o\000v\000\040\000E\000q\000u\000a\000t\000i\000o\000n\000s\000\040\000\050\000C\000-\000K\000\040\000E\000q\000u\000a\000t\000i\000o\000n\000s\000\051\000\040\000P\000\050\000X\000n\000+\000m\000=\000j\000|\000X\0000\000=\000i\000\051\000=\000\050\000P\000m\000+\000n\000\051\000i\000j\000=\000k\000S\000\050\000P\000m\000\051\000i\000k\000\050\000P\000n\000\051\000k\000j}{subsection.3.2}% 34
\BOOKMARK [3][-]{subsubsection.3.2.2}{\376\377\000M\000a\000r\000g\000i\000n\000a\000l\000\040\000D\000i\000s\000t\000r\000i\000b\000u\000t\000i\000o\000n\000\040\000P\000\050\000X\000n\000=\000j\000\051\000=\000\050\000P\000n\000\051\000j}{subsection.3.2}% 35
\BOOKMARK [2][-]{subsection.3.3}{\376\377\000S\000t\000a\000t\000e\000s\000,\000\040\000C\000l\000a\000s\000s}{section.3}% 36
\BOOKMARK [3][-]{subsubsection.3.3.1}{\376\377\000I\000r\000r\000e\000d\000u\000c\000i\000b\000l\000e\000,\000\040\000R\000e\000d\000u\000c\000i\000b\000l\000e}{subsection.3.3}% 37
\BOOKMARK [3][-]{subsubsection.3.3.2}{\376\377\000R\000e\000c\000u\000r\000r\000e\000n\000t\000,\000\040\000T\000r\000a\000n\000s\000i\000e\000n\000t}{subsection.3.3}% 38
\BOOKMARK [2][-]{subsection.3.4}{\376\377\000P\000e\000r\000i\000o\000d\000i\000c\000i\000t\000y}{section.3}% 39
\BOOKMARK [3][-]{subsubsection.3.4.1}{\376\377\000L\000e\000m\000m\000a\000:\000\040\000a\000l\000l\000\040\000s\000t\000a\000t\000e\000s\000\040\000i\000n\000\040\000a\000n\000\040\000i\000r\000r\000e\000d\000u\000c\000i\000b\000l\000e\000\040\000M\000C\000\040\000h\000a\000v\000e\000\040\000t\000h\000e\000\040\000s\000a\000m\000e\000\040\000p\000e\000r\000i\000o\000d}{subsection.3.4}% 40
\BOOKMARK [3][-]{subsubsection.3.4.2}{\376\377\000P\000e\000r\000i\000o\000d\000i\000c\000,\000\040\000A\000p\000e\000r\000i\000o\000d\000i\000c}{subsection.3.4}% 41
\BOOKMARK [2][-]{subsection.3.5}{\376\377\000R\000e\000g\000u\000l\000a\000r\000\040\000M\000a\000t\000r\000i\000x}{section.3}% 42
\BOOKMARK [3][-]{subsubsection.3.5.1}{\376\377\000R\000e\000g\000u\000l\000a\000r\000\040\000m\000a\000t\000r\000i\000x\000:\000\040\000n\0001\000\040\000s\000.\000t\000.\000\040\000P\000n\000>\0000}{subsection.3.5}% 43
\BOOKMARK [3][-]{subsubsection.3.5.2}{\376\377\000L\000e\000m\000m\000a\000:\000\040\000F\000i\000n\000i\000t\000e\000\040\000M\000C\000\040\000i\000s\000\040\000I\000r\000r\000e\000d\000u\000c\000i\000b\000l\000e\000,\000\040\000A\000p\000e\000r\000i\000o\000d\000i\000c\000\040\000\040\000h\000a\000s\000\040\000R\000e\000g\000u\000l\000a\000r\000\040\000t\000r\000a\000n\000s\000i\000t\000i\000o\000n\000\040\000m\000a\000t\000r\000i\000x}{subsection.3.5}% 44
\BOOKMARK [2][-]{subsection.3.6}{\376\377\000L\000o\000n\000g\000\040\000R\000u\000n\000\040\000B\000e\000h\000a\000v\000i\000o\000r\000\040\000o\000f\000\040\000F\000i\000n\000i\000t\000e\000\040\000M\000a\000r\000k\000o\000v\000\040\000C\000h\000a\000i\000n\000s}{section.3}% 45
\BOOKMARK [3][-]{subsubsection.3.6.1}{\376\377\000L\000i\000m\000i\000t\000i\000n\000g\000\040\000D\000i\000s\000t\000r\000i\000b\000u\000t\000i\000o\000n}{subsection.3.6}% 46
\BOOKMARK [3][-]{subsubsection.3.6.2}{\376\377\000S\000t\000a\000t\000i\000o\000n\000a\000r\000y\000\040\000D\000i\000s\000t\000r\000i\000b\000u\000t\000i\000o\000n}{subsection.3.6}% 47
\BOOKMARK [3][-]{subsubsection.3.6.3}{\376\377\000L\000i\000m\000i\000t\000i\000n\000g\000\040\000D\000i\000s\000t\000r\000i\000b\000u\000t\000i\000o\000n\000\040\000=\000\040\000E\000x\000p\000e\000c\000t\000e\000d\000\040\000P\000r\000o\000p\000o\000r\000t\000i\000o\000n\000\040\000o\000f\000\040\000t\000i\000m\000e\000\040\000i\000n\000\040\000e\000a\000c\000h\000\040\000s\000t\000a\000t\000e}{subsection.3.6}% 48
\BOOKMARK [3][-]{subsubsection.3.6.4}{\376\377\000F\000u\000n\000d\000a\000m\000e\000n\000t\000a\000l\000\040\000T\000h\000e\000o\000r\000e\000m\000\040\000f\000o\000r\000\040\000I\000r\000r\000e\000d\000u\000c\000i\000b\000l\000e\000,\000\040\000A\000p\000e\000r\000i\000o\000d\000i\000c\000,\000\040\000F\000i\000n\000i\000t\000e\000\040\000M\000C\000\040\000\050\000R\000e\000g\000u\000l\000a\000r\000\040\000t\000r\000a\000n\000s\000i\000t\000i\000o\000n\000\040\000m\000a\000t\000r\000i\000x\000\051\000\040\000\040\000\040\000u\000n\000i\000q\000u\000e\000\040\000l\000i\000m\000i\000t\000i\000n\000g\000\040\000d\000i\000s\000t\000r\000i\000b\000u\000t\000i\000o\000n\000\040\000\040\000a\000n\000d\000\040\000j\000>\0000\000,\000j}{subsection.3.6}% 49
\BOOKMARK [3][-]{subsubsection.3.6.5}{\376\377\000L\000o\000n\000g\000\040\000r\000u\000n\000\040\000b\000e\000h\000a\000v\000i\000o\000r\000\040\000f\000o\000r\000\040\000r\000e\000d\000u\000c\000i\000b\000l\000e\000\040\000a\000n\000d\000/\000o\000r\000\040\000p\000e\000r\000i\000o\000d\000i\000c\000\040\000c\000h\000a\000i\000n\000s}{subsection.3.6}% 50
\BOOKMARK [3][-]{subsubsection.3.6.6}{\376\377\000F\000u\000n\000d\000a\000m\000e\000n\000t\000a\000l\000\040\000T\000h\000e\000o\000r\000e\000m\000\040\000f\000o\000r\000\040\000I\000r\000r\000e\000d\000u\000c\000i\000b\000l\000e\000,\000\040\000F\000i\000n\000i\000t\000e\000\040\000M\000C\000:\000\040\000e\000x\000p\000e\000c\000t\000e\000d\000\040\000f\000i\000r\000s\000t\000\040\000r\000e\000t\000u\000r\000n\000\040\000t\000i\000m\000e\000\040\000E\000\050\000T\000j\000|\000X\0000\000\040\000=\000\040\000j\000\051\000=\0001\000j}{subsection.3.6}% 51
\BOOKMARK [2][-]{subsection.3.7}{\376\377\000R\000e\000t\000u\000r\000n\000\040\000T\000i\000m\000e\000s\000\040\000a\000n\000d\000\040\000A\000b\000s\000o\000r\000p\000t\000i\000o\000n\000\040\000P\000r\000o\000b\000a\000b\000i\000l\000i\000t\000i\000e\000s}{section.3}% 52
\BOOKMARK [3][-]{subsubsection.3.7.1}{\376\377\000E\000x\000p\000e\000c\000t\000e\000d\000\040\000N\000u\000m\000b\000e\000r\000\040\000o\000f\000\040\000V\000i\000s\000i\000t\000s\000\040\000t\000o\000\040\000a\000\040\000T\000r\000a\000n\000s\000i\000e\000n\000t\000\040\000S\000t\000a\000t\000e\000:\000\040\000E\000\050\000Y\000i\000|\000X\0000\000\040\000=\000\040\000j\000\051\000\040\000=\000\040\000M\000j\000i\000\040\000=\000\040\000\050\000I\000-\000Q\000\051\000-\0001\000j\000i}{subsection.3.7}% 53
\BOOKMARK [3][-]{subsubsection.3.7.2}{\376\377\000E\000x\000p\000e\000c\000t\000e\000d\000\040\000T\000i\000m\000e\000\040\000t\000i\000l\000l\000\040\000A\000b\000s\000o\000r\000p\000t\000i\000o\000n\000\040\000t\000o\000\040\000a\000\040\000R\000e\000c\000u\000r\000r\000e\000n\000t\000\040\000C\000l\000a\000s\000s\000:\000\040\000E\000\050\000T\000a\000b\000s\000|\000X\0000\000=\000j\000\051\000=\000i\000T\0001\000T\0002\000\@let@token \000T\000s\000\040\000M\000j\000i}{subsection.3.7}% 54
\BOOKMARK [3][-]{subsubsection.3.7.3}{\376\377\000E\000x\000p\000e\000c\000t\000e\000d\000\040\000f\000i\000r\000s\000t\000\040\000r\000e\000t\000u\000r\000n\000\040\000t\000i\000m\000e\000\040\000\050\000d\000i\000f\000f\000e\000r\000e\000n\000t\000\040\000i\000n\000i\000t\000i\000a\000l\000\040\000s\000t\000a\000t\000e\000\051\000\040\000=\000\040\000T\000i\000m\000e\000\040\000t\000i\000l\000l\000\040\000A\000b\000s\000o\000r\000p\000t\000i\000o\000n}{subsection.3.7}% 55
\BOOKMARK [3][-]{subsubsection.3.7.4}{\376\377\000P\000r\000o\000b\000a\000b\000i\000l\000i\000t\000y\000\040\000o\000f\000\040\000E\000v\000e\000n\000t\000u\000a\000l\000l\000y\000\040\000E\000n\000t\000e\000r\000i\000n\000g\000\040\000a\000\040\000G\000i\000v\000e\000n\000\040\000R\000e\000c\000u\000r\000r\000e\000n\000t\000\040\000C\000l\000a\000s\000s\000:\000\040\000A\000=\000\050\000I\000-\000Q\000\051\000-\0001\000S\000=\000M\000S}{subsection.3.7}% 56
\BOOKMARK [2][-]{subsection.3.8}{\376\377\000E\000x\000a\000m\000p\000l\000e\000s\000\040\000o\000f\000\040\000F\000i\000n\000i\000t\000e\000\040\000M\000C}{section.3}% 57
\BOOKMARK [3][-]{subsubsection.3.8.1}{\376\377\000G\000a\000m\000b\000l\000e\000r\000'\000s\000\040\000R\000u\000i\000n}{subsection.3.8}% 58
\BOOKMARK [3][-]{subsubsection.3.8.2}{\376\377\000S\000i\000m\000p\000l\000e\000\040\000R\000a\000n\000d\000o\000m\000\040\000W\000a\000l\000k\000\040\000\050\000S\000R\000W\000\051\000\040\000o\000n\000\040\000U\000n\000d\000i\000r\000e\000c\000t\000e\000d\000\040\000G\000r\000a\000p\000h}{subsection.3.8}% 59
\BOOKMARK [1][-]{section.4}{\376\377\000\040\000C\000o\000u\000n\000t\000a\000b\000l\000y\000\040\000i\000n\000f\000i\000n\000i\000t\000e\000\040\000M\000C}{}% 60
\BOOKMARK [2][-]{subsection.4.1}{\376\377\000R\000e\000c\000u\000r\000r\000e\000n\000c\000e\000\040\000a\000n\000d\000\040\000T\000r\000a\000n\000s\000i\000e\000n\000c\000e}{section.4}% 61
\BOOKMARK [3][-]{subsubsection.4.1.1}{\376\377\000R\000e\000c\000u\000r\000r\000e\000n\000t\000\040\000o\000r\000\040\000T\000r\000a\000n\000s\000i\000e\000n\000t\000\040\000S\000t\000a\000t\000e}{subsection.4.1}% 62
\BOOKMARK [3][-]{subsubsection.4.1.2}{\376\377\000R\000e\000c\000u\000r\000r\000e\000n\000t\000\040\000o\000r\000\040\000T\000r\000a\000n\000s\000i\000e\000n\000t\000\040\000C\000l\000a\000s\000s}{subsection.4.1}% 63
\BOOKMARK [3][-]{subsubsection.4.1.3}{\376\377\000L\000e\000m\000m\000a\000:\000\040\000T\000r\000a\000n\000s\000i\000e\000n\000t\000\040\000C\000l\000a\000s\000s\000\040\000\040\000n\000=\0000\000P\000i\000,\000i\000n\000<}{subsection.4.1}% 64
\BOOKMARK [3][-]{subsubsection.4.1.4}{\376\377\000R\000e\000c\000u\000r\000r\000e\000n\000c\000e\000/\000T\000r\000a\000n\000s\000i\000e\000n\000c\000e\000\040\000o\000f\000\040\000S\000i\000m\000p\000l\000e\000\040\000R\000a\000n\000d\000o\000m\000\040\000W\000a\000l\000k\000\040\000o\000n\000\040\000L\000a\000t\000t\000i\000c\000e}{subsection.4.1}% 65
\BOOKMARK [3][-]{subsubsection.4.1.5}{\376\377\000N\000u\000l\000l\000\040\000a\000n\000d\000\040\000P\000o\000s\000i\000t\000i\000v\000e\000\040\000R\000e\000c\000u\000r\000r\000e\000n\000c\000e}{subsection.4.1}% 66
\BOOKMARK [3][-]{subsubsection.4.1.6}{\376\377\000S\000t\000a\000t\000i\000o\000n\000a\000r\000y\000\040\000D\000i\000s\000t\000r\000i\000b\000u\000t\000i\000o\000n\000\040\000a\000n\000d\000\040\000L\000i\000m\000i\000t\000i\000n\000g\000\040\000D\000i\000s\000t\000r\000i\000b\000u\000t\000i\000o\000n}{subsection.4.1}% 67
\BOOKMARK [2][-]{subsection.4.2}{\376\377\000D\000i\000f\000f\000e\000r\000e\000n\000c\000e\000s\000\040\000b\000e\000t\000w\000e\000e\000n\000\040\000F\000i\000n\000i\000t\000e\000\040\000a\000n\000d\000\040\000\050\000C\000o\000u\000n\000t\000a\000b\000l\000y\000\051\000\040\000I\000n\000f\000i\000n\000i\000t\000e\000\040\000M\000a\000r\000k\000o\000v\000\040\000C\000h\000a\000i\000n\000s}{section.4}% 68
\BOOKMARK [1][-]{section.5}{\376\377\000B\000r\000a\000n\000c\000h\000i\000n\000g\000\040\000P\000r\000o\000c\000e\000s\000s}{}% 69
\BOOKMARK [2][-]{subsection.5.1}{\376\377\000E\000x\000t\000i\000n\000c\000t\000i\000o\000n\000\040\000P\000r\000o\000b\000a\000b\000i\000l\000i\000t\000y\000\040\000i\000n\000\040\000a\000\040\000B\000r\000a\000n\000c\000h\000i\000n\000g\000\040\000P\000r\000o\000c\000e\000s\000s}{section.5}% 70
\BOOKMARK [3][-]{subsubsection.5.1.1}{\376\377\000E\000x\000p\000e\000c\000t\000a\000t\000i\000o\000n\000\040\000E\000X\000n\000=\000n\000\040\000E\000X\0000}{subsection.5.1}% 71
\BOOKMARK [3][-]{subsubsection.5.1.2}{\376\377\000L\000e\000m\000m\000a\000:\000\040\000<\0001\000\040\000\040\000P\000\050\000e\000x\000t\000i\000n\000c\000t\000i\000o\000n\000\051\000=\0001}{subsection.5.1}% 72
\BOOKMARK [3][-]{subsubsection.5.1.3}{\376\377\000V\000a\000r\000i\000a\000n\000c\000e\000:\000\040\000V\000a\000r\000\040\000X\000n\000=\000\173\000\040\000n\0002\000,\000=\0001\000\040\0002\000n\000-\0001\000n\000-\0001\000-\0001\000,\000=\0001\000\040\000.}{subsection.5.1}% 73
\BOOKMARK [3][-]{subsubsection.5.1.4}{\376\377\000E\000x\000t\000i\000n\000c\000t\000i\000o\000n\000\040\000p\000r\000o\000b\000a\000b\000i\000l\000i\000t\000y\000\040\000=\0001\000\040\000i\000f\000\040\0001\000;\000\040\000<\0001\000\040\000i\000f\000\040\000>\0001}{subsection.5.1}% 74
\BOOKMARK [3][-]{subsubsection.5.1.5}{\376\377\000G\000n\000\050\000s\000\051\000=\000G\000n\000-\0001\000\050\000\050\000s\000\051\000\051\000=\000\050\000\050\000\050\000\@let@token \000\050\000s\000\051\000\@let@token \000\051\000\051\000\051\000=\000\050\000G\000n\000-\0001\000\050\000s\000\051\000\051}{subsection.5.1}% 75
\BOOKMARK [1][-]{section.6}{\376\377\000T\000i\000m\000e\000\040\000R\000e\000v\000e\000r\000s\000i\000b\000l\000e\000\040\000M\000a\000r\000k\000o\000v\000\040\000C\000h\000a\000i\000n\000s}{}% 76
\BOOKMARK [2][-]{subsection.6.1}{\376\377\000D\000e\000f\000i\000n\000i\000t\000i\000o\000n\000:\000\040\000L\000o\000c\000a\000l\000\040\000B\000a\000l\000a\000n\000c\000e\000\040\000\050\000i\000\051\000P\000\050\000i\000,\000j\000\051\000=\000\050\000j\000\051\000P\000\050\000j\000,\000i\000\051\000,\000i\000,\000j\000S}{section.6}% 77
\BOOKMARK [2][-]{subsection.6.2}{\376\377\000D\000i\000s\000c\000u\000s\000s\000i\000o\000n\000\040\000a\000b\000o\000u\000t\000\040\000L\000o\000c\000a\000l\000\040\000B\000a\000l\000a\000n\000c\000e}{section.6}% 78
\BOOKMARK [3][-]{subsubsection.6.2.1}{\376\377\000F\000l\000o\000w\000:\000\040\000F\000l\000o\000w\000\050\000A\000,\000B\000\051\000=\000i\000A\000j\000B\000\050\000i\000\051\000P\000i\000j}{subsection.6.2}% 79
\BOOKMARK [3][-]{subsubsection.6.2.2}{\376\377\000L\000e\000m\000m\000a\000:\000\040\000F\000l\000o\000w\000\050\000A\000,\000A\000c\000\051\000=\000F\000l\000o\000w\000\050\000A\000c\000,\000A\000\051\000\040\000f\000o\000r\000\040\000a\000n\000y\000\040\000s\000u\000b\000s\000e\000t\000\040\000A\000S}{subsection.6.2}% 80
\BOOKMARK [3][-]{subsubsection.6.2.3}{\376\377\000L\000e\000m\000m\000a\000:\000\040\000L\000o\000c\000a\000l\000\040\000b\000a\000l\000a\000n\000c\000e\000\040\000\040\000\040\000i\000s\000\040\000s\000t\000a\000t\000i\000o\000n\000a\000r\000y}{subsection.6.2}% 81
\BOOKMARK [3][-]{subsubsection.6.2.4}{\376\377\000L\000e\000m\000m\000a\000:\000\040\000A\000l\000l\000\040\000s\000t\000a\000t\000i\000o\000n\000a\000r\000y\000\040\000b\000i\000r\000t\000h\000\040\000a\000n\000d\000\040\000d\000e\000a\000t\000h\000\040\000c\000h\000a\000i\000n\000s\000\040\000a\000r\000e\000\040\000r\000e\000v\000e\000r\000s\000i\000b\000l\000e}{subsection.6.2}% 82
\BOOKMARK [2][-]{subsection.6.3}{\376\377\000E\000x\000a\000m\000p\000l\000e\000:\000\040\000R\000a\000n\000d\000o\000m\000\040\000W\000a\000l\000k\000\040\000o\000n\000\040\000a\000n\000\040\000U\000n\000d\000i\000r\000e\000c\000t\000e\000d\000\040\000G\000r\000a\000p\000h}{section.6}% 83
\BOOKMARK [1][-]{section.7}{\376\377\000M\000a\000r\000k\000o\000v\000\040\000C\000h\000a\000i\000n\000\040\000M\000o\000n\000t\000e\000\040\000C\000a\000r\000l\000o\000\040\000\050\000M\000C\000M\000C\000\051}{}% 84
\BOOKMARK [2][-]{subsection.7.1}{\376\377\000S\000t\000r\000o\000n\000g\000\040\000L\000a\000w\000\040\000o\000f\000\040\000L\000a\000r\000g\000e\000\040\000N\000u\000m\000b\000e\000r\000s\000\040\000f\000o\000r\000\040\000M\000a\000r\000k\000o\000v\000\040\000C\000h\000a\000i\000n\000s}{section.7}% 85
\BOOKMARK [2][-]{subsection.7.2}{\376\377\000E\000x\000a\000m\000p\000l\000e\000\040\000o\000f\000\040\000D\000e\000s\000i\000g\000n\000i\000n\000g\000\040\000M\000C}{section.7}% 86
\BOOKMARK [2][-]{subsection.7.3}{\376\377\000M\000e\000t\000r\000o\000p\000o\000l\000i\000s\000\040\000H\000a\000s\000t\000i\000n\000g\000s\000\040\000A\000l\000g\000o\000r\000i\000t\000h\000m}{section.7}% 87
\BOOKMARK [3][-]{subsubsection.7.3.1}{\376\377\000E\000x\000a\000m\000p\000l\000e\000\040\000o\000f\000\040\000g\000e\000n\000e\000r\000a\000t\000e\000\040\000s\000t\000a\000n\000d\000a\000r\000d\000\040\000n\000o\000r\000m\000a\000l\000\040\000d\000i\000s\000t\000r\000i\000b\000u\000t\000i\000o\000n\000\040\000w\000i\000t\000h\000\040\000u\000n\000i\000f\000o\000r\000m}{subsection.7.3}% 88
\BOOKMARK [3][-]{subsubsection.7.3.2}{\376\377\000W\000i\000t\000h\000o\000u\000t\000\040\000M\000C\000M\000C\000:\000\040\000B\000o\000x\000\040\000M\000u\000l\000l\000e\000r\000\040\000T\000r\000a\000n\000s\000f\000o\000r\000m}{subsection.7.3}% 89
\BOOKMARK [2][-]{subsection.7.4}{\376\377\000G\000i\000b\000b\000s\000\040\000S\000a\000m\000p\000l\000i\000n\000g}{section.7}% 90
\BOOKMARK [3][-]{subsubsection.7.4.1}{\376\377\000\040\000S\000y\000s\000t\000e\000m\000a\000t\000i\000c\000\040\000s\000c\000a\000n\000\040\000G\000i\000b\000b\000s\000\040\000s\000a\000m\000p\000l\000e\000r}{subsection.7.4}% 91
\BOOKMARK [3][-]{subsubsection.7.4.2}{\376\377\000\040\000R\000a\000n\000d\000o\000m\000\040\000S\000c\000a\000n\000\040\000G\000i\000b\000b\000s\000\040\000s\000a\000m\000p\000l\000e\000r}{subsection.7.4}% 92
\BOOKMARK [3][-]{subsubsection.7.4.3}{\376\377\000E\000x\000a\000m\000p\000l\000e\000:\000\040\000B\000i\000v\000a\000r\000i\000a\000t\000e\000\040\000N\000o\000r\000m\000a\000l\000\040\000D\000i\000s\000t\000r\000i\000b\000u\000t\000i\000o\000n}{subsection.7.4}% 93
