\BOOKMARK [1][-]{section.1}{\376\377\000M\000a\000r\000k\000o\000v\000\040\000C\000h\000a\000i\000n}{}% 1
\BOOKMARK [2][-]{subsection.1.1}{\376\377\000D\000e\000f\000i\000n\000i\000t\000i\000o\000n}{section.1}% 2
\BOOKMARK [2][-]{subsection.1.2}{\376\377\000M\000a\000t\000r\000i\000x\000\040\000C\000o\000m\000p\000u\000t\000a\000t\000i\000o\000n\000s}{section.1}% 3
\BOOKMARK [3][-]{subsubsection.1.2.1}{\376\377\000C\000h\000a\000p\000m\000a\000n\000\040\000K\000o\000l\000m\000o\000g\000o\000r\000o\000v\000\040\000E\000q\000u\000a\000t\000i\000o\000n\000s\000\040\000\050\000C\000-\000K\000\040\000E\000q\000u\000a\000t\000i\000o\000n\000s\000\051\000\040\000P\000\050\000X\000n\000+\000m\000=\000j\000|\000X\0000\000=\000i\000\051\000=\000\050\000P\000m\000+\000n\000\051\000i\000j\000=\000k\000S\000\050\000P\000m\000\051\000i\000k\000\050\000P\000n\000\051\000k\000j}{subsection.1.2}% 4
\BOOKMARK [3][-]{subsubsection.1.2.2}{\376\377\000M\000a\000r\000g\000i\000n\000a\000l\000\040\000D\000i\000s\000t\000r\000i\000b\000u\000t\000i\000o\000n\000\040\000P\000\050\000X\000n\000=\000j\000\051\000=\000\050\000P\000n\000\051\000j}{subsection.1.2}% 5
\BOOKMARK [2][-]{subsection.1.3}{\376\377\000S\000t\000a\000t\000e\000s\000,\000\040\000C\000l\000a\000s\000s}{section.1}% 6
\BOOKMARK [3][-]{subsubsection.1.3.1}{\376\377\000I\000r\000r\000e\000d\000u\000c\000i\000b\000l\000e\000,\000\040\000R\000e\000d\000u\000c\000i\000b\000l\000e}{subsection.1.3}% 7
\BOOKMARK [3][-]{subsubsection.1.3.2}{\376\377\000R\000e\000c\000u\000r\000r\000e\000n\000t\000,\000\040\000T\000r\000a\000n\000s\000i\000e\000n\000t}{subsection.1.3}% 8
\BOOKMARK [2][-]{subsection.1.4}{\376\377\000P\000e\000r\000i\000o\000d\000i\000c\000i\000t\000y}{section.1}% 9
\BOOKMARK [3][-]{subsubsection.1.4.1}{\376\377\000L\000e\000m\000m\000a\000:\000\040\000a\000l\000l\000\040\000s\000t\000a\000t\000e\000s\000\040\000i\000n\000\040\000a\000n\000\040\000i\000r\000r\000e\000d\000u\000c\000i\000b\000l\000e\000\040\000M\000C\000\040\000h\000a\000v\000e\000\040\000t\000h\000e\000\040\000s\000a\000m\000e\000\040\000p\000e\000r\000i\000o\000d}{subsection.1.4}% 10
\BOOKMARK [3][-]{subsubsection.1.4.2}{\376\377\000P\000e\000r\000i\000o\000d\000i\000c\000,\000\040\000A\000p\000e\000r\000i\000o\000d\000i\000c}{subsection.1.4}% 11
\BOOKMARK [2][-]{subsection.1.5}{\376\377\000R\000e\000g\000u\000l\000a\000r\000\040\000M\000a\000t\000r\000i\000x}{section.1}% 12
\BOOKMARK [3][-]{subsubsection.1.5.1}{\376\377\000R\000e\000g\000u\000l\000a\000r\000\040\000m\000a\000t\000r\000i\000x\000:\000\040\000n\0001\000\040\000s\000.\000t\000.\000\040\000P\000n\000>\0000}{subsection.1.5}% 13
\BOOKMARK [3][-]{subsubsection.1.5.2}{\376\377\000L\000e\000m\000m\000a\000:\000\040\000F\000i\000n\000i\000t\000e\000\040\000M\000C\000\040\000i\000s\000\040\000I\000r\000r\000e\000d\000u\000c\000i\000b\000l\000e\000,\000\040\000A\000p\000e\000r\000i\000o\000d\000i\000c\000\040\000\040\000h\000a\000s\000\040\000R\000e\000g\000u\000l\000a\000r\000\040\000t\000r\000a\000n\000s\000i\000t\000i\000o\000n\000\040\000m\000a\000t\000r\000i\000x}{subsection.1.5}% 14
\BOOKMARK [2][-]{subsection.1.6}{\376\377\000L\000o\000n\000g\000\040\000R\000u\000n\000\040\000B\000e\000h\000a\000v\000i\000o\000r\000\040\000o\000f\000\040\000F\000i\000n\000i\000t\000e\000\040\000M\000a\000r\000k\000o\000v\000\040\000C\000h\000a\000i\000n\000s}{section.1}% 15
\BOOKMARK [3][-]{subsubsection.1.6.1}{\376\377\000L\000i\000m\000i\000t\000i\000n\000g\000\040\000D\000i\000s\000t\000r\000i\000b\000u\000t\000i\000o\000n}{subsection.1.6}% 16
\BOOKMARK [3][-]{subsubsection.1.6.2}{\376\377\000S\000t\000a\000t\000i\000o\000n\000a\000r\000y\000\040\000D\000i\000s\000t\000r\000i\000b\000u\000t\000i\000o\000n}{subsection.1.6}% 17
\BOOKMARK [3][-]{subsubsection.1.6.3}{\376\377\000L\000i\000m\000i\000t\000i\000n\000g\000\040\000D\000i\000s\000t\000r\000i\000b\000u\000t\000i\000o\000n\000\040\000=\000\040\000E\000x\000p\000e\000c\000t\000e\000d\000\040\000P\000r\000o\000p\000o\000r\000t\000i\000o\000n\000\040\000o\000f\000\040\000t\000i\000m\000e\000\040\000i\000n\000\040\000e\000a\000c\000h\000\040\000s\000t\000a\000t\000e}{subsection.1.6}% 18
\BOOKMARK [3][-]{subsubsection.1.6.4}{\376\377\000F\000u\000n\000d\000a\000m\000e\000n\000t\000a\000l\000\040\000T\000h\000e\000o\000r\000e\000m\000\040\000f\000o\000r\000\040\000I\000r\000r\000e\000d\000u\000c\000i\000b\000l\000e\000,\000\040\000A\000p\000e\000r\000i\000o\000d\000i\000c\000,\000\040\000F\000i\000n\000i\000t\000e\000\040\000M\000C\000\040\000\050\000R\000e\000g\000u\000l\000a\000r\000\040\000t\000r\000a\000n\000s\000i\000t\000i\000o\000n\000\040\000m\000a\000t\000r\000i\000x\000\051\000\040\000\040\000\040\000u\000n\000i\000q\000u\000e\000\040\000l\000i\000m\000i\000t\000i\000n\000g\000\040\000d\000i\000s\000t\000r\000i\000b\000u\000t\000i\000o\000n\000\040\000\040\000a\000n\000d\000\040\000j\000>\0000\000,\000j}{subsection.1.6}% 19
\BOOKMARK [3][-]{subsubsection.1.6.5}{\376\377\000L\000o\000n\000g\000\040\000r\000u\000n\000\040\000b\000e\000h\000a\000v\000i\000o\000r\000\040\000f\000o\000r\000\040\000r\000e\000d\000u\000c\000i\000b\000l\000e\000\040\000a\000n\000d\000/\000o\000r\000\040\000p\000e\000r\000i\000o\000d\000i\000c\000\040\000c\000h\000a\000i\000n\000s}{subsection.1.6}% 20
\BOOKMARK [3][-]{subsubsection.1.6.6}{\376\377\000F\000u\000n\000d\000a\000m\000e\000n\000t\000a\000l\000\040\000T\000h\000e\000o\000r\000e\000m\000\040\000f\000o\000r\000\040\000I\000r\000r\000e\000d\000u\000c\000i\000b\000l\000e\000,\000\040\000F\000i\000n\000i\000t\000e\000\040\000M\000C\000:\000\040\000e\000x\000p\000e\000c\000t\000e\000d\000\040\000f\000i\000r\000s\000t\000\040\000r\000e\000t\000u\000r\000n\000\040\000t\000i\000m\000e\000\040\000E\000\050\000T\000j\000|\000X\0000\000\040\000=\000\040\000j\000\051\000=\0001\000j}{subsection.1.6}% 21
\BOOKMARK [2][-]{subsection.1.7}{\376\377\000R\000e\000t\000u\000r\000n\000\040\000T\000i\000m\000e\000s\000\040\000a\000n\000d\000\040\000A\000b\000s\000o\000r\000p\000t\000i\000o\000n\000\040\000P\000r\000o\000b\000a\000b\000i\000l\000i\000t\000i\000e\000s}{section.1}% 22
\BOOKMARK [3][-]{subsubsection.1.7.1}{\376\377\000E\000x\000p\000e\000c\000t\000e\000d\000\040\000N\000u\000m\000b\000e\000r\000\040\000o\000f\000\040\000V\000i\000s\000i\000t\000s\000\040\000t\000o\000\040\000a\000\040\000T\000r\000a\000n\000s\000i\000e\000n\000t\000\040\000S\000t\000a\000t\000e\000:\000\040\000E\000\050\000Y\000i\000|\000X\0000\000\040\000=\000\040\000j\000\051\000\040\000=\000\040\000M\000j\000i\000\040\000=\000\040\000\050\000I\000-\000Q\000\051\000-\0001\000j\000i}{subsection.1.7}% 23
\BOOKMARK [3][-]{subsubsection.1.7.2}{\376\377\000E\000x\000p\000e\000c\000t\000e\000d\000\040\000T\000i\000m\000e\000\040\000t\000i\000l\000l\000\040\000A\000b\000s\000o\000r\000p\000t\000i\000o\000n\000\040\000t\000o\000\040\000a\000\040\000R\000e\000c\000u\000r\000r\000e\000n\000t\000\040\000C\000l\000a\000s\000s\000:\000\040\000E\000\050\000T\000a\000b\000s\000|\000X\0000\000=\000j\000\051\000=\000i\000T\0001\000T\0002\000\@let@token \000T\000s\000\040\000M\000j\000i}{subsection.1.7}% 24
\BOOKMARK [3][-]{subsubsection.1.7.3}{\376\377\000E\000x\000p\000e\000c\000t\000e\000d\000\040\000f\000i\000r\000s\000t\000\040\000r\000e\000t\000u\000r\000n\000\040\000t\000i\000m\000e\000\040\000\050\000d\000i\000f\000f\000e\000r\000e\000n\000t\000\040\000i\000n\000i\000t\000i\000a\000l\000\040\000s\000t\000a\000t\000e\000\051\000\040\000=\000\040\000T\000i\000m\000e\000\040\000t\000i\000l\000l\000\040\000A\000b\000s\000o\000r\000p\000t\000i\000o\000n}{subsection.1.7}% 25
\BOOKMARK [3][-]{subsubsection.1.7.4}{\376\377\000P\000r\000o\000b\000a\000b\000i\000l\000i\000t\000y\000\040\000o\000f\000\040\000E\000v\000e\000n\000t\000u\000a\000l\000l\000y\000\040\000E\000n\000t\000e\000r\000i\000n\000g\000\040\000a\000\040\000G\000i\000v\000e\000n\000\040\000R\000e\000c\000u\000r\000r\000e\000n\000t\000\040\000C\000l\000a\000s\000s\000:\000\040\000A\000=\000\050\000I\000-\000Q\000\051\000-\0001\000S\000=\000M\000S}{subsection.1.7}% 26
\BOOKMARK [2][-]{subsection.1.8}{\376\377\000E\000x\000a\000m\000p\000l\000e\000s\000\040\000o\000f\000\040\000F\000i\000n\000i\000t\000e\000\040\000M\000C}{section.1}% 27
\BOOKMARK [3][-]{subsubsection.1.8.1}{\376\377\000G\000a\000m\000b\000l\000e\000r\000'\000s\000\040\000R\000u\000i\000n}{subsection.1.8}% 28
\BOOKMARK [3][-]{subsubsection.1.8.2}{\376\377\000S\000i\000m\000p\000l\000e\000\040\000R\000a\000n\000d\000o\000m\000\040\000W\000a\000l\000k\000\040\000\050\000S\000R\000W\000\051\000\040\000o\000n\000\040\000U\000n\000d\000i\000r\000e\000c\000t\000e\000d\000\040\000G\000r\000a\000p\000h}{subsection.1.8}% 29
\BOOKMARK [1][-]{section.2}{\376\377\000\040\000C\000o\000u\000n\000t\000a\000b\000l\000y\000\040\000i\000n\000f\000i\000n\000i\000t\000e\000\040\000M\000C}{}% 30
\BOOKMARK [2][-]{subsection.2.1}{\376\377\000R\000e\000c\000u\000r\000r\000e\000n\000c\000e\000\040\000a\000n\000d\000\040\000T\000r\000a\000n\000s\000i\000e\000n\000c\000e}{section.2}% 31
\BOOKMARK [3][-]{subsubsection.2.1.1}{\376\377\000R\000e\000c\000u\000r\000r\000e\000n\000t\000\040\000o\000r\000\040\000T\000r\000a\000n\000s\000i\000e\000n\000t\000\040\000S\000t\000a\000t\000e}{subsection.2.1}% 32
\BOOKMARK [3][-]{subsubsection.2.1.2}{\376\377\000R\000e\000c\000u\000r\000r\000e\000n\000t\000\040\000o\000r\000\040\000T\000r\000a\000n\000s\000i\000e\000n\000t\000\040\000C\000l\000a\000s\000s}{subsection.2.1}% 33
\BOOKMARK [3][-]{subsubsection.2.1.3}{\376\377\000L\000e\000m\000m\000a\000:\000\040\000T\000r\000a\000n\000s\000i\000e\000n\000t\000\040\000C\000l\000a\000s\000s\000\040\000\040\000n\000=\0000\000P\000i\000,\000i\000n\000<}{subsection.2.1}% 34
\BOOKMARK [3][-]{subsubsection.2.1.4}{\376\377\000R\000e\000c\000u\000r\000r\000e\000n\000c\000e\000/\000T\000r\000a\000n\000s\000i\000e\000n\000c\000e\000\040\000o\000f\000\040\000S\000i\000m\000p\000l\000e\000\040\000R\000a\000n\000d\000o\000m\000\040\000W\000a\000l\000k\000\040\000o\000n\000\040\000L\000a\000t\000t\000i\000c\000e}{subsection.2.1}% 35
\BOOKMARK [3][-]{subsubsection.2.1.5}{\376\377\000N\000u\000l\000l\000\040\000a\000n\000d\000\040\000P\000o\000s\000i\000t\000i\000v\000e\000\040\000R\000e\000c\000u\000r\000r\000e\000n\000c\000e}{subsection.2.1}% 36
\BOOKMARK [3][-]{subsubsection.2.1.6}{\376\377\000S\000t\000a\000t\000i\000o\000n\000a\000r\000y\000\040\000D\000i\000s\000t\000r\000i\000b\000u\000t\000i\000o\000n\000\040\000a\000n\000d\000\040\000L\000i\000m\000i\000t\000i\000n\000g\000\040\000D\000i\000s\000t\000r\000i\000b\000u\000t\000i\000o\000n}{subsection.2.1}% 37
\BOOKMARK [2][-]{subsection.2.2}{\376\377\000D\000i\000f\000f\000e\000r\000e\000n\000c\000e\000s\000\040\000b\000e\000t\000w\000e\000e\000n\000\040\000F\000i\000n\000i\000t\000e\000\040\000a\000n\000d\000\040\000\050\000C\000o\000u\000n\000t\000a\000b\000l\000y\000\051\000\040\000I\000n\000f\000i\000n\000i\000t\000e\000\040\000M\000a\000r\000k\000o\000v\000\040\000C\000h\000a\000i\000n\000s}{section.2}% 38
\BOOKMARK [1][-]{section.3}{\376\377\000B\000r\000a\000n\000c\000h\000i\000n\000g\000\040\000P\000r\000o\000c\000e\000s\000s}{}% 39
\BOOKMARK [2][-]{subsection.3.1}{\376\377\000E\000x\000t\000i\000n\000c\000t\000i\000o\000n\000\040\000P\000r\000o\000b\000a\000b\000i\000l\000i\000t\000y\000\040\000i\000n\000\040\000a\000\040\000B\000r\000a\000n\000c\000h\000i\000n\000g\000\040\000P\000r\000o\000c\000e\000s\000s}{section.3}% 40
\BOOKMARK [3][-]{subsubsection.3.1.1}{\376\377\000E\000x\000p\000e\000c\000t\000a\000t\000i\000o\000n\000\040\000E\000X\000n\000=\000n\000\040\000E\000X\0000}{subsection.3.1}% 41
\BOOKMARK [3][-]{subsubsection.3.1.2}{\376\377\000L\000e\000m\000m\000a\000:\000\040\000<\0001\000\040\000\040\000P\000\050\000e\000x\000t\000i\000n\000c\000t\000i\000o\000n\000\051\000=\0001}{subsection.3.1}% 42
\BOOKMARK [3][-]{subsubsection.3.1.3}{\376\377\000V\000a\000r\000i\000a\000n\000c\000e\000:\000\040\000V\000a\000r\000\040\000X\000n\000=\000\173\000\040\000n\0002\000,\000=\0001\000\040\0002\000n\000-\0001\000n\000-\0001\000-\0001\000,\000=\0001\000\040\000.}{subsection.3.1}% 43
\BOOKMARK [3][-]{subsubsection.3.1.4}{\376\377\000E\000x\000t\000i\000n\000c\000t\000i\000o\000n\000\040\000p\000r\000o\000b\000a\000b\000i\000l\000i\000t\000y\000\040\000=\0001\000\040\000i\000f\000\040\0001\000;\000\040\000<\0001\000\040\000i\000f\000\040\000>\0001}{subsection.3.1}% 44
\BOOKMARK [3][-]{subsubsection.3.1.5}{\376\377\000G\000n\000\050\000s\000\051\000=\000G\000n\000-\0001\000\050\000\050\000s\000\051\000\051\000=\000\050\000\050\000\050\000\@let@token \000\050\000s\000\051\000\@let@token \000\051\000\051\000\051\000=\000\050\000G\000n\000-\0001\000\050\000s\000\051\000\051}{subsection.3.1}% 45
\BOOKMARK [1][-]{section.4}{\376\377\000M\000a\000r\000k\000o\000v\000\040\000C\000h\000a\000i\000n\000\040\000M\000o\000n\000t\000e\000\040\000C\000a\000r\000l\000o\000\040\000\050\000M\000C\000M\000C\000\051}{}% 46
\BOOKMARK [2][-]{subsection.4.1}{\376\377\000S\000t\000r\000o\000n\000g\000\040\000L\000a\000w\000\040\000o\000f\000\040\000L\000a\000r\000g\000e\000\040\000N\000u\000m\000b\000e\000r\000s\000\040\000f\000o\000r\000\040\000M\000a\000r\000k\000o\000v\000\040\000C\000h\000a\000i\000n\000s}{section.4}% 47
\BOOKMARK [1][-]{section.5}{\376\377\000T\000i\000m\000e\000\040\000R\000e\000v\000e\000r\000s\000i\000b\000l\000e\000\040\000M\000a\000r\000k\000o\000v\000\040\000C\000h\000a\000i\000n\000s}{}% 48
\BOOKMARK [2][-]{subsection.5.1}{\376\377\000D\000e\000f\000i\000n\000i\000t\000i\000o\000n\000:\000\040\000L\000o\000c\000a\000l\000\040\000B\000a\000l\000a\000n\000c\000e\000\040\000\050\000i\000\051\000P\000\050\000i\000,\000j\000\051\000=\000\050\000j\000\051\000P\000\050\000j\000,\000i\000\051\000,\000i\000,\000j\000S}{section.5}% 49
\BOOKMARK [2][-]{subsection.5.2}{\376\377\000D\000i\000s\000c\000u\000s\000s\000i\000o\000n\000\040\000a\000b\000o\000u\000t\000\040\000L\000o\000c\000a\000l\000\040\000B\000a\000l\000a\000n\000c\000e}{section.5}% 50
\BOOKMARK [3][-]{subsubsection.5.2.1}{\376\377\000F\000l\000o\000w\000:\000\040\000F\000l\000o\000w\000\050\000A\000,\000B\000\051\000=\000i\000A\000j\000B\000\050\000i\000\051\000P\000i\000j}{subsection.5.2}% 51
\BOOKMARK [3][-]{subsubsection.5.2.2}{\376\377\000L\000e\000m\000m\000a\000:\000\040\000F\000l\000o\000w\000\050\000A\000,\000A\000c\000\051\000=\000F\000l\000o\000w\000\050\000A\000c\000,\000A\000\051\000\040\000f\000o\000r\000\040\000a\000n\000y\000\040\000s\000u\000b\000s\000e\000t\000\040\000A\000S}{subsection.5.2}% 52
\BOOKMARK [3][-]{subsubsection.5.2.3}{\376\377\000L\000e\000m\000m\000a\000:\000\040\000L\000o\000c\000a\000l\000\040\000b\000a\000l\000a\000n\000c\000e\000\040\000\040\000\040\000i\000s\000\040\000s\000t\000a\000t\000i\000o\000n\000a\000r\000y}{subsection.5.2}% 53
\BOOKMARK [3][-]{subsubsection.5.2.4}{\376\377\000L\000e\000m\000m\000a\000:\000\040\000A\000l\000l\000\040\000s\000t\000a\000t\000i\000o\000n\000a\000r\000y\000\040\000b\000i\000r\000t\000h\000\040\000a\000n\000d\000\040\000d\000e\000a\000t\000h\000\040\000c\000h\000a\000i\000n\000s\000\040\000a\000r\000e\000\040\000r\000e\000v\000e\000r\000s\000i\000b\000l\000e}{subsection.5.2}% 54
\BOOKMARK [2][-]{subsection.5.3}{\376\377\000E\000x\000a\000m\000p\000l\000e\000:\000\040\000R\000a\000n\000d\000o\000m\000\040\000W\000a\000l\000k\000\040\000o\000n\000\040\000a\000n\000\040\000U\000n\000d\000i\000r\000e\000c\000t\000e\000d\000\040\000G\000r\000a\000p\000h}{section.5}% 55
